<?xml version="1.0" encoding="UTF-8"?>
<coverage generated="1718756679512" clover="3.2.0">
  <project timestamp="1718756679512" name="All files">
    <metrics statements="367" coveredstatements="245" conditionals="156" coveredconditionals="88" methods="139" coveredmethods="78" elements="662" coveredelements="411" complexity="0" loc="367" ncloc="367" packages="4" files="46" classes="46"/>
    <package name="components.Overview">
      <metrics statements="105" coveredstatements="31" conditionals="48" coveredconditionals="14" methods="41" coveredmethods="15"/>
      <file name="ArrowButton.jsx" path="C:\Users\ShaoyuChen\Desktop\Hack Reactor\rfp2404-fec\client\src\components\Overview\ArrowButton.jsx">
        <metrics statements="2" coveredstatements="1" conditionals="2" coveredconditionals="0" methods="1" coveredmethods="0"/>
        <line num="3" count="1" type="stmt"/>
        <line num="4" count="0" type="stmt"/>
      </file>
      <file name="BigImage.jsx" path="C:\Users\ShaoyuChen\Desktop\Hack Reactor\rfp2404-fec\client\src\components\Overview\BigImage.jsx">
        <metrics statements="2" coveredstatements="1" conditionals="2" coveredconditionals="0" methods="1" coveredmethods="0"/>
        <line num="3" count="1" type="stmt"/>
        <line num="4" count="0" type="stmt"/>
      </file>
      <file name="ImageGallery.jsx" path="C:\Users\ShaoyuChen\Desktop\Hack Reactor\rfp2404-fec\client\src\components\Overview\ImageGallery.jsx">
        <metrics statements="18" coveredstatements="1" conditionals="12" coveredconditionals="0" methods="7" coveredmethods="0"/>
        <line num="7" count="1" type="stmt"/>
        <line num="8" count="0" type="stmt"/>
        <line num="9" count="0" type="stmt"/>
        <line num="10" count="0" type="stmt"/>
        <line num="12" count="0" type="stmt"/>
        <line num="13" count="0" type="stmt"/>
        <line num="16" count="0" type="stmt"/>
        <line num="17" count="0" type="cond" truecount="0" falsecount="4"/>
        <line num="18" count="0" type="stmt"/>
        <line num="19" count="0" type="cond" truecount="0" falsecount="4"/>
        <line num="20" count="0" type="stmt"/>
        <line num="24" count="0" type="stmt"/>
        <line num="25" count="0" type="stmt"/>
        <line num="28" count="0" type="stmt"/>
        <line num="29" count="0" type="stmt"/>
        <line num="32" count="0" type="stmt"/>
        <line num="47" count="0" type="cond" truecount="0" falsecount="2"/>
        <line num="48" count="0" type="cond" truecount="0" falsecount="2"/>
      </file>
      <file name="ProductController.js" path="C:\Users\ShaoyuChen\Desktop\Hack Reactor\rfp2404-fec\client\src\components\Overview\ProductController.js">
        <metrics statements="6" coveredstatements="1" conditionals="0" coveredconditionals="0" methods="1" coveredmethods="0"/>
        <line num="4" count="1" type="stmt"/>
        <line num="5" count="0" type="stmt"/>
        <line num="6" count="0" type="stmt"/>
        <line num="11" count="0" type="stmt"/>
        <line num="13" count="0" type="stmt"/>
        <line num="14" count="0" type="stmt"/>
      </file>
      <file name="ProductInfo.jsx" path="C:\Users\ShaoyuChen\Desktop\Hack Reactor\rfp2404-fec\client\src\components\Overview\ProductInfo.jsx">
        <metrics statements="4" coveredstatements="4" conditionals="6" coveredconditionals="6" methods="2" coveredmethods="2"/>
        <line num="4" count="1" type="stmt"/>
        <line num="15" count="2" type="stmt"/>
        <line num="17" count="2" type="stmt"/>
        <line num="37" count="2" type="stmt"/>
      </file>
      <file name="ProductListController.js" path="C:\Users\ShaoyuChen\Desktop\Hack Reactor\rfp2404-fec\client\src\components\Overview\ProductListController.js">
        <metrics statements="6" coveredstatements="1" conditionals="0" coveredconditionals="0" methods="1" coveredmethods="0"/>
        <line num="4" count="1" type="stmt"/>
        <line num="5" count="0" type="stmt"/>
        <line num="6" count="0" type="stmt"/>
        <line num="11" count="0" type="stmt"/>
        <line num="13" count="0" type="stmt"/>
        <line num="14" count="0" type="stmt"/>
      </file>
      <file name="ProductView.jsx" path="C:\Users\ShaoyuChen\Desktop\Hack Reactor\rfp2404-fec\client\src\components\Overview\ProductView.jsx">
        <metrics statements="37" coveredstatements="1" conditionals="16" coveredconditionals="0" methods="10" coveredmethods="0"/>
        <line num="11" count="1" type="stmt"/>
        <line num="12" count="0" type="stmt"/>
        <line num="13" count="0" type="stmt"/>
        <line num="14" count="0" type="stmt"/>
        <line num="15" count="0" type="stmt"/>
        <line num="16" count="0" type="stmt"/>
        <line num="17" count="0" type="stmt"/>
        <line num="18" count="0" type="stmt"/>
        <line num="20" count="0" type="stmt"/>
        <line num="21" count="0" type="stmt"/>
        <line num="23" count="0" type="stmt"/>
        <line num="24" count="0" type="cond" truecount="0" falsecount="2"/>
        <line num="25" count="0" type="stmt"/>
        <line num="26" count="0" type="stmt"/>
        <line num="27" count="0" type="stmt"/>
        <line num="29" count="0" type="stmt"/>
        <line num="30" count="0" type="stmt"/>
        <line num="31" count="0" type="stmt"/>
        <line num="34" count="0" type="stmt"/>
        <line num="37" count="0" type="stmt"/>
        <line num="38" count="0" type="cond" truecount="0" falsecount="2"/>
        <line num="39" count="0" type="stmt"/>
        <line num="43" count="0" type="stmt"/>
        <line num="44" count="0" type="stmt"/>
        <line num="45" count="0" type="stmt"/>
        <line num="46" count="0" type="stmt"/>
        <line num="50" count="0" type="stmt"/>
        <line num="51" count="0" type="stmt"/>
        <line num="54" count="0" type="stmt"/>
        <line num="55" count="0" type="stmt"/>
        <line num="56" count="0" type="stmt"/>
        <line num="57" count="0" type="cond" truecount="0" falsecount="2"/>
        <line num="58" count="0" type="stmt"/>
        <line num="62" count="0" type="stmt"/>
        <line num="63" count="0" type="stmt"/>
        <line num="66" count="0" type="stmt"/>
        <line num="83" count="0" type="cond" truecount="0" falsecount="2"/>
      </file>
      <file name="QuantitySelector.jsx" path="C:\Users\ShaoyuChen\Desktop\Hack Reactor\rfp2404-fec\client\src\components\Overview\QuantitySelector.jsx">
        <metrics statements="6" coveredstatements="6" conditionals="2" coveredconditionals="2" methods="4" coveredmethods="4"/>
        <line num="3" count="1" type="stmt"/>
        <line num="4" count="3" type="stmt"/>
        <line num="5" count="1" type="stmt"/>
        <line num="8" count="3" type="stmt"/>
        <line num="13" count="10" type="stmt"/>
        <line num="14" count="10" type="stmt"/>
      </file>
      <file name="Share.jsx" path="C:\Users\ShaoyuChen\Desktop\Hack Reactor\rfp2404-fec\client\src\components\Overview\Share.jsx">
        <metrics statements="5" coveredstatements="5" conditionals="0" coveredconditionals="0" methods="4" coveredmethods="4"/>
        <line num="3" count="1" type="stmt"/>
        <line num="4" count="5" type="stmt"/>
        <line num="5" count="1" type="stmt"/>
        <line num="6" count="1" type="stmt"/>
        <line num="7" count="1" type="stmt"/>
      </file>
      <file name="SizeSelector.jsx" path="C:\Users\ShaoyuChen\Desktop\Hack Reactor\rfp2404-fec\client\src\components\Overview\SizeSelector.jsx">
        <metrics statements="5" coveredstatements="5" conditionals="2" coveredconditionals="2" methods="3" coveredmethods="3"/>
        <line num="3" count="1" type="stmt"/>
        <line num="4" count="2" type="stmt"/>
        <line num="5" count="1" type="stmt"/>
        <line num="8" count="2" type="stmt"/>
        <line num="14" count="4" type="stmt"/>
      </file>
      <file name="StyleController.js" path="C:\Users\ShaoyuChen\Desktop\Hack Reactor\rfp2404-fec\client\src\components\Overview\StyleController.js">
        <metrics statements="6" coveredstatements="1" conditionals="0" coveredconditionals="0" methods="1" coveredmethods="0"/>
        <line num="4" count="1" type="stmt"/>
        <line num="5" count="0" type="stmt"/>
        <line num="6" count="0" type="stmt"/>
        <line num="11" count="0" type="stmt"/>
        <line num="13" count="0" type="stmt"/>
        <line num="14" count="0" type="stmt"/>
      </file>
      <file name="StyleSelector.jsx" path="C:\Users\ShaoyuChen\Desktop\Hack Reactor\rfp2404-fec\client\src\components\Overview\StyleSelector.jsx">
        <metrics statements="4" coveredstatements="3" conditionals="4" coveredconditionals="4" methods="3" coveredmethods="2"/>
        <line num="3" count="1" type="stmt"/>
        <line num="4" count="2" type="stmt"/>
        <line num="9" count="4" type="stmt"/>
        <line num="12" count="0" type="stmt"/>
      </file>
      <file name="Thumbnails.jsx" path="C:\Users\ShaoyuChen\Desktop\Hack Reactor\rfp2404-fec\client\src\components\Overview\Thumbnails.jsx">
        <metrics statements="4" coveredstatements="1" conditionals="2" coveredconditionals="0" methods="3" coveredmethods="0"/>
        <line num="3" count="1" type="stmt"/>
        <line num="4" count="0" type="stmt"/>
        <line num="7" count="0" type="stmt"/>
        <line num="10" count="0" type="stmt"/>
      </file>
    </package>
    <package name="components.QA">
      <metrics statements="144" coveredstatements="112" conditionals="52" coveredconditionals="31" methods="60" coveredmethods="37"/>
      <file name="AddPhoto.jsx" path="C:\Users\ShaoyuChen\Desktop\Hack Reactor\rfp2404-fec\client\src\components\QA\AddPhoto.jsx">
        <metrics statements="21" coveredstatements="8" conditionals="8" coveredconditionals="1" methods="10" coveredmethods="3"/>
        <line num="4" count="4" type="stmt"/>
        <line num="5" count="4" type="stmt"/>
        <line num="6" count="4" type="stmt"/>
        <line num="7" count="0" type="stmt"/>
        <line num="9" count="0" type="cond" truecount="0" falsecount="2"/>
        <line num="10" count="0" type="stmt"/>
        <line num="11" count="0" type="stmt"/>
        <line num="14" count="0" type="stmt"/>
        <line num="18" count="0" type="stmt"/>
        <line num="20" count="4" type="stmt"/>
        <line num="21" count="0" type="cond" truecount="0" falsecount="2"/>
        <line num="22" count="0" type="stmt"/>
        <line num="23" count="0" type="stmt"/>
        <line num="26" count="0" type="stmt"/>
        <line num="27" count="0" type="stmt"/>
        <line num="28" count="0" type="stmt"/>
        <line num="31" count="4" type="stmt"/>
        <line num="32" count="1" type="stmt"/>
        <line num="33" count="1" type="stmt"/>
        <line num="38" count="4" type="stmt"/>
        <line num="45" count="0" type="stmt"/>
      </file>
      <file name="AddQuestionForm.jsx" path="C:\Users\ShaoyuChen\Desktop\Hack Reactor\rfp2404-fec\client\src\components\QA\AddQuestionForm.jsx">
        <metrics statements="14" coveredstatements="9" conditionals="0" coveredconditionals="0" methods="5" coveredmethods="2"/>
        <line num="6" count="5" type="stmt"/>
        <line num="7" count="5" type="stmt"/>
        <line num="12" count="5" type="stmt"/>
        <line num="13" count="5" type="stmt"/>
        <line num="14" count="3" type="stmt"/>
        <line num="15" count="3" type="stmt"/>
        <line num="16" count="3" type="stmt"/>
        <line num="26" count="5" type="stmt"/>
        <line num="27" count="0" type="stmt"/>
        <line num="28" count="0" type="stmt"/>
        <line num="29" count="0" type="stmt"/>
        <line num="38" count="0" type="stmt"/>
        <line num="40" count="0" type="stmt"/>
        <line num="44" count="5" type="stmt"/>
      </file>
      <file name="AddQuestionModal.jsx" path="C:\Users\ShaoyuChen\Desktop\Hack Reactor\rfp2404-fec\client\src\components\QA\AddQuestionModal.jsx">
        <metrics statements="6" coveredstatements="5" conditionals="2" coveredconditionals="2" methods="3" coveredmethods="2"/>
        <line num="4" count="5" type="stmt"/>
        <line num="6" count="5" type="stmt"/>
        <line num="7" count="1" type="stmt"/>
        <line num="10" count="5" type="stmt"/>
        <line num="11" count="0" type="stmt"/>
        <line num="14" count="5" type="stmt"/>
      </file>
      <file name="Addanswer.jsx" path="C:\Users\ShaoyuChen\Desktop\Hack Reactor\rfp2404-fec\client\src\components\QA\Addanswer.jsx">
        <metrics statements="6" coveredstatements="5" conditionals="2" coveredconditionals="2" methods="3" coveredmethods="2"/>
        <line num="4" count="10" type="stmt"/>
        <line num="6" count="10" type="stmt"/>
        <line num="7" count="1" type="stmt"/>
        <line num="9" count="10" type="stmt"/>
        <line num="10" count="0" type="stmt"/>
        <line num="12" count="10" type="stmt"/>
      </file>
      <file name="Answer.jsx" path="C:\Users\ShaoyuChen\Desktop\Hack Reactor\rfp2404-fec\client\src\components\QA\Answer.jsx">
        <metrics statements="14" coveredstatements="12" conditionals="12" coveredconditionals="7" methods="7" coveredmethods="6"/>
        <line num="9" count="5" type="stmt"/>
        <line num="11" count="5" type="stmt"/>
        <line num="12" count="5" type="stmt"/>
        <line num="13" count="5" type="stmt"/>
        <line num="14" count="5" type="stmt"/>
        <line num="15" count="4" type="stmt"/>
        <line num="20" count="3" type="stmt"/>
        <line num="22" count="1" type="stmt"/>
        <line num="25" count="5" type="stmt"/>
        <line num="26" count="0" type="stmt"/>
        <line num="27" count="0" type="stmt"/>
        <line num="29" count="5" type="stmt"/>
        <line num="30" count="5" type="stmt"/>
        <line num="35" count="2" type="stmt"/>
      </file>
      <file name="AnswerBody.jsx" path="C:\Users\ShaoyuChen\Desktop\Hack Reactor\rfp2404-fec\client\src\components\QA\AnswerBody.jsx">
        <metrics statements="1" coveredstatements="1" conditionals="0" coveredconditionals="0" methods="1" coveredmethods="1"/>
        <line num="4" count="3" type="stmt"/>
      </file>
      <file name="AnswerForm.jsx" path="C:\Users\ShaoyuChen\Desktop\Hack Reactor\rfp2404-fec\client\src\components\QA\AnswerForm.jsx">
        <metrics statements="13" coveredstatements="11" conditionals="4" coveredconditionals="4" methods="4" coveredmethods="3"/>
        <line num="6" count="6" type="stmt"/>
        <line num="7" count="6" type="stmt"/>
        <line num="8" count="6" type="stmt"/>
        <line num="13" count="6" type="stmt"/>
        <line num="14" count="6" type="stmt"/>
        <line num="15" count="6" type="stmt"/>
        <line num="16" count="3" type="stmt"/>
        <line num="17" count="3" type="stmt"/>
        <line num="25" count="0" type="stmt"/>
        <line num="26" count="0" type="stmt"/>
        <line num="29" count="6" type="stmt"/>
        <line num="30" count="6" type="stmt"/>
        <line num="45" count="1" type="cond" truecount="2" falsecount="0"/>
      </file>
      <file name="AnswerList.jsx" path="C:\Users\ShaoyuChen\Desktop\Hack Reactor\rfp2404-fec\client\src\components\QA\AnswerList.jsx">
        <metrics statements="16" coveredstatements="14" conditionals="6" coveredconditionals="6" methods="5" coveredmethods="3"/>
        <line num="9" count="12" type="stmt"/>
        <line num="10" count="12" type="stmt"/>
        <line num="11" count="12" type="stmt"/>
        <line num="12" count="12" type="stmt"/>
        <line num="13" count="12" type="stmt"/>
        <line num="14" count="3" type="cond" truecount="2" falsecount="0"/>
        <line num="15" count="2" type="stmt"/>
        <line num="16" count="2" type="stmt"/>
        <line num="18" count="1" type="stmt"/>
        <line num="19" count="1" type="stmt"/>
        <line num="21" count="3" type="stmt"/>
        <line num="25" count="0" type="stmt"/>
        <line num="28" count="0" type="stmt"/>
        <line num="31" count="12" type="stmt"/>
        <line num="32" count="2" type="stmt"/>
        <line num="44" count="12" type="stmt"/>
      </file>
      <file name="AnswerModal.jsx" path="C:\Users\ShaoyuChen\Desktop\Hack Reactor\rfp2404-fec\client\src\components\QA\AnswerModal.jsx">
        <metrics statements="2" coveredstatements="2" conditionals="0" coveredconditionals="0" methods="1" coveredmethods="1"/>
        <line num="4" count="1" type="stmt"/>
        <line num="5" count="1" type="stmt"/>
      </file>
      <file name="IsoConvert.jsx" path="C:\Users\ShaoyuChen\Desktop\Hack Reactor\rfp2404-fec\client\src\components\QA\IsoConvert.jsx">
        <metrics statements="8" coveredstatements="8" conditionals="0" coveredconditionals="0" methods="1" coveredmethods="1"/>
        <line num="2" count="1" type="stmt"/>
        <line num="3" count="13" type="stmt"/>
        <line num="4" count="13" type="stmt"/>
        <line num="5" count="13" type="stmt"/>
        <line num="6" count="13" type="stmt"/>
        <line num="7" count="13" type="stmt"/>
        <line num="8" count="13" type="stmt"/>
        <line num="10" count="13" type="stmt"/>
      </file>
      <file name="Photo.jsx" path="C:\Users\ShaoyuChen\Desktop\Hack Reactor\rfp2404-fec\client\src\components\QA\Photo.jsx">
        <metrics statements="3" coveredstatements="3" conditionals="2" coveredconditionals="1" methods="3" coveredmethods="2"/>
        <line num="5" count="4" type="stmt"/>
        <line num="9" count="4" type="stmt"/>
        <line num="16" count="4" type="stmt"/>
      </file>
      <file name="Question.jsx" path="C:\Users\ShaoyuChen\Desktop\Hack Reactor\rfp2404-fec\client\src\components\QA\Question.jsx">
        <metrics statements="14" coveredstatements="13" conditionals="2" coveredconditionals="2" methods="4" coveredmethods="3"/>
        <line num="6" count="8" type="stmt"/>
        <line num="7" count="8" type="stmt"/>
        <line num="8" count="8" type="stmt"/>
        <line num="9" count="8" type="stmt"/>
        <line num="10" count="3" type="stmt"/>
        <line num="11" count="3" type="cond" truecount="2" falsecount="0"/>
        <line num="12" count="2" type="stmt"/>
        <line num="13" count="2" type="stmt"/>
        <line num="15" count="1" type="stmt"/>
        <line num="16" count="1" type="stmt"/>
        <line num="18" count="3" type="stmt"/>
        <line num="22" count="3" type="stmt"/>
        <line num="25" count="0" type="stmt"/>
        <line num="28" count="8" type="stmt"/>
      </file>
      <file name="QuestionFormModal.jsx" path="C:\Users\ShaoyuChen\Desktop\Hack Reactor\rfp2404-fec\client\src\components\QA\QuestionFormModal.jsx">
        <metrics statements="9" coveredstatements="7" conditionals="4" coveredconditionals="0" methods="4" coveredmethods="3"/>
        <line num="5" count="1" type="stmt"/>
        <line num="6" count="1" type="stmt"/>
        <line num="7" count="1" type="stmt"/>
        <line num="9" count="0" type="cond" truecount="0" falsecount="4"/>
        <line num="10" count="0" type="stmt"/>
        <line num="15" count="1" type="stmt"/>
        <line num="16" count="1" type="stmt"/>
        <line num="18" count="1" type="stmt"/>
        <line num="22" count="1" type="stmt"/>
      </file>
      <file name="QuestionList.jsx" path="C:\Users\ShaoyuChen\Desktop\Hack Reactor\rfp2404-fec\client\src\components\QA\QuestionList.jsx">
        <metrics statements="15" coveredstatements="13" conditionals="10" coveredconditionals="6" methods="7" coveredmethods="4"/>
        <line num="8" count="1" type="stmt"/>
        <line num="9" count="3" type="stmt"/>
        <line num="10" count="3" type="stmt"/>
        <line num="11" count="3" type="stmt"/>
        <line num="12" count="3" type="stmt"/>
        <line num="13" count="3" type="stmt"/>
        <line num="14" count="3" type="stmt"/>
        <line num="15" count="2" type="stmt"/>
        <line num="22" count="2" type="stmt"/>
        <line num="25" count="0" type="stmt"/>
        <line num="28" count="3" type="stmt"/>
        <line num="30" count="3" type="cond" truecount="2" falsecount="2"/>
        <line num="32" count="3" type="stmt"/>
        <line num="40" count="2" type="stmt"/>
        <line num="50" count="0" type="cond" truecount="3" falsecount="1"/>
      </file>
      <file name="Search.jsx" path="C:\Users\ShaoyuChen\Desktop\Hack Reactor\rfp2404-fec\client\src\components\QA\Search.jsx">
        <metrics statements="2" coveredstatements="1" conditionals="0" coveredconditionals="0" methods="2" coveredmethods="1"/>
        <line num="5" count="0" type="stmt"/>
        <line num="11" count="4" type="stmt"/>
      </file>
    </package>
    <package name="components.Reviews">
      <metrics statements="115" coveredstatements="99" conditionals="56" coveredconditionals="43" methods="38" coveredmethods="26"/>
      <file name="CreatedAt.jsx" path="C:\Users\ShaoyuChen\Desktop\Hack Reactor\rfp2404-fec\client\src\components\Reviews\CreatedAt.jsx">
        <metrics statements="8" coveredstatements="8" conditionals="0" coveredconditionals="0" methods="1" coveredmethods="1"/>
        <line num="3" count="1" type="stmt"/>
        <line num="4" count="2" type="stmt"/>
        <line num="5" count="2" type="stmt"/>
        <line num="6" count="2" type="stmt"/>
        <line num="7" count="2" type="stmt"/>
        <line num="8" count="2" type="stmt"/>
        <line num="9" count="2" type="stmt"/>
        <line num="11" count="2" type="stmt"/>
      </file>
      <file name="Factor.jsx" path="C:\Users\ShaoyuChen\Desktop\Hack Reactor\rfp2404-fec\client\src\components\Reviews\Factor.jsx">
        <metrics statements="5" coveredstatements="5" conditionals="0" coveredconditionals="0" methods="2" coveredmethods="2"/>
        <line num="4" count="1" type="stmt"/>
        <line num="6" count="3" type="stmt"/>
        <line num="15" count="3" type="stmt"/>
        <line num="18" count="3" type="stmt"/>
        <line num="33" count="9" type="stmt"/>
      </file>
      <file name="FactorsList.jsx" path="C:\Users\ShaoyuChen\Desktop\Hack Reactor\rfp2404-fec\client\src\components\Reviews\FactorsList.jsx">
        <metrics statements="6" coveredstatements="4" conditionals="2" coveredconditionals="1" methods="2" coveredmethods="1"/>
        <line num="4" count="1" type="stmt"/>
        <line num="5" count="4" type="cond" truecount="1" falsecount="1"/>
        <line num="6" count="0" type="stmt"/>
        <line num="9" count="4" type="stmt"/>
        <line num="12" count="4" type="stmt"/>
        <line num="15" count="0" type="stmt"/>
      </file>
      <file name="Helpfulness.jsx" path="C:\Users\ShaoyuChen\Desktop\Hack Reactor\rfp2404-fec\client\src\components\Reviews\Helpfulness.jsx">
        <metrics statements="12" coveredstatements="6" conditionals="0" coveredconditionals="0" methods="7" coveredmethods="2"/>
        <line num="5" count="1" type="stmt"/>
        <line num="7" count="1" type="stmt"/>
        <line num="8" count="1" type="stmt"/>
        <line num="9" count="1" type="stmt"/>
        <line num="11" count="0" type="stmt"/>
        <line num="14" count="0" type="stmt"/>
        <line num="18" count="1" type="stmt"/>
        <line num="19" count="0" type="stmt"/>
        <line num="20" count="0" type="stmt"/>
        <line num="22" count="0" type="stmt"/>
        <line num="25" count="0" type="stmt"/>
        <line num="29" count="1" type="stmt"/>
      </file>
      <file name="InvertedTriangle.jsx" path="C:\Users\ShaoyuChen\Desktop\Hack Reactor\rfp2404-fec\client\src\components\Reviews\InvertedTriangle.jsx">
        <metrics statements="2" coveredstatements="2" conditionals="0" coveredconditionals="0" methods="1" coveredmethods="1"/>
        <line num="3" count="1" type="stmt"/>
        <line num="4" count="3" type="stmt"/>
      </file>
      <file name="Modal.jsx" path="C:\Users\ShaoyuChen\Desktop\Hack Reactor\rfp2404-fec\client\src\components\Reviews\Modal.jsx">
        <metrics statements="2" coveredstatements="2" conditionals="0" coveredconditionals="0" methods="1" coveredmethods="1"/>
        <line num="3" count="2" type="stmt"/>
        <line num="5" count="2" type="stmt"/>
      </file>
      <file name="RatingBars.jsx" path="C:\Users\ShaoyuChen\Desktop\Hack Reactor\rfp2404-fec\client\src\components\Reviews\RatingBars.jsx">
        <metrics statements="17" coveredstatements="12" conditionals="10" coveredconditionals="6" methods="6" coveredmethods="1"/>
        <line num="4" count="1" type="stmt"/>
        <line num="6" count="4" type="cond" truecount="2" falsecount="0"/>
        <line num="7" count="4" type="stmt"/>
        <line num="10" count="4" type="cond" truecount="1" falsecount="1"/>
        <line num="11" count="4" type="stmt"/>
        <line num="14" count="4" type="cond" truecount="1" falsecount="1"/>
        <line num="15" count="4" type="stmt"/>
        <line num="18" count="4" type="cond" truecount="1" falsecount="1"/>
        <line num="19" count="4" type="stmt"/>
        <line num="22" count="4" type="cond" truecount="1" falsecount="1"/>
        <line num="23" count="4" type="stmt"/>
        <line num="26" count="4" type="stmt"/>
        <line num="29" count="0" type="stmt"/>
        <line num="37" count="0" type="stmt"/>
        <line num="45" count="0" type="stmt"/>
        <line num="53" count="0" type="stmt"/>
        <line num="62" count="0" type="stmt"/>
      </file>
      <file name="RatingBreakdown.jsx" path="C:\Users\ShaoyuChen\Desktop\Hack Reactor\rfp2404-fec\client\src\components\Reviews\RatingBreakdown.jsx">
        <metrics statements="15" coveredstatements="15" conditionals="10" coveredconditionals="5" methods="2" coveredmethods="2"/>
        <line num="5" count="1" type="stmt"/>
        <line num="7" count="3" type="stmt"/>
        <line num="8" count="3" type="stmt"/>
        <line num="10" count="3" type="cond" truecount="1" falsecount="1"/>
        <line num="11" count="3" type="stmt"/>
        <line num="12" count="3" type="stmt"/>
        <line num="13" count="3" type="stmt"/>
        <line num="14" count="12" type="stmt"/>
        <line num="15" count="12" type="stmt"/>
        <line num="18" count="3" type="stmt"/>
        <line num="19" count="3" type="stmt"/>
        <line num="20" count="3" type="cond" truecount="1" falsecount="1"/>
        <line num="22" count="3" type="cond" truecount="1" falsecount="1"/>
        <line num="25" count="3" type="stmt"/>
        <line num="43" count="6" type="stmt"/>
      </file>
      <file name="Recommend.jsx" path="C:\Users\ShaoyuChen\Desktop\Hack Reactor\rfp2404-fec\client\src\components\Reviews\Recommend.jsx">
        <metrics statements="2" coveredstatements="2" conditionals="2" coveredconditionals="2" methods="1" coveredmethods="1"/>
        <line num="3" count="1" type="stmt"/>
        <line num="5" count="2" type="stmt"/>
      </file>
      <file name="Response.jsx" path="C:\Users\ShaoyuChen\Desktop\Hack Reactor\rfp2404-fec\client\src\components\Reviews\Response.jsx">
        <metrics statements="2" coveredstatements="2" conditionals="2" coveredconditionals="2" methods="1" coveredmethods="1"/>
        <line num="3" count="1" type="stmt"/>
        <line num="5" count="2" type="stmt"/>
      </file>
      <file name="ReviewBody.jsx" path="C:\Users\ShaoyuChen\Desktop\Hack Reactor\rfp2404-fec\client\src\components\Reviews\ReviewBody.jsx">
        <metrics statements="10" coveredstatements="8" conditionals="8" coveredconditionals="7" methods="4" coveredmethods="3"/>
        <line num="4" count="1" type="stmt"/>
        <line num="6" count="8" type="stmt"/>
        <line num="8" count="8" type="stmt"/>
        <line num="9" count="1" type="stmt"/>
        <line num="10" count="1" type="stmt"/>
        <line num="13" count="8" type="stmt"/>
        <line num="14" count="0" type="stmt"/>
        <line num="15" count="0" type="stmt"/>
        <line num="18" count="8" type="stmt"/>
        <line num="36" count="7" type="cond" truecount="1" falsecount="1"/>
      </file>
      <file name="ReviewSummary.jsx" path="C:\Users\ShaoyuChen\Desktop\Hack Reactor\rfp2404-fec\client\src\components\Reviews\ReviewSummary.jsx">
        <metrics statements="2" coveredstatements="2" conditionals="0" coveredconditionals="0" methods="1" coveredmethods="1"/>
        <line num="3" count="1" type="stmt"/>
        <line num="5" count="1" type="stmt"/>
      </file>
      <file name="Sort.jsx" path="C:\Users\ShaoyuChen\Desktop\Hack Reactor\rfp2404-fec\client\src\components\Reviews\Sort.jsx">
        <metrics statements="5" coveredstatements="5" conditionals="0" coveredconditionals="0" methods="2" coveredmethods="2"/>
        <line num="3" count="1" type="stmt"/>
        <line num="5" count="2" type="stmt"/>
        <line num="6" count="1" type="stmt"/>
        <line num="7" count="1" type="stmt"/>
        <line num="10" count="2" type="stmt"/>
      </file>
      <file name="StarGenerator.jsx" path="C:\Users\ShaoyuChen\Desktop\Hack Reactor\rfp2404-fec\client\src\components\Reviews\StarGenerator.jsx">
        <metrics statements="2" coveredstatements="2" conditionals="16" coveredconditionals="16" methods="1" coveredmethods="1"/>
        <line num="3" count="1" type="stmt"/>
        <line num="5" count="35" type="stmt"/>
      </file>
      <file name="StarRating.jsx" path="C:\Users\ShaoyuChen\Desktop\Hack Reactor\rfp2404-fec\client\src\components\Reviews\StarRating.jsx">
        <metrics statements="13" coveredstatements="12" conditionals="4" coveredconditionals="2" methods="2" coveredmethods="2"/>
        <line num="4" count="1" type="stmt"/>
        <line num="7" count="7" type="stmt"/>
        <line num="9" count="7" type="cond" truecount="1" falsecount="1"/>
        <line num="10" count="0" type="stmt"/>
        <line num="12" count="7" type="stmt"/>
        <line num="13" count="7" type="stmt"/>
        <line num="14" count="15" type="stmt"/>
        <line num="16" count="7" type="cond" truecount="1" falsecount="1"/>
        <line num="17" count="7" type="stmt"/>
        <line num="19" count="7" type="stmt"/>
        <line num="20" count="13" type="stmt"/>
        <line num="23" count="7" type="stmt"/>
        <line num="25" count="35" type="stmt"/>
      </file>
      <file name="Thumbnail.jsx" path="C:\Users\ShaoyuChen\Desktop\Hack Reactor\rfp2404-fec\client\src\components\Reviews\Thumbnail.jsx">
        <metrics statements="9" coveredstatements="9" conditionals="2" coveredconditionals="2" methods="3" coveredmethods="3"/>
        <line num="4" count="2" type="stmt"/>
        <line num="6" count="14" type="stmt"/>
        <line num="8" count="14" type="stmt"/>
        <line num="9" count="2" type="stmt"/>
        <line num="10" count="2" type="stmt"/>
        <line num="13" count="14" type="stmt"/>
        <line num="14" count="1" type="stmt"/>
        <line num="15" count="1" type="stmt"/>
        <line num="18" count="14" type="stmt"/>
      </file>
      <file name="validUrlCheck.js" path="C:\Users\ShaoyuChen\Desktop\Hack Reactor\rfp2404-fec\client\src\components\Reviews\validUrlCheck.js">
        <metrics statements="3" coveredstatements="3" conditionals="0" coveredconditionals="0" methods="1" coveredmethods="1"/>
        <line num="1" count="1" type="stmt"/>
        <line num="2" count="7" type="stmt"/>
        <line num="3" count="7" type="stmt"/>
      </file>
    </package>
    <package name="env">
      <metrics statements="3" coveredstatements="3" conditionals="0" coveredconditionals="0" methods="0" coveredmethods="0"/>
      <file name="config.js" path="C:\Users\ShaoyuChen\Desktop\Hack Reactor\rfp2404-fec\client\src\env\config.js">
        <metrics statements="3" coveredstatements="3" conditionals="0" coveredconditionals="0" methods="0" coveredmethods="0"/>
        <line num="1" count="3" type="stmt"/>
        <line num="2" count="3" type="stmt"/>
        <line num="3" count="3" type="stmt"/>
      </file>
    </package>
  </project>
</coverage>
