{"C:\\Users\\ShaoyuChen\\Desktop\\Hack Reactor\\rfp2404-fec\\client\\src\\components\\Overview\\ArrowButton.jsx": {"path":"C:\\Users\\ShaoyuChen\\Desktop\\Hack Reactor\\rfp2404-fec\\client\\src\\components\\Overview\\ArrowButton.jsx","statementMap":{"0":{"start":{"line":3,"column":20},"end":{"line":9,"column":1}},"1":{"start":{"line":4,"column":2},"end":{"line":8,"column":4}}},"fnMap":{"0":{"name":"(anonymous_0)","decl":{"start":{"line":3,"column":20},"end":{"line":3,"column":21}},"loc":{"start":{"line":3,"column":48},"end":{"line":9,"column":1}},"line":3}},"branchMap":{"0":{"loc":{"start":{"line":6,"column":7},"end":{"line":6,"column":39}},"type":"cond-expr","locations":[{"start":{"line":6,"column":30},"end":{"line":6,"column":33}},{"start":{"line":6,"column":36},"end":{"line":6,"column":39}}],"line":6}},"s":{"0":1,"1":0},"f":{"0":0},"b":{"0":[0,0]},"_coverageSchema":"1a1c01bbd47fc00a2c39e90264f33305004495a9","hash":"e261c322b50e678ac9f086a89da6a34b42f59ca1"}
,"C:\\Users\\ShaoyuChen\\Desktop\\Hack Reactor\\rfp2404-fec\\client\\src\\components\\Overview\\BigImage.jsx": {"path":"C:\\Users\\ShaoyuChen\\Desktop\\Hack Reactor\\rfp2404-fec\\client\\src\\components\\Overview\\BigImage.jsx","statementMap":{"0":{"start":{"line":3,"column":17},"end":{"line":14,"column":1}},"1":{"start":{"line":4,"column":2},"end":{"line":13,"column":4}}},"fnMap":{"0":{"name":"(anonymous_0)","decl":{"start":{"line":3,"column":17},"end":{"line":3,"column":18}},"loc":{"start":{"line":3,"column":62},"end":{"line":14,"column":1}},"line":3}},"branchMap":{"0":{"loc":{"start":{"line":6,"column":30},"end":{"line":6,"column":52}},"type":"cond-expr","locations":[{"start":{"line":6,"column":39},"end":{"line":6,"column":47}},{"start":{"line":6,"column":50},"end":{"line":6,"column":52}}],"line":6}},"s":{"0":1,"1":0},"f":{"0":0},"b":{"0":[0,0]},"_coverageSchema":"1a1c01bbd47fc00a2c39e90264f33305004495a9","hash":"81fbc48e773fc2a5f84b1f1c289bc08afbdd647d"}
,"C:\\Users\\ShaoyuChen\\Desktop\\Hack Reactor\\rfp2404-fec\\client\\src\\components\\Overview\\ImageGallery.jsx": {"path":"C:\\Users\\ShaoyuChen\\Desktop\\Hack Reactor\\rfp2404-fec\\client\\src\\components\\Overview\\ImageGallery.jsx","statementMap":{"0":{"start":{"line":7,"column":21},"end":{"line":60,"column":1}},"1":{"start":{"line":8,"column":52},"end":{"line":8,"column":63}},"2":{"start":{"line":9,"column":42},"end":{"line":9,"column":57}},"3":{"start":{"line":10,"column":30},"end":{"line":10,"column":45}},"4":{"start":{"line":12,"column":31},"end":{"line":14,"column":3}},"5":{"start":{"line":13,"column":4},"end":{"line":13,"column":32}},"6":{"start":{"line":16,"column":27},"end":{"line":22,"column":3}},"7":{"start":{"line":17,"column":4},"end":{"line":21,"column":5}},"8":{"start":{"line":18,"column":6},"end":{"line":18,"column":50}},"9":{"start":{"line":19,"column":11},"end":{"line":21,"column":5}},"10":{"start":{"line":20,"column":6},"end":{"line":20,"column":50}},"11":{"start":{"line":24,"column":29},"end":{"line":26,"column":3}},"12":{"start":{"line":25,"column":4},"end":{"line":25,"column":35}},"13":{"start":{"line":28,"column":21},"end":{"line":30,"column":3}},"14":{"start":{"line":29,"column":4},"end":{"line":29,"column":23}},"15":{"start":{"line":32,"column":2},"end":{"line":59,"column":4}},"16":{"start":{"line":47,"column":81},"end":{"line":47,"column":105}},"17":{"start":{"line":48,"column":98},"end":{"line":48,"column":123}}},"fnMap":{"0":{"name":"(anonymous_0)","decl":{"start":{"line":7,"column":21},"end":{"line":7,"column":22}},"loc":{"start":{"line":7,"column":37},"end":{"line":60,"column":1}},"line":7},"1":{"name":"(anonymous_1)","decl":{"start":{"line":12,"column":31},"end":{"line":12,"column":32}},"loc":{"start":{"line":12,"column":42},"end":{"line":14,"column":3}},"line":12},"2":{"name":"(anonymous_2)","decl":{"start":{"line":16,"column":27},"end":{"line":16,"column":28}},"loc":{"start":{"line":16,"column":42},"end":{"line":22,"column":3}},"line":16},"3":{"name":"(anonymous_3)","decl":{"start":{"line":24,"column":29},"end":{"line":24,"column":30}},"loc":{"start":{"line":24,"column":35},"end":{"line":26,"column":3}},"line":24},"4":{"name":"(anonymous_4)","decl":{"start":{"line":28,"column":21},"end":{"line":28,"column":22}},"loc":{"start":{"line":28,"column":27},"end":{"line":30,"column":3}},"line":28},"5":{"name":"(anonymous_5)","decl":{"start":{"line":47,"column":75},"end":{"line":47,"column":76}},"loc":{"start":{"line":47,"column":81},"end":{"line":47,"column":105}},"line":47},"6":{"name":"(anonymous_6)","decl":{"start":{"line":48,"column":92},"end":{"line":48,"column":93}},"loc":{"start":{"line":48,"column":98},"end":{"line":48,"column":123}},"line":48}},"branchMap":{"0":{"loc":{"start":{"line":17,"column":4},"end":{"line":21,"column":5}},"type":"if","locations":[{"start":{"line":17,"column":4},"end":{"line":21,"column":5}},{"start":{"line":19,"column":11},"end":{"line":21,"column":5}}],"line":17},"1":{"loc":{"start":{"line":17,"column":8},"end":{"line":17,"column":53}},"type":"binary-expr","locations":[{"start":{"line":17,"column":8},"end":{"line":17,"column":28}},{"start":{"line":17,"column":32},"end":{"line":17,"column":53}}],"line":17},"2":{"loc":{"start":{"line":19,"column":11},"end":{"line":21,"column":5}},"type":"if","locations":[{"start":{"line":19,"column":11},"end":{"line":21,"column":5}},{"start":{},"end":{}}],"line":19},"3":{"loc":{"start":{"line":19,"column":15},"end":{"line":19,"column":77}},"type":"binary-expr","locations":[{"start":{"line":19,"column":15},"end":{"line":19,"column":36}},{"start":{"line":19,"column":40},"end":{"line":19,"column":77}}],"line":19},"4":{"loc":{"start":{"line":47,"column":11},"end":{"line":47,"column":109}},"type":"binary-expr","locations":[{"start":{"line":47,"column":11},"end":{"line":47,"column":32}},{"start":{"line":47,"column":36},"end":{"line":47,"column":109}}],"line":47},"5":{"loc":{"start":{"line":48,"column":11},"end":{"line":48,"column":127}},"type":"binary-expr","locations":[{"start":{"line":48,"column":11},"end":{"line":48,"column":48}},{"start":{"line":48,"column":52},"end":{"line":48,"column":127}}],"line":48}},"s":{"0":1,"1":0,"2":0,"3":0,"4":0,"5":0,"6":0,"7":0,"8":0,"9":0,"10":0,"11":0,"12":0,"13":0,"14":0,"15":0,"16":0,"17":0},"f":{"0":0,"1":0,"2":0,"3":0,"4":0,"5":0,"6":0},"b":{"0":[0,0],"1":[0,0],"2":[0,0],"3":[0,0],"4":[0,0],"5":[0,0]},"_coverageSchema":"1a1c01bbd47fc00a2c39e90264f33305004495a9","hash":"3ac189cae772b1ff66d14929761717b21127d053"}
,"C:\\Users\\ShaoyuChen\\Desktop\\Hack Reactor\\rfp2404-fec\\client\\src\\components\\Overview\\ProductController.js": {"path":"C:\\Users\\ShaoyuChen\\Desktop\\Hack Reactor\\rfp2404-fec\\client\\src\\components\\Overview\\ProductController.js","statementMap":{"0":{"start":{"line":4,"column":21},"end":{"line":16,"column":1}},"1":{"start":{"line":5,"column":2},"end":{"line":15,"column":3}},"2":{"start":{"line":6,"column":21},"end":{"line":10,"column":6}},"3":{"start":{"line":11,"column":4},"end":{"line":11,"column":25}},"4":{"start":{"line":13,"column":4},"end":{"line":13,"column":52}},"5":{"start":{"line":14,"column":4},"end":{"line":14,"column":16}}},"fnMap":{"0":{"name":"(anonymous_0)","decl":{"start":{"line":4,"column":21},"end":{"line":4,"column":22}},"loc":{"start":{"line":4,"column":42},"end":{"line":16,"column":1}},"line":4}},"branchMap":{},"s":{"0":1,"1":0,"2":0,"3":0,"4":0,"5":0},"f":{"0":0},"b":{},"_coverageSchema":"1a1c01bbd47fc00a2c39e90264f33305004495a9","hash":"3bdfe60bddf59db592c26090c77c8edd53ac8d90"}
,"C:\\Users\\ShaoyuChen\\Desktop\\Hack Reactor\\rfp2404-fec\\client\\src\\components\\Overview\\ProductInfo.jsx": {"path":"C:\\Users\\ShaoyuChen\\Desktop\\Hack Reactor\\rfp2404-fec\\client\\src\\components\\Overview\\ProductInfo.jsx","statementMap":{"0":{"start":{"line":4,"column":20},"end":{"line":46,"column":1}},"1":{"start":{"line":15,"column":6},"end":{"line":15,"column":20}},"2":{"start":{"line":17,"column":2},"end":{"line":45,"column":4}},"3":{"start":{"line":37,"column":12},"end":{"line":39,"column":18}}},"fnMap":{"0":{"name":"(anonymous_0)","decl":{"start":{"line":4,"column":20},"end":{"line":4,"column":21}},"loc":{"start":{"line":4,"column":44},"end":{"line":46,"column":1}},"line":4},"1":{"name":"(anonymous_1)","decl":{"start":{"line":36,"column":24},"end":{"line":36,"column":25}},"loc":{"start":{"line":37,"column":12},"end":{"line":39,"column":18}},"line":37}},"branchMap":{"0":{"loc":{"start":{"line":23,"column":24},"end":{"line":31,"column":7}},"type":"cond-expr","locations":[{"start":{"line":24,"column":8},"end":{"line":27,"column":12}},{"start":{"line":30,"column":8},"end":{"line":30,"column":31}}],"line":23},"1":{"loc":{"start":{"line":32,"column":24},"end":{"line":32,"column":59}},"type":"binary-expr","locations":[{"start":{"line":32,"column":24},"end":{"line":32,"column":35}},{"start":{"line":32,"column":39},"end":{"line":32,"column":59}}],"line":32},"2":{"loc":{"start":{"line":34,"column":7},"end":{"line":42,"column":7}},"type":"binary-expr","locations":[{"start":{"line":34,"column":7},"end":{"line":34,"column":15}},{"start":{"line":35,"column":8},"end":{"line":41,"column":13}}],"line":34}},"s":{"0":1,"1":2,"2":2,"3":2},"f":{"0":2,"1":2},"b":{"0":[1,1],"1":[2,2],"2":[2,1]},"_coverageSchema":"1a1c01bbd47fc00a2c39e90264f33305004495a9","hash":"2148376b250b7745afbcf804df2fd7570a8576f6"}
,"C:\\Users\\ShaoyuChen\\Desktop\\Hack Reactor\\rfp2404-fec\\client\\src\\components\\Overview\\ProductListController.js": {"path":"C:\\Users\\ShaoyuChen\\Desktop\\Hack Reactor\\rfp2404-fec\\client\\src\\components\\Overview\\ProductListController.js","statementMap":{"0":{"start":{"line":4,"column":22},"end":{"line":16,"column":1}},"1":{"start":{"line":5,"column":2},"end":{"line":15,"column":3}},"2":{"start":{"line":6,"column":21},"end":{"line":10,"column":6}},"3":{"start":{"line":11,"column":4},"end":{"line":11,"column":25}},"4":{"start":{"line":13,"column":4},"end":{"line":13,"column":53}},"5":{"start":{"line":14,"column":4},"end":{"line":14,"column":14}}},"fnMap":{"0":{"name":"(anonymous_0)","decl":{"start":{"line":4,"column":22},"end":{"line":4,"column":23}},"loc":{"start":{"line":4,"column":34},"end":{"line":16,"column":1}},"line":4}},"branchMap":{},"s":{"0":1,"1":0,"2":0,"3":0,"4":0,"5":0},"f":{"0":0},"b":{},"_coverageSchema":"1a1c01bbd47fc00a2c39e90264f33305004495a9","hash":"4ae8e9ea2e880649c6e5789ee328142fa7632e78"}
,"C:\\Users\\ShaoyuChen\\Desktop\\Hack Reactor\\rfp2404-fec\\client\\src\\components\\Overview\\ProductView.jsx": {"path":"C:\\Users\\ShaoyuChen\\Desktop\\Hack Reactor\\rfp2404-fec\\client\\src\\components\\Overview\\ProductView.jsx","statementMap":{"0":{"start":{"line":11,"column":20},"end":{"line":89,"column":1}},"1":{"start":{"line":12,"column":46},"end":{"line":12,"column":60}},"2":{"start":{"line":13,"column":30},"end":{"line":13,"column":42}},"3":{"start":{"line":14,"column":44},"end":{"line":14,"column":58}},"4":{"start":{"line":15,"column":42},"end":{"line":15,"column":54}},"5":{"start":{"line":16,"column":50},"end":{"line":16,"column":61}},"6":{"start":{"line":17,"column":46},"end":{"line":17,"column":58}},"7":{"start":{"line":18,"column":40},"end":{"line":18,"column":51}},"8":{"start":{"line":20,"column":2},"end":{"line":35,"column":9}},"9":{"start":{"line":21,"column":24},"end":{"line":33,"column":5}},"10":{"start":{"line":23,"column":23},"end":{"line":23,"column":44}},"11":{"start":{"line":24,"column":6},"end":{"line":32,"column":5}},"12":{"start":{"line":25,"column":31},"end":{"line":25,"column":45}},"13":{"start":{"line":26,"column":31},"end":{"line":26,"column":65}},"14":{"start":{"line":27,"column":8},"end":{"line":27,"column":42}},"15":{"start":{"line":29,"column":30},"end":{"line":29,"column":63}},"16":{"start":{"line":30,"column":8},"end":{"line":30,"column":33}},"17":{"start":{"line":31,"column":8},"end":{"line":31,"column":43}},"18":{"start":{"line":34,"column":4},"end":{"line":34,"column":18}},"19":{"start":{"line":37,"column":2},"end":{"line":48,"column":22}},"20":{"start":{"line":38,"column":4},"end":{"line":47,"column":5}},"21":{"start":{"line":39,"column":20},"end":{"line":42,"column":9}},"22":{"start":{"line":39,"column":68},"end":{"line":42,"column":7}},"23":{"start":{"line":43,"column":6},"end":{"line":43,"column":31}},"24":{"start":{"line":44,"column":6},"end":{"line":44,"column":24}},"25":{"start":{"line":45,"column":6},"end":{"line":45,"column":26}},"26":{"start":{"line":46,"column":6},"end":{"line":46,"column":29}},"27":{"start":{"line":50,"column":28},"end":{"line":52,"column":3}},"28":{"start":{"line":51,"column":4},"end":{"line":51,"column":28}},"29":{"start":{"line":54,"column":27},"end":{"line":60,"column":3}},"30":{"start":{"line":55,"column":4},"end":{"line":55,"column":26}},"31":{"start":{"line":56,"column":16},"end":{"line":56,"column":80}},"32":{"start":{"line":56,"column":62},"end":{"line":56,"column":79}},"33":{"start":{"line":57,"column":4},"end":{"line":59,"column":5}},"34":{"start":{"line":58,"column":6},"end":{"line":58,"column":35}},"35":{"start":{"line":62,"column":31},"end":{"line":64,"column":3}},"36":{"start":{"line":63,"column":4},"end":{"line":63,"column":34}},"37":{"start":{"line":66,"column":2},"end":{"line":88,"column":4}},"38":{"start":{"line":83,"column":79},"end":{"line":83,"column":101}}},"fnMap":{"0":{"name":"(anonymous_0)","decl":{"start":{"line":11,"column":20},"end":{"line":11,"column":21}},"loc":{"start":{"line":11,"column":26},"end":{"line":89,"column":1}},"line":11},"1":{"name":"(anonymous_1)","decl":{"start":{"line":20,"column":12},"end":{"line":20,"column":13}},"loc":{"start":{"line":20,"column":18},"end":{"line":35,"column":3}},"line":20},"2":{"name":"(anonymous_2)","decl":{"start":{"line":21,"column":24},"end":{"line":21,"column":25}},"loc":{"start":{"line":21,"column":36},"end":{"line":33,"column":5}},"line":21},"3":{"name":"(anonymous_3)","decl":{"start":{"line":37,"column":12},"end":{"line":37,"column":13}},"loc":{"start":{"line":37,"column":18},"end":{"line":48,"column":3}},"line":37},"4":{"name":"(anonymous_4)","decl":{"start":{"line":39,"column":56},"end":{"line":39,"column":57}},"loc":{"start":{"line":39,"column":68},"end":{"line":42,"column":7}},"line":39},"5":{"name":"(anonymous_5)","decl":{"start":{"line":50,"column":28},"end":{"line":50,"column":29}},"loc":{"start":{"line":50,"column":39},"end":{"line":52,"column":3}},"line":50},"6":{"name":"(anonymous_6)","decl":{"start":{"line":54,"column":27},"end":{"line":54,"column":28}},"loc":{"start":{"line":54,"column":37},"end":{"line":60,"column":3}},"line":54},"7":{"name":"(anonymous_7)","decl":{"start":{"line":56,"column":55},"end":{"line":56,"column":56}},"loc":{"start":{"line":56,"column":62},"end":{"line":56,"column":79}},"line":56},"8":{"name":"(anonymous_8)","decl":{"start":{"line":62,"column":31},"end":{"line":62,"column":32}},"loc":{"start":{"line":62,"column":45},"end":{"line":64,"column":3}},"line":62},"9":{"name":"(anonymous_9)","decl":{"start":{"line":83,"column":73},"end":{"line":83,"column":74}},"loc":{"start":{"line":83,"column":79},"end":{"line":83,"column":101}},"line":83}},"branchMap":{"0":{"loc":{"start":{"line":24,"column":6},"end":{"line":32,"column":5}},"type":"if","locations":[{"start":{"line":24,"column":6},"end":{"line":32,"column":5}},{"start":{},"end":{}}],"line":24},"1":{"loc":{"start":{"line":38,"column":4},"end":{"line":47,"column":5}},"type":"if","locations":[{"start":{"line":38,"column":4},"end":{"line":47,"column":5}},{"start":{},"end":{}}],"line":38},"2":{"loc":{"start":{"line":57,"column":4},"end":{"line":59,"column":5}},"type":"if","locations":[{"start":{"line":57,"column":4},"end":{"line":59,"column":5}},{"start":{},"end":{}}],"line":57},"3":{"loc":{"start":{"line":69,"column":9},"end":{"line":69,"column":72}},"type":"binary-expr","locations":[{"start":{"line":69,"column":9},"end":{"line":69,"column":22}},{"start":{"line":69,"column":26},"end":{"line":69,"column":72}}],"line":69},"4":{"loc":{"start":{"line":72,"column":7},"end":{"line":72,"column":72}},"type":"binary-expr","locations":[{"start":{"line":72,"column":7},"end":{"line":72,"column":21}},{"start":{"line":72,"column":25},"end":{"line":72,"column":72}}],"line":72},"5":{"loc":{"start":{"line":74,"column":7},"end":{"line":76,"column":7}},"type":"binary-expr","locations":[{"start":{"line":74,"column":7},"end":{"line":74,"column":24}},{"start":{"line":75,"column":8},"end":{"line":75,"column":75}}],"line":74},"6":{"loc":{"start":{"line":77,"column":7},"end":{"line":79,"column":7}},"type":"binary-expr","locations":[{"start":{"line":77,"column":7},"end":{"line":77,"column":32}},{"start":{"line":78,"column":8},"end":{"line":78,"column":79}}],"line":77},"7":{"loc":{"start":{"line":83,"column":28},"end":{"line":83,"column":62}},"type":"binary-expr","locations":[{"start":{"line":83,"column":28},"end":{"line":83,"column":41}},{"start":{"line":83,"column":45},"end":{"line":83,"column":62}}],"line":83}},"s":{"0":1,"1":0,"2":0,"3":0,"4":0,"5":0,"6":0,"7":0,"8":0,"9":0,"10":0,"11":0,"12":0,"13":0,"14":0,"15":0,"16":0,"17":0,"18":0,"19":0,"20":0,"21":0,"22":0,"23":0,"24":0,"25":0,"26":0,"27":0,"28":0,"29":0,"30":0,"31":0,"32":0,"33":0,"34":0,"35":0,"36":0,"37":0,"38":0},"f":{"0":0,"1":0,"2":0,"3":0,"4":0,"5":0,"6":0,"7":0,"8":0,"9":0},"b":{"0":[0,0],"1":[0,0],"2":[0,0],"3":[0,0],"4":[0,0],"5":[0,0],"6":[0,0],"7":[0,0]},"_coverageSchema":"1a1c01bbd47fc00a2c39e90264f33305004495a9","hash":"b14247d2b50424bd42575c5bb1df621dc918f480"}
,"C:\\Users\\ShaoyuChen\\Desktop\\Hack Reactor\\rfp2404-fec\\client\\src\\components\\Overview\\QuantitySelector.jsx": {"path":"C:\\Users\\ShaoyuChen\\Desktop\\Hack Reactor\\rfp2404-fec\\client\\src\\components\\Overview\\QuantitySelector.jsx","statementMap":{"0":{"start":{"line":3,"column":25},"end":{"line":19,"column":1}},"1":{"start":{"line":4,"column":23},"end":{"line":6,"column":3}},"2":{"start":{"line":5,"column":4},"end":{"line":5,"column":41}},"3":{"start":{"line":8,"column":2},"end":{"line":18,"column":4}},"4":{"start":{"line":13,"column":69},"end":{"line":13,"column":74}},"5":{"start":{"line":14,"column":10},"end":{"line":14,"column":69}}},"fnMap":{"0":{"name":"(anonymous_0)","decl":{"start":{"line":3,"column":25},"end":{"line":3,"column":26}},"loc":{"start":{"line":3,"column":64},"end":{"line":19,"column":1}},"line":3},"1":{"name":"(anonymous_1)","decl":{"start":{"line":4,"column":23},"end":{"line":4,"column":24}},"loc":{"start":{"line":4,"column":34},"end":{"line":6,"column":3}},"line":4},"2":{"name":"(anonymous_2)","decl":{"start":{"line":13,"column":59},"end":{"line":13,"column":60}},"loc":{"start":{"line":13,"column":69},"end":{"line":13,"column":74}},"line":13},"3":{"name":"(anonymous_3)","decl":{"start":{"line":13,"column":80},"end":{"line":13,"column":81}},"loc":{"start":{"line":14,"column":10},"end":{"line":14,"column":69}},"line":14}},"branchMap":{"0":{"loc":{"start":{"line":12,"column":26},"end":{"line":12,"column":69}},"type":"cond-expr","locations":[{"start":{"line":12,"column":46},"end":{"line":12,"column":49}},{"start":{"line":12,"column":52},"end":{"line":12,"column":69}}],"line":12}},"s":{"0":1,"1":3,"2":1,"3":3,"4":10,"5":10},"f":{"0":3,"1":1,"2":10,"3":10},"b":{"0":[1,2]},"_coverageSchema":"1a1c01bbd47fc00a2c39e90264f33305004495a9","hash":"4da3eacd884f1abc6a8e65111c9301e4e5ff855f"}
,"C:\\Users\\ShaoyuChen\\Desktop\\Hack Reactor\\rfp2404-fec\\client\\src\\components\\Overview\\Share.jsx": {"path":"C:\\Users\\ShaoyuChen\\Desktop\\Hack Reactor\\rfp2404-fec\\client\\src\\components\\Overview\\Share.jsx","statementMap":{"0":{"start":{"line":3,"column":14},"end":{"line":9,"column":1}},"1":{"start":{"line":4,"column":2},"end":{"line":8,"column":8}},"2":{"start":{"line":5,"column":27},"end":{"line":5,"column":62}},"3":{"start":{"line":6,"column":27},"end":{"line":6,"column":61}},"4":{"start":{"line":7,"column":27},"end":{"line":7,"column":63}}},"fnMap":{"0":{"name":"(anonymous_0)","decl":{"start":{"line":3,"column":14},"end":{"line":3,"column":15}},"loc":{"start":{"line":4,"column":2},"end":{"line":8,"column":8}},"line":4},"1":{"name":"(anonymous_1)","decl":{"start":{"line":5,"column":21},"end":{"line":5,"column":22}},"loc":{"start":{"line":5,"column":27},"end":{"line":5,"column":62}},"line":5},"2":{"name":"(anonymous_2)","decl":{"start":{"line":6,"column":21},"end":{"line":6,"column":22}},"loc":{"start":{"line":6,"column":27},"end":{"line":6,"column":61}},"line":6},"3":{"name":"(anonymous_3)","decl":{"start":{"line":7,"column":21},"end":{"line":7,"column":22}},"loc":{"start":{"line":7,"column":27},"end":{"line":7,"column":63}},"line":7}},"branchMap":{},"s":{"0":1,"1":5,"2":1,"3":1,"4":1},"f":{"0":5,"1":1,"2":1,"3":1},"b":{},"_coverageSchema":"1a1c01bbd47fc00a2c39e90264f33305004495a9","hash":"32528dc8d0279e5f82bf5d6649ac17498c062087"}
,"C:\\Users\\ShaoyuChen\\Desktop\\Hack Reactor\\rfp2404-fec\\client\\src\\components\\Overview\\SizeSelector.jsx": {"path":"C:\\Users\\ShaoyuChen\\Desktop\\Hack Reactor\\rfp2404-fec\\client\\src\\components\\Overview\\SizeSelector.jsx","statementMap":{"0":{"start":{"line":3,"column":21},"end":{"line":21,"column":1}},"1":{"start":{"line":4,"column":23},"end":{"line":6,"column":3}},"2":{"start":{"line":5,"column":4},"end":{"line":5,"column":37}},"3":{"start":{"line":8,"column":2},"end":{"line":20,"column":4}},"4":{"start":{"line":14,"column":10},"end":{"line":16,"column":19}}},"fnMap":{"0":{"name":"(anonymous_0)","decl":{"start":{"line":3,"column":21},"end":{"line":3,"column":22}},"loc":{"start":{"line":3,"column":50},"end":{"line":21,"column":1}},"line":3},"1":{"name":"(anonymous_1)","decl":{"start":{"line":4,"column":23},"end":{"line":4,"column":24}},"loc":{"start":{"line":4,"column":34},"end":{"line":6,"column":3}},"line":4},"2":{"name":"(anonymous_2)","decl":{"start":{"line":13,"column":19},"end":{"line":13,"column":20}},"loc":{"start":{"line":14,"column":10},"end":{"line":16,"column":19}},"line":14}},"branchMap":{"0":{"loc":{"start":{"line":15,"column":25},"end":{"line":15,"column":64}},"type":"binary-expr","locations":[{"start":{"line":15,"column":25},"end":{"line":15,"column":44}},{"start":{"line":15,"column":48},"end":{"line":15,"column":64}}],"line":15}},"s":{"0":1,"1":2,"2":1,"3":2,"4":4},"f":{"0":2,"1":1,"2":4},"b":{"0":[4,2]},"_coverageSchema":"1a1c01bbd47fc00a2c39e90264f33305004495a9","hash":"4c407237b127e9acda3db2792cfd26032a395115"}
,"C:\\Users\\ShaoyuChen\\Desktop\\Hack Reactor\\rfp2404-fec\\client\\src\\components\\Overview\\StyleController.js": {"path":"C:\\Users\\ShaoyuChen\\Desktop\\Hack Reactor\\rfp2404-fec\\client\\src\\components\\Overview\\StyleController.js","statementMap":{"0":{"start":{"line":4,"column":20},"end":{"line":16,"column":1}},"1":{"start":{"line":5,"column":2},"end":{"line":15,"column":3}},"2":{"start":{"line":6,"column":21},"end":{"line":10,"column":6}},"3":{"start":{"line":11,"column":4},"end":{"line":11,"column":33}},"4":{"start":{"line":13,"column":4},"end":{"line":13,"column":51}},"5":{"start":{"line":14,"column":4},"end":{"line":14,"column":14}}},"fnMap":{"0":{"name":"(anonymous_0)","decl":{"start":{"line":4,"column":20},"end":{"line":4,"column":21}},"loc":{"start":{"line":4,"column":41},"end":{"line":16,"column":1}},"line":4}},"branchMap":{},"s":{"0":1,"1":0,"2":0,"3":0,"4":0,"5":0},"f":{"0":0},"b":{},"_coverageSchema":"1a1c01bbd47fc00a2c39e90264f33305004495a9","hash":"1ba42c347fbba2cdc06b0f3599c3b49d779b84a1"}
,"C:\\Users\\ShaoyuChen\\Desktop\\Hack Reactor\\rfp2404-fec\\client\\src\\components\\Overview\\StyleSelector.jsx": {"path":"C:\\Users\\ShaoyuChen\\Desktop\\Hack Reactor\\rfp2404-fec\\client\\src\\components\\Overview\\StyleSelector.jsx","statementMap":{"0":{"start":{"line":3,"column":22},"end":{"line":21,"column":1}},"1":{"start":{"line":4,"column":2},"end":{"line":20,"column":4}},"2":{"start":{"line":9,"column":10},"end":{"line":16,"column":16}},"3":{"start":{"line":12,"column":27},"end":{"line":12,"column":47}}},"fnMap":{"0":{"name":"(anonymous_0)","decl":{"start":{"line":3,"column":22},"end":{"line":3,"column":23}},"loc":{"start":{"line":3,"column":53},"end":{"line":21,"column":1}},"line":3},"1":{"name":"(anonymous_1)","decl":{"start":{"line":8,"column":20},"end":{"line":8,"column":21}},"loc":{"start":{"line":9,"column":10},"end":{"line":16,"column":16}},"line":9},"2":{"name":"(anonymous_2)","decl":{"start":{"line":12,"column":21},"end":{"line":12,"column":22}},"loc":{"start":{"line":12,"column":27},"end":{"line":12,"column":47}},"line":12}},"branchMap":{"0":{"loc":{"start":{"line":11,"column":36},"end":{"line":11,"column":71}},"type":"cond-expr","locations":[{"start":{"line":11,"column":56},"end":{"line":11,"column":66}},{"start":{"line":11,"column":69},"end":{"line":11,"column":71}}],"line":11},"1":{"loc":{"start":{"line":15,"column":13},"end":{"line":15,"column":70}},"type":"binary-expr","locations":[{"start":{"line":15,"column":13},"end":{"line":15,"column":30}},{"start":{"line":15,"column":34},"end":{"line":15,"column":70}}],"line":15}},"s":{"0":1,"1":2,"2":4,"3":0},"f":{"0":2,"1":4,"2":0},"b":{"0":[2,2],"1":[4,2]},"_coverageSchema":"1a1c01bbd47fc00a2c39e90264f33305004495a9","hash":"fd2afc42c2370039272ef51730a45594e8dc5c3d"}
,"C:\\Users\\ShaoyuChen\\Desktop\\Hack Reactor\\rfp2404-fec\\client\\src\\components\\Overview\\Thumbnails.jsx": {"path":"C:\\Users\\ShaoyuChen\\Desktop\\Hack Reactor\\rfp2404-fec\\client\\src\\components\\Overview\\Thumbnails.jsx","statementMap":{"0":{"start":{"line":3,"column":19},"end":{"line":16,"column":1}},"1":{"start":{"line":4,"column":2},"end":{"line":15,"column":4}},"2":{"start":{"line":7,"column":8},"end":{"line":12,"column":10}},"3":{"start":{"line":10,"column":25},"end":{"line":10,"column":48}}},"fnMap":{"0":{"name":"(anonymous_0)","decl":{"start":{"line":3,"column":19},"end":{"line":3,"column":20}},"loc":{"start":{"line":3,"column":72},"end":{"line":16,"column":1}},"line":3},"1":{"name":"(anonymous_1)","decl":{"start":{"line":6,"column":18},"end":{"line":6,"column":19}},"loc":{"start":{"line":7,"column":8},"end":{"line":12,"column":10}},"line":7},"2":{"name":"(anonymous_2)","decl":{"start":{"line":10,"column":19},"end":{"line":10,"column":20}},"loc":{"start":{"line":10,"column":25},"end":{"line":10,"column":48}},"line":10}},"branchMap":{"0":{"loc":{"start":{"line":9,"column":34},"end":{"line":9,"column":79}},"type":"cond-expr","locations":[{"start":{"line":9,"column":64},"end":{"line":9,"column":74}},{"start":{"line":9,"column":77},"end":{"line":9,"column":79}}],"line":9}},"s":{"0":1,"1":0,"2":0,"3":0},"f":{"0":0,"1":0,"2":0},"b":{"0":[0,0]},"_coverageSchema":"1a1c01bbd47fc00a2c39e90264f33305004495a9","hash":"572b789af7819e08ee750727aa6315600abf2324"}
,"C:\\Users\\ShaoyuChen\\Desktop\\Hack Reactor\\rfp2404-fec\\client\\src\\components\\QA\\AddPhoto.jsx": {"path":"C:\\Users\\ShaoyuChen\\Desktop\\Hack Reactor\\rfp2404-fec\\client\\src\\components\\QA\\AddPhoto.jsx","statementMap":{"0":{"start":{"line":4,"column":40},"end":{"line":4,"column":45}},"1":{"start":{"line":5,"column":42},"end":{"line":5,"column":54}},"2":{"start":{"line":6,"column":29},"end":{"line":19,"column":5}},"3":{"start":{"line":7,"column":25},"end":{"line":7,"column":55}},"4":{"start":{"line":9,"column":8},"end":{"line":12,"column":9}},"5":{"start":{"line":10,"column":12},"end":{"line":10,"column":56}},"6":{"start":{"line":11,"column":12},"end":{"line":11,"column":19}},"7":{"start":{"line":14,"column":33},"end":{"line":17,"column":11}},"8":{"start":{"line":14,"column":55},"end":{"line":17,"column":9}},"9":{"start":{"line":18,"column":8},"end":{"line":18,"column":73}},"10":{"start":{"line":18,"column":36},"end":{"line":18,"column":71}},"11":{"start":{"line":20,"column":25},"end":{"line":29,"column":5}},"12":{"start":{"line":21,"column":8},"end":{"line":24,"column":9}},"13":{"start":{"line":22,"column":12},"end":{"line":22,"column":53}},"14":{"start":{"line":23,"column":12},"end":{"line":23,"column":19}},"15":{"start":{"line":26,"column":25},"end":{"line":26,"column":39}},"16":{"start":{"line":27,"column":8},"end":{"line":27,"column":75}},"17":{"start":{"line":27,"column":36},"end":{"line":27,"column":73}},"18":{"start":{"line":28,"column":8},"end":{"line":28,"column":34}},"19":{"start":{"line":31,"column":4},"end":{"line":35,"column":22}},"20":{"start":{"line":32,"column":8},"end":{"line":34,"column":10}},"21":{"start":{"line":33,"column":12},"end":{"line":33,"column":75}},"22":{"start":{"line":33,"column":40},"end":{"line":33,"column":73}},"23":{"start":{"line":38,"column":4},"end":{"line":54,"column":8}},"24":{"start":{"line":45,"column":24},"end":{"line":49,"column":30}}},"fnMap":{"0":{"name":"AddPhoto","decl":{"start":{"line":3,"column":24},"end":{"line":3,"column":32}},"loc":{"start":{"line":3,"column":40},"end":{"line":55,"column":1}},"line":3},"1":{"name":"(anonymous_1)","decl":{"start":{"line":6,"column":29},"end":{"line":6,"column":30}},"loc":{"start":{"line":6,"column":40},"end":{"line":19,"column":5}},"line":6},"2":{"name":"(anonymous_2)","decl":{"start":{"line":14,"column":46},"end":{"line":14,"column":47}},"loc":{"start":{"line":14,"column":55},"end":{"line":17,"column":9}},"line":14},"3":{"name":"(anonymous_3)","decl":{"start":{"line":18,"column":23},"end":{"line":18,"column":24}},"loc":{"start":{"line":18,"column":36},"end":{"line":18,"column":71}},"line":18},"4":{"name":"(anonymous_4)","decl":{"start":{"line":20,"column":25},"end":{"line":20,"column":26}},"loc":{"start":{"line":20,"column":31},"end":{"line":29,"column":5}},"line":20},"5":{"name":"(anonymous_5)","decl":{"start":{"line":27,"column":28},"end":{"line":27,"column":29}},"loc":{"start":{"line":27,"column":36},"end":{"line":27,"column":73}},"line":27},"6":{"name":"(anonymous_6)","decl":{"start":{"line":31,"column":14},"end":{"line":31,"column":15}},"loc":{"start":{"line":31,"column":20},"end":{"line":35,"column":5}},"line":31},"7":{"name":"(anonymous_7)","decl":{"start":{"line":32,"column":15},"end":{"line":32,"column":16}},"loc":{"start":{"line":32,"column":21},"end":{"line":34,"column":9}},"line":32},"8":{"name":"(anonymous_8)","decl":{"start":{"line":33,"column":32},"end":{"line":33,"column":33}},"loc":{"start":{"line":33,"column":40},"end":{"line":33,"column":73}},"line":33},"9":{"name":"(anonymous_9)","decl":{"start":{"line":44,"column":37},"end":{"line":44,"column":38}},"loc":{"start":{"line":45,"column":24},"end":{"line":49,"column":30}},"line":45}},"branchMap":{"0":{"loc":{"start":{"line":9,"column":8},"end":{"line":12,"column":9}},"type":"if","locations":[{"start":{"line":9,"column":8},"end":{"line":12,"column":9}},{"start":{},"end":{}}],"line":9},"1":{"loc":{"start":{"line":21,"column":8},"end":{"line":24,"column":9}},"type":"if","locations":[{"start":{"line":21,"column":8},"end":{"line":24,"column":9}},{"start":{},"end":{}}],"line":21},"2":{"loc":{"start":{"line":42,"column":13},"end":{"line":52,"column":13}},"type":"binary-expr","locations":[{"start":{"line":42,"column":13},"end":{"line":42,"column":35}},{"start":{"line":43,"column":16},"end":{"line":51,"column":22}}],"line":42},"3":{"loc":{"start":{"line":46,"column":29},"end":{"line":48,"column":29}},"type":"binary-expr","locations":[{"start":{"line":46,"column":29},"end":{"line":46,"column":64}},{"start":{"line":47,"column":32},"end":{"line":47,"column":114}}],"line":46}},"s":{"0":4,"1":4,"2":4,"3":0,"4":0,"5":0,"6":0,"7":0,"8":0,"9":0,"10":0,"11":4,"12":0,"13":0,"14":0,"15":0,"16":0,"17":0,"18":0,"19":4,"20":1,"21":1,"22":0,"23":4,"24":0},"f":{"0":4,"1":0,"2":0,"3":0,"4":0,"5":0,"6":1,"7":1,"8":0,"9":0},"b":{"0":[0,0],"1":[0,0],"2":[4,0],"3":[0,0]},"_coverageSchema":"1a1c01bbd47fc00a2c39e90264f33305004495a9","hash":"de2289c802c1a59e03589a29c9f1e6a67f586e2d"}
,"C:\\Users\\ShaoyuChen\\Desktop\\Hack Reactor\\rfp2404-fec\\client\\src\\components\\QA\\AddQuestionForm.jsx": {"path":"C:\\Users\\ShaoyuChen\\Desktop\\Hack Reactor\\rfp2404-fec\\client\\src\\components\\QA\\AddQuestionForm.jsx","statementMap":{"0":{"start":{"line":6,"column":22},"end":{"line":6,"column":37}},"1":{"start":{"line":7,"column":44},"end":{"line":11,"column":6}},"2":{"start":{"line":12,"column":16},"end":{"line":12,"column":41}},"3":{"start":{"line":13,"column":30},"end":{"line":22,"column":5}},"4":{"start":{"line":14,"column":8},"end":{"line":14,"column":27}},"5":{"start":{"line":15,"column":30},"end":{"line":15,"column":38}},"6":{"start":{"line":16,"column":8},"end":{"line":21,"column":9}},"7":{"start":{"line":26,"column":27},"end":{"line":43,"column":5}},"8":{"start":{"line":27,"column":8},"end":{"line":27,"column":31}},"9":{"start":{"line":28,"column":8},"end":{"line":28,"column":25}},"10":{"start":{"line":29,"column":8},"end":{"line":41,"column":10}},"11":{"start":{"line":38,"column":12},"end":{"line":38,"column":38}},"12":{"start":{"line":40,"column":12},"end":{"line":40,"column":23}},"13":{"start":{"line":44,"column":4},"end":{"line":64,"column":5}}},"fnMap":{"0":{"name":"AddQuestionForm","decl":{"start":{"line":5,"column":24},"end":{"line":5,"column":39}},"loc":{"start":{"line":5,"column":47},"end":{"line":65,"column":1}},"line":5},"1":{"name":"(anonymous_1)","decl":{"start":{"line":13,"column":30},"end":{"line":13,"column":31}},"loc":{"start":{"line":13,"column":35},"end":{"line":22,"column":5}},"line":13},"2":{"name":"(anonymous_2)","decl":{"start":{"line":26,"column":27},"end":{"line":26,"column":28}},"loc":{"start":{"line":26,"column":37},"end":{"line":43,"column":5}},"line":26},"3":{"name":"(anonymous_3)","decl":{"start":{"line":37,"column":16},"end":{"line":37,"column":17}},"loc":{"start":{"line":37,"column":35},"end":{"line":39,"column":9}},"line":37},"4":{"name":"(anonymous_4)","decl":{"start":{"line":39,"column":17},"end":{"line":39,"column":18}},"loc":{"start":{"line":39,"column":31},"end":{"line":41,"column":9}},"line":39}},"branchMap":{},"s":{"0":5,"1":5,"2":5,"3":5,"4":3,"5":3,"6":3,"7":5,"8":0,"9":0,"10":0,"11":0,"12":0,"13":5},"f":{"0":5,"1":3,"2":0,"3":0,"4":0},"b":{},"_coverageSchema":"1a1c01bbd47fc00a2c39e90264f33305004495a9","hash":"854e53e27cb11d6c24df123d8e197437bb20e382"}
,"C:\\Users\\ShaoyuChen\\Desktop\\Hack Reactor\\rfp2404-fec\\client\\src\\components\\QA\\AddQuestionModal.jsx": {"path":"C:\\Users\\ShaoyuChen\\Desktop\\Hack Reactor\\rfp2404-fec\\client\\src\\components\\QA\\AddQuestionModal.jsx","statementMap":{"0":{"start":{"line":4,"column":36},"end":{"line":4,"column":51}},"1":{"start":{"line":6,"column":35},"end":{"line":8,"column":5}},"2":{"start":{"line":7,"column":8},"end":{"line":7,"column":31}},"3":{"start":{"line":10,"column":28},"end":{"line":12,"column":5}},"4":{"start":{"line":11,"column":8},"end":{"line":11,"column":27}},"5":{"start":{"line":14,"column":4},"end":{"line":18,"column":5}}},"fnMap":{"0":{"name":"AddQuestion","decl":{"start":{"line":3,"column":24},"end":{"line":3,"column":35}},"loc":{"start":{"line":3,"column":38},"end":{"line":19,"column":1}},"line":3},"1":{"name":"(anonymous_1)","decl":{"start":{"line":6,"column":35},"end":{"line":6,"column":36}},"loc":{"start":{"line":6,"column":40},"end":{"line":8,"column":5}},"line":6},"2":{"name":"(anonymous_2)","decl":{"start":{"line":10,"column":28},"end":{"line":10,"column":29}},"loc":{"start":{"line":10,"column":34},"end":{"line":12,"column":5}},"line":10}},"branchMap":{"0":{"loc":{"start":{"line":16,"column":9},"end":{"line":16,"column":75}},"type":"cond-expr","locations":[{"start":{"line":16,"column":20},"end":{"line":16,"column":68}},{"start":{"line":16,"column":71},"end":{"line":16,"column":75}}],"line":16}},"s":{"0":5,"1":5,"2":1,"3":5,"4":0,"5":5},"f":{"0":5,"1":1,"2":0},"b":{"0":[1,4]},"_coverageSchema":"1a1c01bbd47fc00a2c39e90264f33305004495a9","hash":"bd2152b645d4aeb0de722bb66f34d44d7d0296e7"}
,"C:\\Users\\ShaoyuChen\\Desktop\\Hack Reactor\\rfp2404-fec\\client\\src\\components\\QA\\Addanswer.jsx": {"path":"C:\\Users\\ShaoyuChen\\Desktop\\Hack Reactor\\rfp2404-fec\\client\\src\\components\\QA\\Addanswer.jsx","statementMap":{"0":{"start":{"line":4,"column":35},"end":{"line":4,"column":50}},"1":{"start":{"line":6,"column":26},"end":{"line":8,"column":5}},"2":{"start":{"line":7,"column":8},"end":{"line":7,"column":31}},"3":{"start":{"line":9,"column":27},"end":{"line":11,"column":5}},"4":{"start":{"line":10,"column":8},"end":{"line":10,"column":31}},"5":{"start":{"line":12,"column":4},"end":{"line":17,"column":5}}},"fnMap":{"0":{"name":"Addanswer","decl":{"start":{"line":3,"column":24},"end":{"line":3,"column":33}},"loc":{"start":{"line":3,"column":36},"end":{"line":18,"column":1}},"line":3},"1":{"name":"(anonymous_1)","decl":{"start":{"line":6,"column":26},"end":{"line":6,"column":27}},"loc":{"start":{"line":6,"column":32},"end":{"line":8,"column":5}},"line":6},"2":{"name":"(anonymous_2)","decl":{"start":{"line":9,"column":27},"end":{"line":9,"column":28}},"loc":{"start":{"line":9,"column":32},"end":{"line":11,"column":5}},"line":9}},"branchMap":{"0":{"loc":{"start":{"line":15,"column":9},"end":{"line":15,"column":78}},"type":"cond-expr","locations":[{"start":{"line":15,"column":20},"end":{"line":15,"column":71}},{"start":{"line":15,"column":74},"end":{"line":15,"column":78}}],"line":15}},"s":{"0":10,"1":10,"2":1,"3":10,"4":0,"5":10},"f":{"0":10,"1":1,"2":0},"b":{"0":[1,9]},"_coverageSchema":"1a1c01bbd47fc00a2c39e90264f33305004495a9","hash":"d0f0457183bbe51b8cac0ebbac45e3e0917e5e20"}
,"C:\\Users\\ShaoyuChen\\Desktop\\Hack Reactor\\rfp2404-fec\\client\\src\\components\\QA\\Answer.jsx": {"path":"C:\\Users\\ShaoyuChen\\Desktop\\Hack Reactor\\rfp2404-fec\\client\\src\\components\\QA\\Answer.jsx","statementMap":{"0":{"start":{"line":9,"column":24},"end":{"line":9,"column":32}},"1":{"start":{"line":11,"column":16},"end":{"line":11,"column":64}},"2":{"start":{"line":12,"column":42},"end":{"line":12,"column":54}},"3":{"start":{"line":13,"column":36},"end":{"line":13,"column":51}},"4":{"start":{"line":14,"column":4},"end":{"line":24,"column":22}},"5":{"start":{"line":15,"column":8},"end":{"line":23,"column":10}},"6":{"start":{"line":20,"column":12},"end":{"line":20,"column":97}},"7":{"start":{"line":20,"column":65},"end":{"line":20,"column":94}},"8":{"start":{"line":22,"column":12},"end":{"line":22,"column":29}},"9":{"start":{"line":25,"column":24},"end":{"line":28,"column":5}},"10":{"start":{"line":26,"column":8},"end":{"line":26,"column":27}},"11":{"start":{"line":27,"column":8},"end":{"line":27,"column":30}},"12":{"start":{"line":29,"column":4},"end":{"line":29,"column":28}},"13":{"start":{"line":30,"column":4},"end":{"line":59,"column":5}},"14":{"start":{"line":35,"column":20},"end":{"line":52,"column":26}}},"fnMap":{"0":{"name":"Answer","decl":{"start":{"line":8,"column":24},"end":{"line":8,"column":30}},"loc":{"start":{"line":8,"column":38},"end":{"line":60,"column":1}},"line":8},"1":{"name":"(anonymous_1)","decl":{"start":{"line":14,"column":14},"end":{"line":14,"column":15}},"loc":{"start":{"line":14,"column":20},"end":{"line":24,"column":5}},"line":14},"2":{"name":"(anonymous_2)","decl":{"start":{"line":19,"column":15},"end":{"line":19,"column":16}},"loc":{"start":{"line":19,"column":36},"end":{"line":21,"column":9}},"line":19},"3":{"name":"(anonymous_3)","decl":{"start":{"line":20,"column":55},"end":{"line":20,"column":56}},"loc":{"start":{"line":20,"column":65},"end":{"line":20,"column":94}},"line":20},"4":{"name":"(anonymous_4)","decl":{"start":{"line":21,"column":17},"end":{"line":21,"column":18}},"loc":{"start":{"line":21,"column":32},"end":{"line":23,"column":9}},"line":21},"5":{"name":"(anonymous_5)","decl":{"start":{"line":25,"column":24},"end":{"line":25,"column":25}},"loc":{"start":{"line":25,"column":31},"end":{"line":28,"column":5}},"line":25},"6":{"name":"(anonymous_6)","decl":{"start":{"line":33,"column":77},"end":{"line":33,"column":78}},"loc":{"start":{"line":35,"column":20},"end":{"line":52,"column":26}},"line":35}},"branchMap":{"0":{"loc":{"start":{"line":33,"column":38},"end":{"line":33,"column":71}},"type":"cond-expr","locations":[{"start":{"line":33,"column":49},"end":{"line":33,"column":67}},{"start":{"line":33,"column":70},"end":{"line":33,"column":71}}],"line":33},"1":{"loc":{"start":{"line":37,"column":35},"end":{"line":37,"column":61}},"type":"cond-expr","locations":[{"start":{"line":37,"column":46},"end":{"line":37,"column":52}},{"start":{"line":37,"column":55},"end":{"line":37,"column":61}}],"line":37},"2":{"loc":{"start":{"line":38,"column":35},"end":{"line":38,"column":65}},"type":"cond-expr","locations":[{"start":{"line":38,"column":46},"end":{"line":38,"column":54}},{"start":{"line":38,"column":57},"end":{"line":38,"column":65}}],"line":38},"3":{"loc":{"start":{"line":39,"column":32},"end":{"line":39,"column":68}},"type":"cond-expr","locations":[{"start":{"line":39,"column":43},"end":{"line":39,"column":59}},{"start":{"line":39,"column":62},"end":{"line":39,"column":68}}],"line":39},"4":{"loc":{"start":{"line":54,"column":17},"end":{"line":54,"column":156}},"type":"binary-expr","locations":[{"start":{"line":54,"column":17},"end":{"line":54,"column":39}},{"start":{"line":54,"column":44},"end":{"line":54,"column":155}}],"line":54},"5":{"loc":{"start":{"line":54,"column":95},"end":{"line":54,"column":147}},"type":"cond-expr","locations":[{"start":{"line":54,"column":106},"end":{"line":54,"column":124}},{"start":{"line":54,"column":127},"end":{"line":54,"column":147}}],"line":54}},"s":{"0":5,"1":5,"2":5,"3":5,"4":5,"5":4,"6":1,"7":3,"8":1,"9":5,"10":0,"11":0,"12":5,"13":5,"14":2},"f":{"0":5,"1":4,"2":1,"3":3,"4":1,"5":0,"6":2},"b":{"0":[0,5],"1":[0,2],"2":[0,2],"3":[0,2],"4":[5,1],"5":[0,1]},"_coverageSchema":"1a1c01bbd47fc00a2c39e90264f33305004495a9","hash":"b2e0f11d535d971a4b6559dc861df88a762b8d6b"}
,"C:\\Users\\ShaoyuChen\\Desktop\\Hack Reactor\\rfp2404-fec\\client\\src\\components\\QA\\AnswerBody.jsx": {"path":"C:\\Users\\ShaoyuChen\\Desktop\\Hack Reactor\\rfp2404-fec\\client\\src\\components\\QA\\AnswerBody.jsx","statementMap":{"0":{"start":{"line":4,"column":4},"end":{"line":8,"column":5}}},"fnMap":{"0":{"name":"AnswerBody","decl":{"start":{"line":3,"column":24},"end":{"line":3,"column":34}},"loc":{"start":{"line":3,"column":42},"end":{"line":9,"column":1}},"line":3}},"branchMap":{},"s":{"0":3},"f":{"0":3},"b":{},"_coverageSchema":"1a1c01bbd47fc00a2c39e90264f33305004495a9","hash":"997d5ae4a604b9b6a8ec5b3897ffdf6c29b5d663"}
,"C:\\Users\\ShaoyuChen\\Desktop\\Hack Reactor\\rfp2404-fec\\client\\src\\components\\QA\\AnswerForm.jsx": {"path":"C:\\Users\\ShaoyuChen\\Desktop\\Hack Reactor\\rfp2404-fec\\client\\src\\components\\QA\\AnswerForm.jsx","statementMap":{"0":{"start":{"line":6,"column":22},"end":{"line":6,"column":37}},"1":{"start":{"line":7,"column":36},"end":{"line":7,"column":51}},"2":{"start":{"line":8,"column":40},"end":{"line":12,"column":6}},"3":{"start":{"line":13,"column":38},"end":{"line":13,"column":50}},"4":{"start":{"line":14,"column":16},"end":{"line":14,"column":41}},"5":{"start":{"line":15,"column":30},"end":{"line":23,"column":5}},"6":{"start":{"line":16,"column":30},"end":{"line":16,"column":38}},"7":{"start":{"line":17,"column":8},"end":{"line":22,"column":9}},"8":{"start":{"line":25,"column":8},"end":{"line":25,"column":31}},"9":{"start":{"line":26,"column":8},"end":{"line":26,"column":25}},"10":{"start":{"line":29,"column":4},"end":{"line":29,"column":26}},"11":{"start":{"line":30,"column":4},"end":{"line":52,"column":5}},"12":{"start":{"line":45,"column":62},"end":{"line":45,"column":84}}},"fnMap":{"0":{"name":"AnswerForm","decl":{"start":{"line":5,"column":24},"end":{"line":5,"column":34}},"loc":{"start":{"line":5,"column":42},"end":{"line":54,"column":1}},"line":5},"1":{"name":"(anonymous_1)","decl":{"start":{"line":15,"column":30},"end":{"line":15,"column":31}},"loc":{"start":{"line":15,"column":35},"end":{"line":23,"column":5}},"line":15},"2":{"name":"submitAnswer","decl":{"start":{"line":24,"column":13},"end":{"line":24,"column":25}},"loc":{"start":{"line":24,"column":33},"end":{"line":27,"column":5}},"line":24},"3":{"name":"(anonymous_3)","decl":{"start":{"line":45,"column":56},"end":{"line":45,"column":57}},"loc":{"start":{"line":45,"column":61},"end":{"line":45,"column":85}},"line":45}},"branchMap":{"0":{"loc":{"start":{"line":45,"column":21},"end":{"line":45,"column":105}},"type":"cond-expr","locations":[{"start":{"line":45,"column":32},"end":{"line":45,"column":36}},{"start":{"line":45,"column":39},"end":{"line":45,"column":105}}],"line":45},"1":{"loc":{"start":{"line":46,"column":21},"end":{"line":46,"column":108}},"type":"cond-expr","locations":[{"start":{"line":46,"column":32},"end":{"line":46,"column":101}},{"start":{"line":46,"column":104},"end":{"line":46,"column":108}}],"line":46}},"s":{"0":6,"1":6,"2":6,"3":6,"4":6,"5":6,"6":3,"7":3,"8":0,"9":0,"10":6,"11":6,"12":1},"f":{"0":6,"1":3,"2":0,"3":1},"b":{"0":[4,2],"1":[4,2]},"_coverageSchema":"1a1c01bbd47fc00a2c39e90264f33305004495a9","hash":"960b8cb6790e3c0281be33d57602067bb18bf9b4"}
,"C:\\Users\\ShaoyuChen\\Desktop\\Hack Reactor\\rfp2404-fec\\client\\src\\components\\QA\\AnswerList.jsx": {"path":"C:\\Users\\ShaoyuChen\\Desktop\\Hack Reactor\\rfp2404-fec\\client\\src\\components\\QA\\AnswerList.jsx","statementMap":{"0":{"start":{"line":9,"column":42},"end":{"line":9,"column":69}},"1":{"start":{"line":10,"column":32},"end":{"line":10,"column":47}},"2":{"start":{"line":11,"column":21},"end":{"line":11,"column":58}},"3":{"start":{"line":12,"column":34},"end":{"line":12,"column":49}},"4":{"start":{"line":13,"column":27},"end":{"line":30,"column":5}},"5":{"start":{"line":14,"column":8},"end":{"line":20,"column":9}},"6":{"start":{"line":15,"column":8},"end":{"line":15,"column":39}},"7":{"start":{"line":16,"column":8},"end":{"line":16,"column":28}},"8":{"start":{"line":18,"column":12},"end":{"line":18,"column":44}},"9":{"start":{"line":19,"column":12},"end":{"line":19,"column":32}},"10":{"start":{"line":21,"column":8},"end":{"line":29,"column":15}},"11":{"start":{"line":25,"column":16},"end":{"line":25,"column":77}},"12":{"start":{"line":28,"column":16},"end":{"line":28,"column":72}},"13":{"start":{"line":31,"column":31},"end":{"line":41,"column":5}},"14":{"start":{"line":32,"column":8},"end":{"line":32,"column":27}},"15":{"start":{"line":44,"column":4},"end":{"line":58,"column":10}}},"fnMap":{"0":{"name":"AnswerList","decl":{"start":{"line":8,"column":24},"end":{"line":8,"column":34}},"loc":{"start":{"line":8,"column":42},"end":{"line":59,"column":1}},"line":8},"1":{"name":"(anonymous_1)","decl":{"start":{"line":13,"column":27},"end":{"line":13,"column":28}},"loc":{"start":{"line":13,"column":34},"end":{"line":30,"column":5}},"line":13},"2":{"name":"(anonymous_2)","decl":{"start":{"line":24,"column":18},"end":{"line":24,"column":19}},"loc":{"start":{"line":24,"column":32},"end":{"line":26,"column":13}},"line":24},"3":{"name":"(anonymous_3)","decl":{"start":{"line":27,"column":19},"end":{"line":27,"column":20}},"loc":{"start":{"line":27,"column":28},"end":{"line":29,"column":13}},"line":27},"4":{"name":"(anonymous_4)","decl":{"start":{"line":31,"column":31},"end":{"line":31,"column":32}},"loc":{"start":{"line":31,"column":37},"end":{"line":41,"column":5}},"line":31}},"branchMap":{"0":{"loc":{"start":{"line":14,"column":8},"end":{"line":20,"column":9}},"type":"if","locations":[{"start":{"line":14,"column":8},"end":{"line":20,"column":9}},{"start":{"line":17,"column":14},"end":{"line":20,"column":9}}],"line":14},"1":{"loc":{"start":{"line":46,"column":48},"end":{"line":46,"column":101}},"type":"cond-expr","locations":[{"start":{"line":46,"column":59},"end":{"line":46,"column":88}},{"start":{"line":46,"column":91},"end":{"line":46,"column":101}}],"line":46},"2":{"loc":{"start":{"line":57,"column":83},"end":{"line":57,"column":119}},"type":"cond-expr","locations":[{"start":{"line":57,"column":92},"end":{"line":57,"column":105}},{"start":{"line":57,"column":108},"end":{"line":57,"column":119}}],"line":57}},"s":{"0":12,"1":12,"2":12,"3":12,"4":12,"5":3,"6":2,"7":2,"8":1,"9":1,"10":3,"11":0,"12":0,"13":12,"14":2,"15":12},"f":{"0":12,"1":3,"2":0,"3":0,"4":2},"b":{"0":[2,1],"1":[1,11],"2":[1,11]},"_coverageSchema":"1a1c01bbd47fc00a2c39e90264f33305004495a9","hash":"943bcbee6a9d4d42dd4fca68e37051a65e820724"}
,"C:\\Users\\ShaoyuChen\\Desktop\\Hack Reactor\\rfp2404-fec\\client\\src\\components\\QA\\AnswerModal.jsx": {"path":"C:\\Users\\ShaoyuChen\\Desktop\\Hack Reactor\\rfp2404-fec\\client\\src\\components\\QA\\AnswerModal.jsx","statementMap":{"0":{"start":{"line":4,"column":28},"end":{"line":4,"column":49}},"1":{"start":{"line":5,"column":4},"end":{"line":16,"column":5}}},"fnMap":{"0":{"name":"AnswerModal","decl":{"start":{"line":3,"column":24},"end":{"line":3,"column":35}},"loc":{"start":{"line":3,"column":43},"end":{"line":17,"column":1}},"line":3}},"branchMap":{},"s":{"0":1,"1":1},"f":{"0":1},"b":{},"_coverageSchema":"1a1c01bbd47fc00a2c39e90264f33305004495a9","hash":"866606fe596db7d3b5c6913cca0ac40d7d5d8725"}
,"C:\\Users\\ShaoyuChen\\Desktop\\Hack Reactor\\rfp2404-fec\\client\\src\\components\\QA\\IsoConvert.jsx": {"path":"C:\\Users\\ShaoyuChen\\Desktop\\Hack Reactor\\rfp2404-fec\\client\\src\\components\\QA\\IsoConvert.jsx","statementMap":{"0":{"start":{"line":2,"column":18},"end":{"line":16,"column":3}},"1":{"start":{"line":3,"column":20},"end":{"line":3,"column":142}},"2":{"start":{"line":4,"column":15},"end":{"line":4,"column":32}},"3":{"start":{"line":5,"column":22},"end":{"line":5,"column":37}},"4":{"start":{"line":6,"column":16},"end":{"line":6,"column":38}},"5":{"start":{"line":7,"column":13},"end":{"line":7,"column":27}},"6":{"start":{"line":8,"column":15},"end":{"line":8,"column":33}},"7":{"start":{"line":10,"column":2},"end":{"line":14,"column":4}}},"fnMap":{"0":{"name":"(anonymous_0)","decl":{"start":{"line":2,"column":18},"end":{"line":2,"column":19}},"loc":{"start":{"line":2,"column":33},"end":{"line":16,"column":3}},"line":2}},"branchMap":{},"s":{"0":1,"1":13,"2":13,"3":13,"4":13,"5":13,"6":13,"7":13},"f":{"0":13},"b":{},"_coverageSchema":"1a1c01bbd47fc00a2c39e90264f33305004495a9","hash":"d69289c3dd28add0ec29b5d297f9da4e21866e8f"}
,"C:\\Users\\ShaoyuChen\\Desktop\\Hack Reactor\\rfp2404-fec\\client\\src\\components\\QA\\Photo.jsx": {"path":"C:\\Users\\ShaoyuChen\\Desktop\\Hack Reactor\\rfp2404-fec\\client\\src\\components\\QA\\Photo.jsx","statementMap":{"0":{"start":{"line":5,"column":29},"end":{"line":7,"column":5}},"1":{"start":{"line":9,"column":4},"end":{"line":26,"column":5}},"2":{"start":{"line":16,"column":24},"end":{"line":18,"column":30}}},"fnMap":{"0":{"name":"Photo","decl":{"start":{"line":3,"column":24},"end":{"line":3,"column":29}},"loc":{"start":{"line":3,"column":37},"end":{"line":27,"column":1}},"line":3},"1":{"name":"(anonymous_1)","decl":{"start":{"line":5,"column":29},"end":{"line":5,"column":30}},"loc":{"start":{"line":5,"column":34},"end":{"line":7,"column":5}},"line":5},"2":{"name":"(anonymous_2)","decl":{"start":{"line":14,"column":33},"end":{"line":14,"column":34}},"loc":{"start":{"line":16,"column":24},"end":{"line":18,"column":30}},"line":16}},"branchMap":{"0":{"loc":{"start":{"line":10,"column":8},"end":{"line":25,"column":9}},"type":"cond-expr","locations":[{"start":{"line":11,"column":12},"end":{"line":22,"column":15}},{"start":{"line":24,"column":12},"end":{"line":24,"column":17}}],"line":10}},"s":{"0":4,"1":4,"2":4},"f":{"0":4,"1":0,"2":4},"b":{"0":[4,0]},"_coverageSchema":"1a1c01bbd47fc00a2c39e90264f33305004495a9","hash":"beec8fb6c405a567e428009fe90e362222e79a06"}
,"C:\\Users\\ShaoyuChen\\Desktop\\Hack Reactor\\rfp2404-fec\\client\\src\\components\\QA\\Question.jsx": {"path":"C:\\Users\\ShaoyuChen\\Desktop\\Hack Reactor\\rfp2404-fec\\client\\src\\components\\QA\\Question.jsx","statementMap":{"0":{"start":{"line":6,"column":42},"end":{"line":6,"column":47}},"1":{"start":{"line":7,"column":34},"end":{"line":7,"column":55}},"2":{"start":{"line":8,"column":34},"end":{"line":8,"column":49}},"3":{"start":{"line":9,"column":27},"end":{"line":27,"column":5}},"4":{"start":{"line":10,"column":8},"end":{"line":10,"column":27}},"5":{"start":{"line":11,"column":8},"end":{"line":17,"column":9}},"6":{"start":{"line":12,"column":12},"end":{"line":12,"column":35}},"7":{"start":{"line":13,"column":12},"end":{"line":13,"column":32}},"8":{"start":{"line":15,"column":12},"end":{"line":15,"column":36}},"9":{"start":{"line":16,"column":12},"end":{"line":16,"column":32}},"10":{"start":{"line":18,"column":8},"end":{"line":26,"column":15}},"11":{"start":{"line":22,"column":16},"end":{"line":22,"column":77}},"12":{"start":{"line":25,"column":16},"end":{"line":25,"column":72}},"13":{"start":{"line":28,"column":4},"end":{"line":43,"column":5}}},"fnMap":{"0":{"name":"Question","decl":{"start":{"line":5,"column":24},"end":{"line":5,"column":32}},"loc":{"start":{"line":5,"column":40},"end":{"line":44,"column":1}},"line":5},"1":{"name":"(anonymous_1)","decl":{"start":{"line":9,"column":27},"end":{"line":9,"column":28}},"loc":{"start":{"line":9,"column":34},"end":{"line":27,"column":5}},"line":9},"2":{"name":"(anonymous_2)","decl":{"start":{"line":21,"column":18},"end":{"line":21,"column":19}},"loc":{"start":{"line":21,"column":32},"end":{"line":23,"column":13}},"line":21},"3":{"name":"(anonymous_3)","decl":{"start":{"line":24,"column":19},"end":{"line":24,"column":20}},"loc":{"start":{"line":24,"column":28},"end":{"line":26,"column":13}},"line":24}},"branchMap":{"0":{"loc":{"start":{"line":11,"column":8},"end":{"line":17,"column":9}},"type":"if","locations":[{"start":{"line":11,"column":8},"end":{"line":17,"column":9}},{"start":{"line":14,"column":15},"end":{"line":17,"column":9}}],"line":11}},"s":{"0":8,"1":8,"2":8,"3":8,"4":3,"5":3,"6":2,"7":2,"8":1,"9":1,"10":3,"11":3,"12":0,"13":8},"f":{"0":8,"1":3,"2":3,"3":0},"b":{"0":[2,1]},"_coverageSchema":"1a1c01bbd47fc00a2c39e90264f33305004495a9","hash":"94f3a0b022fab4412bce098bd445caa0f086f838"}
,"C:\\Users\\ShaoyuChen\\Desktop\\Hack Reactor\\rfp2404-fec\\client\\src\\components\\QA\\QuestionFormModal.jsx": {"path":"C:\\Users\\ShaoyuChen\\Desktop\\Hack Reactor\\rfp2404-fec\\client\\src\\components\\QA\\QuestionFormModal.jsx","statementMap":{"0":{"start":{"line":5,"column":28},"end":{"line":5,"column":49}},"1":{"start":{"line":6,"column":21},"end":{"line":6,"column":33}},"2":{"start":{"line":7,"column":4},"end":{"line":20,"column":9}},"3":{"start":{"line":9,"column":12},"end":{"line":11,"column":13}},"4":{"start":{"line":10,"column":16},"end":{"line":10,"column":34}},"5":{"start":{"line":15,"column":8},"end":{"line":15,"column":67}},"6":{"start":{"line":16,"column":8},"end":{"line":19,"column":10}},"7":{"start":{"line":18,"column":12},"end":{"line":18,"column":74}},"8":{"start":{"line":22,"column":4},"end":{"line":33,"column":5}}},"fnMap":{"0":{"name":"QuestionFormModal","decl":{"start":{"line":4,"column":24},"end":{"line":4,"column":41}},"loc":{"start":{"line":4,"column":49},"end":{"line":34,"column":1}},"line":4},"1":{"name":"(anonymous_1)","decl":{"start":{"line":7,"column":14},"end":{"line":7,"column":15}},"loc":{"start":{"line":7,"column":20},"end":{"line":20,"column":5}},"line":7},"2":{"name":"handleClickOutside","decl":{"start":{"line":8,"column":17},"end":{"line":8,"column":35}},"loc":{"start":{"line":8,"column":43},"end":{"line":12,"column":9}},"line":8},"3":{"name":"(anonymous_3)","decl":{"start":{"line":16,"column":15},"end":{"line":16,"column":16}},"loc":{"start":{"line":16,"column":21},"end":{"line":19,"column":9}},"line":16}},"branchMap":{"0":{"loc":{"start":{"line":9,"column":12},"end":{"line":11,"column":13}},"type":"if","locations":[{"start":{"line":9,"column":12},"end":{"line":11,"column":13}},{"start":{},"end":{}}],"line":9},"1":{"loc":{"start":{"line":9,"column":16},"end":{"line":9,"column":76}},"type":"binary-expr","locations":[{"start":{"line":9,"column":16},"end":{"line":9,"column":32}},{"start":{"line":9,"column":36},"end":{"line":9,"column":76}}],"line":9}},"s":{"0":1,"1":1,"2":1,"3":0,"4":0,"5":1,"6":1,"7":1,"8":1},"f":{"0":1,"1":1,"2":0,"3":1},"b":{"0":[0,0],"1":[0,0]},"_coverageSchema":"1a1c01bbd47fc00a2c39e90264f33305004495a9","hash":"cb2570e3f58565cb1da7fe1ccdd71cf3a306a9f4"}
,"C:\\Users\\ShaoyuChen\\Desktop\\Hack Reactor\\rfp2404-fec\\client\\src\\components\\QA\\QuestionList.jsx": {"path":"C:\\Users\\ShaoyuChen\\Desktop\\Hack Reactor\\rfp2404-fec\\client\\src\\components\\QA\\QuestionList.jsx","statementMap":{"0":{"start":{"line":8,"column":21},"end":{"line":56,"column":1}},"1":{"start":{"line":9,"column":46},"end":{"line":9,"column":58}},"2":{"start":{"line":10,"column":38},"end":{"line":10,"column":50}},"3":{"start":{"line":11,"column":34},"end":{"line":11,"column":49}},"4":{"start":{"line":12,"column":38},"end":{"line":12,"column":53}},"5":{"start":{"line":13,"column":16},"end":{"line":13,"column":41}},"6":{"start":{"line":14,"column":4},"end":{"line":27,"column":11}},"7":{"start":{"line":15,"column":8},"end":{"line":26,"column":14}},"8":{"start":{"line":22,"column":16},"end":{"line":22,"column":56}},"9":{"start":{"line":25,"column":16},"end":{"line":25,"column":33}},"10":{"start":{"line":28,"column":4},"end":{"line":28,"column":30}},"11":{"start":{"line":30,"column":27},"end":{"line":30,"column":185}},"12":{"start":{"line":30,"column":98},"end":{"line":30,"column":168}},"13":{"start":{"line":32,"column":4},"end":{"line":54,"column":5}},"14":{"start":{"line":40,"column":20},"end":{"line":44,"column":26}},"15":{"start":{"line":50,"column":108},"end":{"line":50,"column":128}}},"fnMap":{"0":{"name":"(anonymous_0)","decl":{"start":{"line":8,"column":21},"end":{"line":8,"column":22}},"loc":{"start":{"line":8,"column":38},"end":{"line":56,"column":1}},"line":8},"1":{"name":"(anonymous_1)","decl":{"start":{"line":14,"column":14},"end":{"line":14,"column":15}},"loc":{"start":{"line":14,"column":20},"end":{"line":27,"column":5}},"line":14},"2":{"name":"(anonymous_2)","decl":{"start":{"line":21,"column":18},"end":{"line":21,"column":19}},"loc":{"start":{"line":21,"column":38},"end":{"line":23,"column":13}},"line":21},"3":{"name":"(anonymous_3)","decl":{"start":{"line":24,"column":19},"end":{"line":24,"column":20}},"loc":{"start":{"line":24,"column":34},"end":{"line":26,"column":13}},"line":24},"4":{"name":"(anonymous_4)","decl":{"start":{"line":30,"column":86},"end":{"line":30,"column":87}},"loc":{"start":{"line":30,"column":98},"end":{"line":30,"column":168}},"line":30},"5":{"name":"(anonymous_5)","decl":{"start":{"line":38,"column":81},"end":{"line":38,"column":82}},"loc":{"start":{"line":40,"column":20},"end":{"line":44,"column":26}},"line":40},"6":{"name":"(anonymous_6)","decl":{"start":{"line":50,"column":103},"end":{"line":50,"column":104}},"loc":{"start":{"line":50,"column":107},"end":{"line":50,"column":129}},"line":50}},"branchMap":{"0":{"loc":{"start":{"line":30,"column":27},"end":{"line":30,"column":185}},"type":"cond-expr","locations":[{"start":{"line":30,"column":65},"end":{"line":30,"column":169}},{"start":{"line":30,"column":172},"end":{"line":30,"column":185}}],"line":30},"1":{"loc":{"start":{"line":30,"column":28},"end":{"line":30,"column":61}},"type":"binary-expr","locations":[{"start":{"line":30,"column":28},"end":{"line":30,"column":37}},{"start":{"line":30,"column":41},"end":{"line":30,"column":61}}],"line":30},"2":{"loc":{"start":{"line":38,"column":41},"end":{"line":38,"column":75}},"type":"cond-expr","locations":[{"start":{"line":38,"column":51},"end":{"line":38,"column":71}},{"start":{"line":38,"column":74},"end":{"line":38,"column":75}}],"line":38},"3":{"loc":{"start":{"line":50,"column":13},"end":{"line":50,"column":209}},"type":"cond-expr","locations":[{"start":{"line":50,"column":40},"end":{"line":50,"column":201}},{"start":{"line":50,"column":204},"end":{"line":50,"column":209}}],"line":50},"4":{"loc":{"start":{"line":50,"column":133},"end":{"line":50,"column":190}},"type":"cond-expr","locations":[{"start":{"line":50,"column":143},"end":{"line":50,"column":161}},{"start":{"line":50,"column":164},"end":{"line":50,"column":190}}],"line":50}},"s":{"0":1,"1":3,"2":3,"3":3,"4":3,"5":3,"6":3,"7":2,"8":2,"9":0,"10":3,"11":3,"12":0,"13":3,"14":2,"15":0},"f":{"0":3,"1":2,"2":2,"3":0,"4":0,"5":2,"6":0},"b":{"0":[0,3],"1":[3,0],"2":[0,3],"3":[1,2],"4":[0,1]},"_coverageSchema":"1a1c01bbd47fc00a2c39e90264f33305004495a9","hash":"76aa656cf470d551461e362c22d7337dae389f6b"}
,"C:\\Users\\ShaoyuChen\\Desktop\\Hack Reactor\\rfp2404-fec\\client\\src\\components\\QA\\Search.jsx": {"path":"C:\\Users\\ShaoyuChen\\Desktop\\Hack Reactor\\rfp2404-fec\\client\\src\\components\\QA\\Search.jsx","statementMap":{"0":{"start":{"line":5,"column":8},"end":{"line":5,"column":47}},"1":{"start":{"line":11,"column":4},"end":{"line":18,"column":5}}},"fnMap":{"0":{"name":"Search","decl":{"start":{"line":3,"column":24},"end":{"line":3,"column":30}},"loc":{"start":{"line":3,"column":38},"end":{"line":19,"column":1}},"line":3},"1":{"name":"handleChange","decl":{"start":{"line":4,"column":13},"end":{"line":4,"column":25}},"loc":{"start":{"line":4,"column":33},"end":{"line":6,"column":5}},"line":4}},"branchMap":{},"s":{"0":0,"1":4},"f":{"0":4,"1":0},"b":{},"_coverageSchema":"1a1c01bbd47fc00a2c39e90264f33305004495a9","hash":"f2f98e71f50783faff2416760154759232547cfa"}
,"C:\\Users\\ShaoyuChen\\Desktop\\Hack Reactor\\rfp2404-fec\\client\\src\\components\\Reviews\\CreatedAt.jsx": {"path":"C:\\Users\\ShaoyuChen\\Desktop\\Hack Reactor\\rfp2404-fec\\client\\src\\components\\Reviews\\CreatedAt.jsx","statementMap":{"0":{"start":{"line":3,"column":18},"end":{"line":18,"column":1}},"1":{"start":{"line":4,"column":18},"end":{"line":4,"column":140}},"2":{"start":{"line":5,"column":13},"end":{"line":5,"column":30}},"3":{"start":{"line":6,"column":20},"end":{"line":6,"column":35}},"4":{"start":{"line":7,"column":14},"end":{"line":7,"column":36}},"5":{"start":{"line":8,"column":11},"end":{"line":8,"column":25}},"6":{"start":{"line":9,"column":13},"end":{"line":9,"column":31}},"7":{"start":{"line":11,"column":0},"end":{"line":16,"column":2}}},"fnMap":{"0":{"name":"(anonymous_0)","decl":{"start":{"line":3,"column":18},"end":{"line":3,"column":19}},"loc":{"start":{"line":3,"column":39},"end":{"line":18,"column":1}},"line":3}},"branchMap":{},"s":{"0":1,"1":2,"2":2,"3":2,"4":2,"5":2,"6":2,"7":2},"f":{"0":2},"b":{},"_coverageSchema":"1a1c01bbd47fc00a2c39e90264f33305004495a9","hash":"89a1f2fce5ff7ad9b61a645d1b5e51404869f1cd"}
,"C:\\Users\\ShaoyuChen\\Desktop\\Hack Reactor\\rfp2404-fec\\client\\src\\components\\Reviews\\Factor.jsx": {"path":"C:\\Users\\ShaoyuChen\\Desktop\\Hack Reactor\\rfp2404-fec\\client\\src\\components\\Reviews\\Factor.jsx","statementMap":{"0":{"start":{"line":4,"column":15},"end":{"line":38,"column":1}},"1":{"start":{"line":6,"column":17},"end":{"line":13,"column":3}},"2":{"start":{"line":15,"column":19},"end":{"line":15,"column":34}},"3":{"start":{"line":18,"column":2},"end":{"line":36,"column":4}},"4":{"start":{"line":33,"column":75},"end":{"line":33,"column":115}}},"fnMap":{"0":{"name":"(anonymous_0)","decl":{"start":{"line":4,"column":15},"end":{"line":4,"column":16}},"loc":{"start":{"line":4,"column":36},"end":{"line":38,"column":1}},"line":4},"1":{"name":"(anonymous_1)","decl":{"start":{"line":33,"column":56},"end":{"line":33,"column":57}},"loc":{"start":{"line":33,"column":74},"end":{"line":33,"column":116}},"line":33}},"branchMap":{},"s":{"0":1,"1":3,"2":3,"3":3,"4":9},"f":{"0":3,"1":9},"b":{},"_coverageSchema":"1a1c01bbd47fc00a2c39e90264f33305004495a9","hash":"d2e4a39423623cfe25306c25638ce990df6afed2"}
,"C:\\Users\\ShaoyuChen\\Desktop\\Hack Reactor\\rfp2404-fec\\client\\src\\components\\Reviews\\FactorsList.jsx": {"path":"C:\\Users\\ShaoyuChen\\Desktop\\Hack Reactor\\rfp2404-fec\\client\\src\\components\\Reviews\\FactorsList.jsx","statementMap":{"0":{"start":{"line":4,"column":20},"end":{"line":20,"column":1}},"1":{"start":{"line":5,"column":2},"end":{"line":7,"column":3}},"2":{"start":{"line":6,"column":4},"end":{"line":6,"column":16}},"3":{"start":{"line":9,"column":21},"end":{"line":9,"column":41}},"4":{"start":{"line":12,"column":2},"end":{"line":18,"column":3}},"5":{"start":{"line":15,"column":8},"end":{"line":15,"column":95}}},"fnMap":{"0":{"name":"(anonymous_0)","decl":{"start":{"line":4,"column":20},"end":{"line":4,"column":21}},"loc":{"start":{"line":4,"column":35},"end":{"line":20,"column":1}},"line":4},"1":{"name":"(anonymous_1)","decl":{"start":{"line":14,"column":24},"end":{"line":14,"column":25}},"loc":{"start":{"line":14,"column":36},"end":{"line":16,"column":7}},"line":14}},"branchMap":{"0":{"loc":{"start":{"line":5,"column":2},"end":{"line":7,"column":3}},"type":"if","locations":[{"start":{"line":5,"column":2},"end":{"line":7,"column":3}},{"start":{},"end":{}}],"line":5}},"s":{"0":1,"1":4,"2":0,"3":4,"4":4,"5":0},"f":{"0":4,"1":0},"b":{"0":[0,4]},"_coverageSchema":"1a1c01bbd47fc00a2c39e90264f33305004495a9","hash":"d322ac3223228d10bedb0a3a29985f05f84b35d7"}
,"C:\\Users\\ShaoyuChen\\Desktop\\Hack Reactor\\rfp2404-fec\\client\\src\\components\\Reviews\\Helpfulness.jsx": {"path":"C:\\Users\\ShaoyuChen\\Desktop\\Hack Reactor\\rfp2404-fec\\client\\src\\components\\Reviews\\Helpfulness.jsx","statementMap":{"0":{"start":{"line":5,"column":20},"end":{"line":41,"column":1}},"1":{"start":{"line":7,"column":25},"end":{"line":16,"column":3}},"2":{"start":{"line":8,"column":4},"end":{"line":8,"column":23}},"3":{"start":{"line":9,"column":4},"end":{"line":15,"column":7}},"4":{"start":{"line":11,"column":6},"end":{"line":11,"column":25}},"5":{"start":{"line":14,"column":6},"end":{"line":14,"column":62}},"6":{"start":{"line":18,"column":28},"end":{"line":27,"column":3}},"7":{"start":{"line":19,"column":4},"end":{"line":19,"column":23}},"8":{"start":{"line":20,"column":4},"end":{"line":26,"column":7}},"9":{"start":{"line":22,"column":6},"end":{"line":22,"column":25}},"10":{"start":{"line":25,"column":6},"end":{"line":25,"column":54}},"11":{"start":{"line":29,"column":2},"end":{"line":39,"column":3}}},"fnMap":{"0":{"name":"(anonymous_0)","decl":{"start":{"line":5,"column":20},"end":{"line":5,"column":21}},"loc":{"start":{"line":5,"column":67},"end":{"line":41,"column":1}},"line":5},"1":{"name":"(anonymous_1)","decl":{"start":{"line":7,"column":25},"end":{"line":7,"column":26}},"loc":{"start":{"line":7,"column":32},"end":{"line":16,"column":3}},"line":7},"2":{"name":"(anonymous_2)","decl":{"start":{"line":10,"column":10},"end":{"line":10,"column":11}},"loc":{"start":{"line":10,"column":24},"end":{"line":12,"column":5}},"line":10},"3":{"name":"(anonymous_3)","decl":{"start":{"line":13,"column":11},"end":{"line":13,"column":12}},"loc":{"start":{"line":13,"column":20},"end":{"line":15,"column":5}},"line":13},"4":{"name":"(anonymous_4)","decl":{"start":{"line":18,"column":28},"end":{"line":18,"column":29}},"loc":{"start":{"line":18,"column":35},"end":{"line":27,"column":3}},"line":18},"5":{"name":"(anonymous_5)","decl":{"start":{"line":21,"column":10},"end":{"line":21,"column":11}},"loc":{"start":{"line":21,"column":24},"end":{"line":23,"column":5}},"line":21},"6":{"name":"(anonymous_6)","decl":{"start":{"line":24,"column":11},"end":{"line":24,"column":12}},"loc":{"start":{"line":24,"column":20},"end":{"line":26,"column":5}},"line":24}},"branchMap":{},"s":{"0":1,"1":1,"2":1,"3":1,"4":0,"5":0,"6":1,"7":0,"8":0,"9":0,"10":0,"11":1},"f":{"0":1,"1":1,"2":0,"3":0,"4":0,"5":0,"6":0},"b":{},"_coverageSchema":"1a1c01bbd47fc00a2c39e90264f33305004495a9","hash":"c875e3f5eee110b0383990eb38af16fdcae434e2"}
,"C:\\Users\\ShaoyuChen\\Desktop\\Hack Reactor\\rfp2404-fec\\client\\src\\components\\Reviews\\InvertedTriangle.jsx": {"path":"C:\\Users\\ShaoyuChen\\Desktop\\Hack Reactor\\rfp2404-fec\\client\\src\\components\\Reviews\\InvertedTriangle.jsx","statementMap":{"0":{"start":{"line":3,"column":25},"end":{"line":16,"column":1}},"1":{"start":{"line":4,"column":2},"end":{"line":15,"column":3}}},"fnMap":{"0":{"name":"(anonymous_0)","decl":{"start":{"line":3,"column":25},"end":{"line":3,"column":26}},"loc":{"start":{"line":3,"column":31},"end":{"line":16,"column":1}},"line":3}},"branchMap":{},"s":{"0":1,"1":3},"f":{"0":3},"b":{},"_coverageSchema":"1a1c01bbd47fc00a2c39e90264f33305004495a9","hash":"c34bfb76185abe65c980da556353d5386de2d77f"}
,"C:\\Users\\ShaoyuChen\\Desktop\\Hack Reactor\\rfp2404-fec\\client\\src\\components\\Reviews\\Modal.jsx": {"path":"C:\\Users\\ShaoyuChen\\Desktop\\Hack Reactor\\rfp2404-fec\\client\\src\\components\\Reviews\\Modal.jsx","statementMap":{"0":{"start":{"line":3,"column":14},"end":{"line":18,"column":1}},"1":{"start":{"line":5,"column":2},"end":{"line":17,"column":4}}},"fnMap":{"0":{"name":"(anonymous_0)","decl":{"start":{"line":3,"column":14},"end":{"line":3,"column":15}},"loc":{"start":{"line":3,"column":45},"end":{"line":18,"column":1}},"line":3}},"branchMap":{},"s":{"0":2,"1":2},"f":{"0":2},"b":{},"_coverageSchema":"1a1c01bbd47fc00a2c39e90264f33305004495a9","hash":"9a88fd267d225fb6b4f2c838167ae197951dd048"}
,"C:\\Users\\ShaoyuChen\\Desktop\\Hack Reactor\\rfp2404-fec\\client\\src\\components\\Reviews\\RatingBars.jsx": {"path":"C:\\Users\\ShaoyuChen\\Desktop\\Hack Reactor\\rfp2404-fec\\client\\src\\components\\Reviews\\RatingBars.jsx","statementMap":{"0":{"start":{"line":4,"column":19},"end":{"line":77,"column":1}},"1":{"start":{"line":6,"column":25},"end":{"line":6,"column":50}},"2":{"start":{"line":7,"column":15},"end":{"line":7,"column":60}},"3":{"start":{"line":10,"column":25},"end":{"line":10,"column":50}},"4":{"start":{"line":11,"column":15},"end":{"line":11,"column":60}},"5":{"start":{"line":14,"column":26},"end":{"line":14,"column":51}},"6":{"start":{"line":15,"column":16},"end":{"line":15,"column":62}},"7":{"start":{"line":18,"column":24},"end":{"line":18,"column":49}},"8":{"start":{"line":19,"column":14},"end":{"line":19,"column":58}},"9":{"start":{"line":22,"column":24},"end":{"line":22,"column":49}},"10":{"start":{"line":23,"column":14},"end":{"line":23,"column":58}},"11":{"start":{"line":26,"column":2},"end":{"line":75,"column":5}},"12":{"start":{"line":29,"column":46},"end":{"line":29,"column":65}},"13":{"start":{"line":29,"column":66},"end":{"line":29,"column":93}},"14":{"start":{"line":37,"column":45},"end":{"line":37,"column":64}},"15":{"start":{"line":37,"column":65},"end":{"line":37,"column":92}},"16":{"start":{"line":45,"column":46},"end":{"line":45,"column":65}},"17":{"start":{"line":45,"column":66},"end":{"line":45,"column":93}},"18":{"start":{"line":53,"column":44},"end":{"line":53,"column":63}},"19":{"start":{"line":53,"column":64},"end":{"line":53,"column":91}},"20":{"start":{"line":62,"column":44},"end":{"line":62,"column":63}},"21":{"start":{"line":62,"column":64},"end":{"line":62,"column":91}}},"fnMap":{"0":{"name":"(anonymous_0)","decl":{"start":{"line":4,"column":19},"end":{"line":4,"column":20}},"loc":{"start":{"line":4,"column":89},"end":{"line":77,"column":1}},"line":4},"1":{"name":"(anonymous_1)","decl":{"start":{"line":29,"column":38},"end":{"line":29,"column":39}},"loc":{"start":{"line":29,"column":45},"end":{"line":29,"column":94}},"line":29},"2":{"name":"(anonymous_2)","decl":{"start":{"line":37,"column":37},"end":{"line":37,"column":38}},"loc":{"start":{"line":37,"column":44},"end":{"line":37,"column":93}},"line":37},"3":{"name":"(anonymous_3)","decl":{"start":{"line":45,"column":38},"end":{"line":45,"column":39}},"loc":{"start":{"line":45,"column":45},"end":{"line":45,"column":94}},"line":45},"4":{"name":"(anonymous_4)","decl":{"start":{"line":53,"column":36},"end":{"line":53,"column":37}},"loc":{"start":{"line":53,"column":43},"end":{"line":53,"column":92}},"line":53},"5":{"name":"(anonymous_5)","decl":{"start":{"line":62,"column":36},"end":{"line":62,"column":37}},"loc":{"start":{"line":62,"column":43},"end":{"line":62,"column":92}},"line":62}},"branchMap":{"0":{"loc":{"start":{"line":6,"column":25},"end":{"line":6,"column":50}},"type":"binary-expr","locations":[{"start":{"line":6,"column":25},"end":{"line":6,"column":45}},{"start":{"line":6,"column":49},"end":{"line":6,"column":50}}],"line":6},"1":{"loc":{"start":{"line":10,"column":25},"end":{"line":10,"column":50}},"type":"binary-expr","locations":[{"start":{"line":10,"column":25},"end":{"line":10,"column":45}},{"start":{"line":10,"column":49},"end":{"line":10,"column":50}}],"line":10},"2":{"loc":{"start":{"line":14,"column":26},"end":{"line":14,"column":51}},"type":"binary-expr","locations":[{"start":{"line":14,"column":26},"end":{"line":14,"column":46}},{"start":{"line":14,"column":50},"end":{"line":14,"column":51}}],"line":14},"3":{"loc":{"start":{"line":18,"column":24},"end":{"line":18,"column":49}},"type":"binary-expr","locations":[{"start":{"line":18,"column":24},"end":{"line":18,"column":44}},{"start":{"line":18,"column":48},"end":{"line":18,"column":49}}],"line":18},"4":{"loc":{"start":{"line":22,"column":24},"end":{"line":22,"column":49}},"type":"binary-expr","locations":[{"start":{"line":22,"column":24},"end":{"line":22,"column":44}},{"start":{"line":22,"column":48},"end":{"line":22,"column":49}}],"line":22}},"s":{"0":1,"1":4,"2":4,"3":4,"4":4,"5":4,"6":4,"7":4,"8":4,"9":4,"10":4,"11":4,"12":0,"13":0,"14":0,"15":0,"16":0,"17":0,"18":0,"19":0,"20":0,"21":0},"f":{"0":4,"1":0,"2":0,"3":0,"4":0,"5":0},"b":{"0":[4,4],"1":[4,0],"2":[4,0],"3":[4,0],"4":[4,0]},"_coverageSchema":"1a1c01bbd47fc00a2c39e90264f33305004495a9","hash":"6af2f150b3482f6b9935878c64245613a1e8e137"}
,"C:\\Users\\ShaoyuChen\\Desktop\\Hack Reactor\\rfp2404-fec\\client\\src\\components\\Reviews\\RatingBreakdown.jsx": {"path":"C:\\Users\\ShaoyuChen\\Desktop\\Hack Reactor\\rfp2404-fec\\client\\src\\components\\Reviews\\RatingBreakdown.jsx","statementMap":{"0":{"start":{"line":5,"column":24},"end":{"line":58,"column":1}},"1":{"start":{"line":7,"column":31},"end":{"line":7,"column":32}},"2":{"start":{"line":8,"column":31},"end":{"line":8,"column":33}},"3":{"start":{"line":10,"column":2},"end":{"line":23,"column":3}},"4":{"start":{"line":11,"column":31},"end":{"line":11,"column":32}},"5":{"start":{"line":12,"column":26},"end":{"line":12,"column":27}},"6":{"start":{"line":13,"column":4},"end":{"line":16,"column":5}},"7":{"start":{"line":14,"column":6},"end":{"line":14,"column":60}},"8":{"start":{"line":15,"column":6},"end":{"line":15,"column":71}},"9":{"start":{"line":18,"column":23},"end":{"line":18,"column":61}},"10":{"start":{"line":19,"column":4},"end":{"line":19,"column":61}},"11":{"start":{"line":20,"column":4},"end":{"line":20,"column":70}},"12":{"start":{"line":22,"column":43},"end":{"line":22,"column":151}},"13":{"start":{"line":25,"column":2},"end":{"line":56,"column":4}},"14":{"start":{"line":43,"column":57},"end":{"line":43,"column":99}}},"fnMap":{"0":{"name":"(anonymous_0)","decl":{"start":{"line":5,"column":24},"end":{"line":5,"column":25}},"loc":{"start":{"line":5,"column":98},"end":{"line":58,"column":1}},"line":5},"1":{"name":"(anonymous_1)","decl":{"start":{"line":43,"column":46},"end":{"line":43,"column":47}},"loc":{"start":{"line":43,"column":56},"end":{"line":43,"column":101}},"line":43}},"branchMap":{"0":{"loc":{"start":{"line":10,"column":2},"end":{"line":23,"column":3}},"type":"if","locations":[{"start":{"line":10,"column":2},"end":{"line":23,"column":3}},{"start":{},"end":{}}],"line":10},"1":{"loc":{"start":{"line":20,"column":29},"end":{"line":20,"column":69}},"type":"binary-expr","locations":[{"start":{"line":20,"column":30},"end":{"line":20,"column":63}},{"start":{"line":20,"column":68},"end":{"line":20,"column":69}}],"line":20},"2":{"loc":{"start":{"line":22,"column":43},"end":{"line":22,"column":151}},"type":"binary-expr","locations":[{"start":{"line":22,"column":44},"end":{"line":22,"column":145}},{"start":{"line":22,"column":150},"end":{"line":22,"column":151}}],"line":22},"3":{"loc":{"start":{"line":27,"column":9},"end":{"line":52,"column":12}},"type":"cond-expr","locations":[{"start":{"line":28,"column":8},"end":{"line":51,"column":9}},{"start":{"line":52,"column":8},"end":{"line":52,"column":12}}],"line":27},"4":{"loc":{"start":{"line":39,"column":12},"end":{"line":47,"column":17}},"type":"cond-expr","locations":[{"start":{"line":40,"column":12},"end":{"line":46,"column":18}},{"start":{"line":47,"column":13},"end":{"line":47,"column":17}}],"line":39}},"s":{"0":1,"1":3,"2":3,"3":3,"4":3,"5":3,"6":3,"7":12,"8":12,"9":3,"10":3,"11":3,"12":3,"13":3,"14":6},"f":{"0":3,"1":6},"b":{"0":[3,0],"1":[3,0],"2":[3,0],"3":[3,0],"4":[3,0]},"_coverageSchema":"1a1c01bbd47fc00a2c39e90264f33305004495a9","hash":"b4da852cd248a9f7266cea10cedf2cf914832515"}
,"C:\\Users\\ShaoyuChen\\Desktop\\Hack Reactor\\rfp2404-fec\\client\\src\\components\\Reviews\\Recommend.jsx": {"path":"C:\\Users\\ShaoyuChen\\Desktop\\Hack Reactor\\rfp2404-fec\\client\\src\\components\\Reviews\\Recommend.jsx","statementMap":{"0":{"start":{"line":3,"column":18},"end":{"line":14,"column":1}},"1":{"start":{"line":5,"column":2},"end":{"line":12,"column":4}}},"fnMap":{"0":{"name":"(anonymous_0)","decl":{"start":{"line":3,"column":18},"end":{"line":3,"column":19}},"loc":{"start":{"line":3,"column":35},"end":{"line":14,"column":1}},"line":3}},"branchMap":{"0":{"loc":{"start":{"line":7,"column":5},"end":{"line":9,"column":10}},"type":"cond-expr","locations":[{"start":{"line":8,"column":4},"end":{"line":8,"column":49}},{"start":{"line":9,"column":6},"end":{"line":9,"column":10}}],"line":7}},"s":{"0":1,"1":2},"f":{"0":2},"b":{"0":[1,1]},"_coverageSchema":"1a1c01bbd47fc00a2c39e90264f33305004495a9","hash":"c24bfb644e52612a8d71220c2ce4f48ecb1593e3"}
,"C:\\Users\\ShaoyuChen\\Desktop\\Hack Reactor\\rfp2404-fec\\client\\src\\components\\Reviews\\Response.jsx": {"path":"C:\\Users\\ShaoyuChen\\Desktop\\Hack Reactor\\rfp2404-fec\\client\\src\\components\\Reviews\\Response.jsx","statementMap":{"0":{"start":{"line":3,"column":17},"end":{"line":15,"column":1}},"1":{"start":{"line":5,"column":2},"end":{"line":13,"column":3}}},"fnMap":{"0":{"name":"(anonymous_0)","decl":{"start":{"line":3,"column":17},"end":{"line":3,"column":18}},"loc":{"start":{"line":3,"column":33},"end":{"line":15,"column":1}},"line":3}},"branchMap":{"0":{"loc":{"start":{"line":8,"column":6},"end":{"line":10,"column":12}},"type":"cond-expr","locations":[{"start":{"line":9,"column":6},"end":{"line":9,"column":47}},{"start":{"line":10,"column":8},"end":{"line":10,"column":12}}],"line":8}},"s":{"0":1,"1":2},"f":{"0":2},"b":{"0":[1,1]},"_coverageSchema":"1a1c01bbd47fc00a2c39e90264f33305004495a9","hash":"7e8578a874cde27173e3629cf34d57afb90e4cff"}
,"C:\\Users\\ShaoyuChen\\Desktop\\Hack Reactor\\rfp2404-fec\\client\\src\\components\\Reviews\\ReviewBody.jsx": {"path":"C:\\Users\\ShaoyuChen\\Desktop\\Hack Reactor\\rfp2404-fec\\client\\src\\components\\Reviews\\ReviewBody.jsx","statementMap":{"0":{"start":{"line":4,"column":19},"end":{"line":42,"column":1}},"1":{"start":{"line":6,"column":34},"end":{"line":6,"column":49}},"2":{"start":{"line":8,"column":30},"end":{"line":11,"column":3}},"3":{"start":{"line":9,"column":4},"end":{"line":9,"column":27}},"4":{"start":{"line":10,"column":4},"end":{"line":10,"column":22}},"5":{"start":{"line":13,"column":30},"end":{"line":16,"column":3}},"6":{"start":{"line":14,"column":4},"end":{"line":14,"column":27}},"7":{"start":{"line":15,"column":4},"end":{"line":15,"column":23}},"8":{"start":{"line":18,"column":2},"end":{"line":41,"column":4}},"9":{"start":{"line":36,"column":32},"end":{"line":36,"column":111}}},"fnMap":{"0":{"name":"(anonymous_0)","decl":{"start":{"line":4,"column":19},"end":{"line":4,"column":20}},"loc":{"start":{"line":4,"column":39},"end":{"line":42,"column":1}},"line":4},"1":{"name":"(anonymous_1)","decl":{"start":{"line":8,"column":30},"end":{"line":8,"column":31}},"loc":{"start":{"line":8,"column":41},"end":{"line":11,"column":3}},"line":8},"2":{"name":"(anonymous_2)","decl":{"start":{"line":13,"column":30},"end":{"line":13,"column":31}},"loc":{"start":{"line":13,"column":41},"end":{"line":16,"column":3}},"line":13},"3":{"name":"(anonymous_3)","decl":{"start":{"line":36,"column":19},"end":{"line":36,"column":20}},"loc":{"start":{"line":36,"column":30},"end":{"line":36,"column":112}},"line":36}},"branchMap":{"0":{"loc":{"start":{"line":21,"column":8},"end":{"line":31,"column":15}},"type":"cond-expr","locations":[{"start":{"line":22,"column":10},"end":{"line":22,"column":27}},{"start":{"line":23,"column":10},"end":{"line":31,"column":15}}],"line":21},"1":{"loc":{"start":{"line":23,"column":10},"end":{"line":31,"column":15}},"type":"cond-expr","locations":[{"start":{"line":24,"column":12},"end":{"line":27,"column":15}},{"start":{"line":28,"column":12},"end":{"line":31,"column":15}}],"line":23},"2":{"loc":{"start":{"line":35,"column":8},"end":{"line":37,"column":12}},"type":"cond-expr","locations":[{"start":{"line":36,"column":8},"end":{"line":36,"column":113}},{"start":{"line":37,"column":8},"end":{"line":37,"column":12}}],"line":35},"3":{"loc":{"start":{"line":36,"column":39},"end":{"line":36,"column":111}},"type":"cond-expr","locations":[{"start":{"line":36,"column":63},"end":{"line":36,"column":104}},{"start":{"line":36,"column":107},"end":{"line":36,"column":111}}],"line":36}},"s":{"0":1,"1":8,"2":8,"3":1,"4":1,"5":8,"6":0,"7":0,"8":8,"9":7},"f":{"0":8,"1":1,"2":0,"3":7},"b":{"0":[5,3],"1":[1,2],"2":[7,1],"3":[7,0]},"_coverageSchema":"1a1c01bbd47fc00a2c39e90264f33305004495a9","hash":"0dfca8fb8bd4ebaf9234920cda6be08196db7c30"}
,"C:\\Users\\ShaoyuChen\\Desktop\\Hack Reactor\\rfp2404-fec\\client\\src\\components\\Reviews\\ReviewSummary.jsx": {"path":"C:\\Users\\ShaoyuChen\\Desktop\\Hack Reactor\\rfp2404-fec\\client\\src\\components\\Reviews\\ReviewSummary.jsx","statementMap":{"0":{"start":{"line":3,"column":22},"end":{"line":9,"column":1}},"1":{"start":{"line":5,"column":2},"end":{"line":7,"column":4}}},"fnMap":{"0":{"name":"(anonymous_0)","decl":{"start":{"line":3,"column":22},"end":{"line":3,"column":23}},"loc":{"start":{"line":3,"column":37},"end":{"line":9,"column":1}},"line":3}},"branchMap":{},"s":{"0":1,"1":1},"f":{"0":1},"b":{},"_coverageSchema":"1a1c01bbd47fc00a2c39e90264f33305004495a9","hash":"a6cbb2a82278bc4b05871d6abb97b381d0591e4b"}
,"C:\\Users\\ShaoyuChen\\Desktop\\Hack Reactor\\rfp2404-fec\\client\\src\\components\\Reviews\\Sort.jsx": {"path":"C:\\Users\\ShaoyuChen\\Desktop\\Hack Reactor\\rfp2404-fec\\client\\src\\components\\Reviews\\Sort.jsx","statementMap":{"0":{"start":{"line":3,"column":13},"end":{"line":23,"column":1}},"1":{"start":{"line":5,"column":27},"end":{"line":8,"column":3}},"2":{"start":{"line":6,"column":4},"end":{"line":6,"column":23}},"3":{"start":{"line":7,"column":4},"end":{"line":7,"column":31}},"4":{"start":{"line":10,"column":2},"end":{"line":22,"column":4}}},"fnMap":{"0":{"name":"(anonymous_0)","decl":{"start":{"line":3,"column":13},"end":{"line":3,"column":14}},"loc":{"start":{"line":3,"column":31},"end":{"line":23,"column":1}},"line":3},"1":{"name":"(anonymous_1)","decl":{"start":{"line":5,"column":27},"end":{"line":5,"column":28}},"loc":{"start":{"line":5,"column":34},"end":{"line":8,"column":3}},"line":5}},"branchMap":{},"s":{"0":1,"1":2,"2":1,"3":1,"4":2},"f":{"0":2,"1":1},"b":{},"_coverageSchema":"1a1c01bbd47fc00a2c39e90264f33305004495a9","hash":"c4ba2550e2421b2f2129aa4fe387dc398fc99bb3"}
,"C:\\Users\\ShaoyuChen\\Desktop\\Hack Reactor\\rfp2404-fec\\client\\src\\components\\Reviews\\StarGenerator.jsx": {"path":"C:\\Users\\ShaoyuChen\\Desktop\\Hack Reactor\\rfp2404-fec\\client\\src\\components\\Reviews\\StarGenerator.jsx","statementMap":{"0":{"start":{"line":3,"column":13},"end":{"line":80,"column":1}},"1":{"start":{"line":5,"column":0},"end":{"line":78,"column":2}}},"fnMap":{"0":{"name":"(anonymous_0)","decl":{"start":{"line":3,"column":13},"end":{"line":3,"column":14}},"loc":{"start":{"line":3,"column":31},"end":{"line":80,"column":1}},"line":3}},"branchMap":{"0":{"loc":{"start":{"line":7,"column":1},"end":{"line":18,"column":6}},"type":"cond-expr","locations":[{"start":{"line":9,"column":0},"end":{"line":17,"column":6}},{"start":{"line":18,"column":2},"end":{"line":18,"column":6}}],"line":7},"1":{"loc":{"start":{"line":21,"column":1},"end":{"line":32,"column":6}},"type":"cond-expr","locations":[{"start":{"line":23,"column":2},"end":{"line":31,"column":8}},{"start":{"line":32,"column":2},"end":{"line":32,"column":6}}],"line":21},"2":{"loc":{"start":{"line":35,"column":1},"end":{"line":45,"column":5}},"type":"cond-expr","locations":[{"start":{"line":36,"column":2},"end":{"line":44,"column":8}},{"start":{"line":45,"column":1},"end":{"line":45,"column":5}}],"line":35},"3":{"loc":{"start":{"line":35,"column":2},"end":{"line":35,"column":40}},"type":"binary-expr","locations":[{"start":{"line":35,"column":2},"end":{"line":35,"column":19}},{"start":{"line":35,"column":23},"end":{"line":35,"column":40}}],"line":35},"4":{"loc":{"start":{"line":48,"column":1},"end":{"line":59,"column":6}},"type":"cond-expr","locations":[{"start":{"line":50,"column":2},"end":{"line":58,"column":8}},{"start":{"line":59,"column":2},"end":{"line":59,"column":6}}],"line":48},"5":{"loc":{"start":{"line":48,"column":2},"end":{"line":48,"column":40}},"type":"binary-expr","locations":[{"start":{"line":48,"column":2},"end":{"line":48,"column":20}},{"start":{"line":48,"column":24},"end":{"line":48,"column":40}}],"line":48},"6":{"loc":{"start":{"line":62,"column":2},"end":{"line":74,"column":5}},"type":"cond-expr","locations":[{"start":{"line":64,"column":2},"end":{"line":72,"column":8}},{"start":{"line":74,"column":1},"end":{"line":74,"column":5}}],"line":62},"7":{"loc":{"start":{"line":62,"column":3},"end":{"line":62,"column":39}},"type":"binary-expr","locations":[{"start":{"line":62,"column":3},"end":{"line":62,"column":21}},{"start":{"line":62,"column":25},"end":{"line":62,"column":39}}],"line":62}},"s":{"0":1,"1":35},"f":{"0":35},"b":{"0":[15,20],"1":[14,21],"2":[1,34],"3":[35,20],"4":[1,34],"5":[35,21],"6":[4,31],"7":[35,19]},"_coverageSchema":"1a1c01bbd47fc00a2c39e90264f33305004495a9","hash":"13dc19feecdd20d87206e7c70fafe0299949d414"}
,"C:\\Users\\ShaoyuChen\\Desktop\\Hack Reactor\\rfp2404-fec\\client\\src\\components\\Reviews\\StarRating.jsx": {"path":"C:\\Users\\ShaoyuChen\\Desktop\\Hack Reactor\\rfp2404-fec\\client\\src\\components\\Reviews\\StarRating.jsx","statementMap":{"0":{"start":{"line":4,"column":19},"end":{"line":29,"column":1}},"1":{"start":{"line":7,"column":14},"end":{"line":7,"column":16}},"2":{"start":{"line":9,"column":0},"end":{"line":11,"column":1}},"3":{"start":{"line":10,"column":2},"end":{"line":10,"column":24}},"4":{"start":{"line":12,"column":23},"end":{"line":12,"column":41}},"5":{"start":{"line":13,"column":0},"end":{"line":15,"column":1}},"6":{"start":{"line":13,"column":13},"end":{"line":13,"column":14}},"7":{"start":{"line":14,"column":2},"end":{"line":14,"column":18}},"8":{"start":{"line":16,"column":0},"end":{"line":18,"column":1}},"9":{"start":{"line":17,"column":2},"end":{"line":17,"column":42}},"10":{"start":{"line":19,"column":0},"end":{"line":21,"column":1}},"11":{"start":{"line":20,"column":2},"end":{"line":20,"column":18}},"12":{"start":{"line":23,"column":0},"end":{"line":27,"column":1}},"13":{"start":{"line":25,"column":35},"end":{"line":25,"column":80}}},"fnMap":{"0":{"name":"(anonymous_0)","decl":{"start":{"line":4,"column":19},"end":{"line":4,"column":20}},"loc":{"start":{"line":4,"column":33},"end":{"line":29,"column":1}},"line":4},"1":{"name":"(anonymous_1)","decl":{"start":{"line":25,"column":17},"end":{"line":25,"column":18}},"loc":{"start":{"line":25,"column":34},"end":{"line":25,"column":81}},"line":25}},"branchMap":{"0":{"loc":{"start":{"line":9,"column":0},"end":{"line":11,"column":1}},"type":"if","locations":[{"start":{"line":9,"column":0},"end":{"line":11,"column":1}},{"start":{},"end":{}}],"line":9},"1":{"loc":{"start":{"line":16,"column":0},"end":{"line":18,"column":1}},"type":"if","locations":[{"start":{"line":16,"column":0},"end":{"line":18,"column":1}},{"start":{},"end":{}}],"line":16}},"s":{"0":1,"1":7,"2":7,"3":0,"4":7,"5":7,"6":7,"7":15,"8":7,"9":7,"10":7,"11":13,"12":7,"13":35},"f":{"0":7,"1":35},"b":{"0":[0,7],"1":[7,0]},"_coverageSchema":"1a1c01bbd47fc00a2c39e90264f33305004495a9","hash":"77535a87fdbc2825be80d02e29321aa9d87a5276"}
,"C:\\Users\\ShaoyuChen\\Desktop\\Hack Reactor\\rfp2404-fec\\client\\src\\components\\Reviews\\Thumbnail.jsx": {"path":"C:\\Users\\ShaoyuChen\\Desktop\\Hack Reactor\\rfp2404-fec\\client\\src\\components\\Reviews\\Thumbnail.jsx","statementMap":{"0":{"start":{"line":4,"column":18},"end":{"line":24,"column":1}},"1":{"start":{"line":6,"column":36},"end":{"line":6,"column":51}},"2":{"start":{"line":8,"column":31},"end":{"line":11,"column":3}},"3":{"start":{"line":9,"column":4},"end":{"line":9,"column":27}},"4":{"start":{"line":10,"column":4},"end":{"line":10,"column":23}},"5":{"start":{"line":13,"column":27},"end":{"line":16,"column":3}},"6":{"start":{"line":14,"column":4},"end":{"line":14,"column":27}},"7":{"start":{"line":15,"column":4},"end":{"line":15,"column":24}},"8":{"start":{"line":18,"column":2},"end":{"line":23,"column":4}}},"fnMap":{"0":{"name":"(anonymous_0)","decl":{"start":{"line":4,"column":18},"end":{"line":4,"column":19}},"loc":{"start":{"line":4,"column":31},"end":{"line":24,"column":1}},"line":4},"1":{"name":"(anonymous_1)","decl":{"start":{"line":8,"column":31},"end":{"line":8,"column":32}},"loc":{"start":{"line":8,"column":42},"end":{"line":11,"column":3}},"line":8},"2":{"name":"(anonymous_2)","decl":{"start":{"line":13,"column":27},"end":{"line":13,"column":28}},"loc":{"start":{"line":13,"column":38},"end":{"line":16,"column":3}},"line":13}},"branchMap":{"0":{"loc":{"start":{"line":21,"column":5},"end":{"line":21,"column":81}},"type":"cond-expr","locations":[{"start":{"line":21,"column":16},"end":{"line":21,"column":74}},{"start":{"line":21,"column":77},"end":{"line":21,"column":81}}],"line":21}},"s":{"0":2,"1":14,"2":14,"3":2,"4":2,"5":14,"6":1,"7":1,"8":14},"f":{"0":14,"1":2,"2":1},"b":{"0":[2,12]},"_coverageSchema":"1a1c01bbd47fc00a2c39e90264f33305004495a9","hash":"29172cf8bb9bc17b3e723d2098723db1ebe25741"}
,"C:\\Users\\ShaoyuChen\\Desktop\\Hack Reactor\\rfp2404-fec\\client\\src\\components\\Reviews\\validUrlCheck.js": {"path":"C:\\Users\\ShaoyuChen\\Desktop\\Hack Reactor\\rfp2404-fec\\client\\src\\components\\Reviews\\validUrlCheck.js","statementMap":{"0":{"start":{"line":1,"column":19},"end":{"line":4,"column":1}},"1":{"start":{"line":2,"column":19},"end":{"line":2,"column":58}},"2":{"start":{"line":3,"column":2},"end":{"line":3,"column":28}}},"fnMap":{"0":{"name":"(anonymous_0)","decl":{"start":{"line":1,"column":19},"end":{"line":1,"column":20}},"loc":{"start":{"line":1,"column":28},"end":{"line":4,"column":1}},"line":1}},"branchMap":{},"s":{"0":1,"1":7,"2":7},"f":{"0":7},"b":{},"_coverageSchema":"1a1c01bbd47fc00a2c39e90264f33305004495a9","hash":"7d3e8687d875407925ef1e8847707d1d63e6733c"}
,"C:\\Users\\ShaoyuChen\\Desktop\\Hack Reactor\\rfp2404-fec\\client\\src\\env\\config.js": {"path":"C:\\Users\\ShaoyuChen\\Desktop\\Hack Reactor\\rfp2404-fec\\client\\src\\env\\config.js","statementMap":{"0":{"start":{"line":1,"column":16},"end":{"line":1,"column":58}},"1":{"start":{"line":2,"column":20},"end":{"line":2,"column":28}},"2":{"start":{"line":3,"column":17},"end":{"line":3,"column":79}}},"fnMap":{},"branchMap":{},"s":{"0":3,"1":3,"2":3},"f":{},"b":{},"_coverageSchema":"1a1c01bbd47fc00a2c39e90264f33305004495a9","hash":"69e12a856ed6e7ce5b9365487c0c9ee02347d1f8"}
}
