{"/Users/michaeltrofimov/rfp2404-fec/client/src/components/Overview/ArrowButton.jsx": {"path":"/Users/michaeltrofimov/rfp2404-fec/client/src/components/Overview/ArrowButton.jsx","statementMap":{"0":{"start":{"line":3,"column":20},"end":{"line":9,"column":1}},"1":{"start":{"line":4,"column":2},"end":{"line":8,"column":4}}},"fnMap":{"0":{"name":"(anonymous_0)","decl":{"start":{"line":3,"column":20},"end":{"line":3,"column":21}},"loc":{"start":{"line":3,"column":48},"end":{"line":9,"column":1}},"line":3}},"branchMap":{"0":{"loc":{"start":{"line":6,"column":7},"end":{"line":6,"column":39}},"type":"cond-expr","locations":[{"start":{"line":6,"column":30},"end":{"line":6,"column":33}},{"start":{"line":6,"column":36},"end":{"line":6,"column":39}}],"line":6}},"s":{"0":1,"1":20},"f":{"0":20},"b":{"0":[5,15]},"_coverageSchema":"1a1c01bbd47fc00a2c39e90264f33305004495a9","hash":"be01884abe0581bd24d75f3a081995d86ade3fe5"}
,"/Users/michaeltrofimov/rfp2404-fec/client/src/components/Overview/BigImage.jsx": {"path":"/Users/michaeltrofimov/rfp2404-fec/client/src/components/Overview/BigImage.jsx","statementMap":{"0":{"start":{"line":3,"column":17},"end":{"line":14,"column":1}},"1":{"start":{"line":4,"column":2},"end":{"line":13,"column":4}}},"fnMap":{"0":{"name":"(anonymous_0)","decl":{"start":{"line":3,"column":17},"end":{"line":3,"column":18}},"loc":{"start":{"line":3,"column":62},"end":{"line":14,"column":1}},"line":3}},"branchMap":{"0":{"loc":{"start":{"line":6,"column":30},"end":{"line":6,"column":52}},"type":"cond-expr","locations":[{"start":{"line":6,"column":39},"end":{"line":6,"column":47}},{"start":{"line":6,"column":50},"end":{"line":6,"column":52}}],"line":6}},"s":{"0":1,"1":17},"f":{"0":17},"b":{"0":[0,17]},"_coverageSchema":"1a1c01bbd47fc00a2c39e90264f33305004495a9","hash":"6d0d81588b1c51616bfcfe80493598cdbfa05e6a"}
,"/Users/michaeltrofimov/rfp2404-fec/client/src/components/Overview/ExpandedImage.jsx": {"path":"/Users/michaeltrofimov/rfp2404-fec/client/src/components/Overview/ExpandedImage.jsx","statementMap":{"0":{"start":{"line":4,"column":22},"end":{"line":55,"column":1}},"1":{"start":{"line":5,"column":34},"end":{"line":5,"column":58}},"2":{"start":{"line":7,"column":26},"end":{"line":17,"column":3}},"3":{"start":{"line":8,"column":4},"end":{"line":16,"column":5}},"4":{"start":{"line":9,"column":43},"end":{"line":9,"column":56}},"5":{"start":{"line":10,"column":44},"end":{"line":10,"column":50}},"6":{"start":{"line":12,"column":6},"end":{"line":15,"column":9}},"7":{"start":{"line":19,"column":27},"end":{"line":32,"column":3}},"8":{"start":{"line":20,"column":4},"end":{"line":31,"column":6}},"9":{"start":{"line":23,"column":10},"end":{"line":28,"column":12}},"10":{"start":{"line":26,"column":27},"end":{"line":26,"column":50}},"11":{"start":{"line":34,"column":2},"end":{"line":54,"column":4}},"12":{"start":{"line":39,"column":81},"end":{"line":39,"column":101}},"13":{"start":{"line":40,"column":98},"end":{"line":40,"column":119}}},"fnMap":{"0":{"name":"(anonymous_0)","decl":{"start":{"line":4,"column":22},"end":{"line":4,"column":23}},"loc":{"start":{"line":4,"column":114},"end":{"line":55,"column":1}},"line":4},"1":{"name":"(anonymous_1)","decl":{"start":{"line":7,"column":26},"end":{"line":7,"column":27}},"loc":{"start":{"line":7,"column":33},"end":{"line":17,"column":3}},"line":7},"2":{"name":"(anonymous_2)","decl":{"start":{"line":19,"column":27},"end":{"line":19,"column":28}},"loc":{"start":{"line":19,"column":33},"end":{"line":32,"column":3}},"line":19},"3":{"name":"(anonymous_3)","decl":{"start":{"line":22,"column":20},"end":{"line":22,"column":21}},"loc":{"start":{"line":23,"column":10},"end":{"line":28,"column":12}},"line":23},"4":{"name":"(anonymous_4)","decl":{"start":{"line":26,"column":21},"end":{"line":26,"column":22}},"loc":{"start":{"line":26,"column":27},"end":{"line":26,"column":50}},"line":26},"5":{"name":"(anonymous_5)","decl":{"start":{"line":39,"column":75},"end":{"line":39,"column":76}},"loc":{"start":{"line":39,"column":81},"end":{"line":39,"column":101}},"line":39},"6":{"name":"(anonymous_6)","decl":{"start":{"line":40,"column":92},"end":{"line":40,"column":93}},"loc":{"start":{"line":40,"column":98},"end":{"line":40,"column":119}},"line":40}},"branchMap":{"0":{"loc":{"start":{"line":8,"column":4},"end":{"line":16,"column":5}},"type":"if","locations":[{"start":{"line":8,"column":4},"end":{"line":16,"column":5}},{"start":{},"end":{}}],"line":8},"1":{"loc":{"start":{"line":25,"column":45},"end":{"line":25,"column":90}},"type":"cond-expr","locations":[{"start":{"line":25,"column":75},"end":{"line":25,"column":85}},{"start":{"line":25,"column":88},"end":{"line":25,"column":90}}],"line":25},"2":{"loc":{"start":{"line":37,"column":7},"end":{"line":42,"column":7}},"type":"binary-expr","locations":[{"start":{"line":37,"column":7},"end":{"line":37,"column":14}},{"start":{"line":38,"column":8},"end":{"line":41,"column":11}}],"line":37},"3":{"loc":{"start":{"line":39,"column":11},"end":{"line":39,"column":105}},"type":"binary-expr","locations":[{"start":{"line":39,"column":11},"end":{"line":39,"column":32}},{"start":{"line":39,"column":36},"end":{"line":39,"column":105}}],"line":39},"4":{"loc":{"start":{"line":40,"column":11},"end":{"line":40,"column":123}},"type":"binary-expr","locations":[{"start":{"line":40,"column":11},"end":{"line":40,"column":48}},{"start":{"line":40,"column":52},"end":{"line":40,"column":123}}],"line":40},"5":{"loc":{"start":{"line":44,"column":37},"end":{"line":44,"column":59}},"type":"cond-expr","locations":[{"start":{"line":44,"column":46},"end":{"line":44,"column":54}},{"start":{"line":44,"column":57},"end":{"line":44,"column":59}}],"line":44},"6":{"loc":{"start":{"line":52,"column":7},"end":{"line":52,"column":36}},"type":"binary-expr","locations":[{"start":{"line":52,"column":7},"end":{"line":52,"column":14}},{"start":{"line":52,"column":18},"end":{"line":52,"column":36}}],"line":52}},"s":{"0":1,"1":4,"2":4,"3":0,"4":0,"5":0,"6":0,"7":4,"8":3,"9":9,"10":0,"11":4,"12":0,"13":0},"f":{"0":4,"1":0,"2":3,"3":9,"4":0,"5":0,"6":0},"b":{"0":[0,0],"1":[3,6],"2":[4,3],"3":[3,0],"4":[3,3],"5":[1,3],"6":[4,3]},"_coverageSchema":"1a1c01bbd47fc00a2c39e90264f33305004495a9","hash":"525d68367aa469ecfe823db3bad03a1f8ae82d6a"}
,"/Users/michaeltrofimov/rfp2404-fec/client/src/components/Overview/ImageGallery.jsx": {"path":"/Users/michaeltrofimov/rfp2404-fec/client/src/components/Overview/ImageGallery.jsx","statementMap":{"0":{"start":{"line":7,"column":21},"end":{"line":64,"column":1}},"1":{"start":{"line":8,"column":52},"end":{"line":8,"column":63}},"2":{"start":{"line":9,"column":42},"end":{"line":9,"column":57}},"3":{"start":{"line":10,"column":30},"end":{"line":10,"column":45}},"4":{"start":{"line":12,"column":31},"end":{"line":14,"column":3}},"5":{"start":{"line":13,"column":4},"end":{"line":13,"column":32}},"6":{"start":{"line":16,"column":27},"end":{"line":22,"column":3}},"7":{"start":{"line":17,"column":4},"end":{"line":21,"column":5}},"8":{"start":{"line":18,"column":6},"end":{"line":18,"column":50}},"9":{"start":{"line":19,"column":11},"end":{"line":21,"column":5}},"10":{"start":{"line":20,"column":6},"end":{"line":20,"column":50}},"11":{"start":{"line":24,"column":29},"end":{"line":26,"column":3}},"12":{"start":{"line":25,"column":4},"end":{"line":25,"column":35}},"13":{"start":{"line":28,"column":21},"end":{"line":30,"column":3}},"14":{"start":{"line":29,"column":4},"end":{"line":29,"column":23}},"15":{"start":{"line":32,"column":2},"end":{"line":63,"column":4}},"16":{"start":{"line":48,"column":81},"end":{"line":48,"column":105}},"17":{"start":{"line":49,"column":98},"end":{"line":49,"column":123}}},"fnMap":{"0":{"name":"(anonymous_0)","decl":{"start":{"line":7,"column":21},"end":{"line":7,"column":22}},"loc":{"start":{"line":7,"column":37},"end":{"line":64,"column":1}},"line":7},"1":{"name":"(anonymous_1)","decl":{"start":{"line":12,"column":31},"end":{"line":12,"column":32}},"loc":{"start":{"line":12,"column":42},"end":{"line":14,"column":3}},"line":12},"2":{"name":"(anonymous_2)","decl":{"start":{"line":16,"column":27},"end":{"line":16,"column":28}},"loc":{"start":{"line":16,"column":42},"end":{"line":22,"column":3}},"line":16},"3":{"name":"(anonymous_3)","decl":{"start":{"line":24,"column":29},"end":{"line":24,"column":30}},"loc":{"start":{"line":24,"column":35},"end":{"line":26,"column":3}},"line":24},"4":{"name":"(anonymous_4)","decl":{"start":{"line":28,"column":21},"end":{"line":28,"column":22}},"loc":{"start":{"line":28,"column":27},"end":{"line":30,"column":3}},"line":28},"5":{"name":"(anonymous_5)","decl":{"start":{"line":48,"column":75},"end":{"line":48,"column":76}},"loc":{"start":{"line":48,"column":81},"end":{"line":48,"column":105}},"line":48},"6":{"name":"(anonymous_6)","decl":{"start":{"line":49,"column":92},"end":{"line":49,"column":93}},"loc":{"start":{"line":49,"column":98},"end":{"line":49,"column":123}},"line":49}},"branchMap":{"0":{"loc":{"start":{"line":17,"column":4},"end":{"line":21,"column":5}},"type":"if","locations":[{"start":{"line":17,"column":4},"end":{"line":21,"column":5}},{"start":{"line":19,"column":11},"end":{"line":21,"column":5}}],"line":17},"1":{"loc":{"start":{"line":17,"column":8},"end":{"line":17,"column":53}},"type":"binary-expr","locations":[{"start":{"line":17,"column":8},"end":{"line":17,"column":28}},{"start":{"line":17,"column":32},"end":{"line":17,"column":53}}],"line":17},"2":{"loc":{"start":{"line":19,"column":11},"end":{"line":21,"column":5}},"type":"if","locations":[{"start":{"line":19,"column":11},"end":{"line":21,"column":5}},{"start":{},"end":{}}],"line":19},"3":{"loc":{"start":{"line":19,"column":15},"end":{"line":19,"column":77}},"type":"binary-expr","locations":[{"start":{"line":19,"column":15},"end":{"line":19,"column":36}},{"start":{"line":19,"column":40},"end":{"line":19,"column":77}}],"line":19},"4":{"loc":{"start":{"line":34,"column":7},"end":{"line":61,"column":7}},"type":"cond-expr","locations":[{"start":{"line":35,"column":8},"end":{"line":50,"column":11}},{"start":{"line":52,"column":8},"end":{"line":60,"column":10}}],"line":34},"5":{"loc":{"start":{"line":48,"column":11},"end":{"line":48,"column":109}},"type":"binary-expr","locations":[{"start":{"line":48,"column":11},"end":{"line":48,"column":32}},{"start":{"line":48,"column":36},"end":{"line":48,"column":109}}],"line":48},"6":{"loc":{"start":{"line":49,"column":11},"end":{"line":49,"column":127}},"type":"binary-expr","locations":[{"start":{"line":49,"column":11},"end":{"line":49,"column":48}},{"start":{"line":49,"column":52},"end":{"line":49,"column":127}}],"line":49}},"s":{"0":1,"1":21,"2":21,"3":21,"4":21,"5":1,"6":21,"7":4,"8":1,"9":3,"10":3,"11":21,"12":4,"13":21,"14":1,"15":21,"16":1,"17":3},"f":{"0":21,"1":1,"2":4,"3":4,"4":1,"5":1,"6":3},"b":{"0":[1,3],"1":[4,1],"2":[3,0],"3":[3,3],"4":[17,4],"5":[17,5],"6":[17,12]},"_coverageSchema":"1a1c01bbd47fc00a2c39e90264f33305004495a9","hash":"71a360f87f08cecde2e188ba79589d31781d70b3"}
,"/Users/michaeltrofimov/rfp2404-fec/client/src/components/Overview/ProductInfo.jsx": {"path":"/Users/michaeltrofimov/rfp2404-fec/client/src/components/Overview/ProductInfo.jsx","statementMap":{"0":{"start":{"line":8,"column":20},"end":{"line":76,"column":1}},"1":{"start":{"line":19,"column":6},"end":{"line":19,"column":20}},"2":{"start":{"line":20,"column":34},"end":{"line":20,"column":46}},"3":{"start":{"line":22,"column":31},"end":{"line":22,"column":32}},"4":{"start":{"line":24,"column":2},"end":{"line":32,"column":11}},"5":{"start":{"line":25,"column":4},"end":{"line":31,"column":7}},"6":{"start":{"line":27,"column":6},"end":{"line":27,"column":33}},"7":{"start":{"line":30,"column":6},"end":{"line":30,"column":54}},"8":{"start":{"line":34,"column":2},"end":{"line":44,"column":3}},"9":{"start":{"line":35,"column":31},"end":{"line":35,"column":32}},"10":{"start":{"line":36,"column":26},"end":{"line":36,"column":27}},"11":{"start":{"line":37,"column":4},"end":{"line":40,"column":5}},"12":{"start":{"line":38,"column":6},"end":{"line":38,"column":60}},"13":{"start":{"line":39,"column":6},"end":{"line":39,"column":71}},"14":{"start":{"line":42,"column":23},"end":{"line":42,"column":61}},"15":{"start":{"line":43,"column":4},"end":{"line":43,"column":68}},"16":{"start":{"line":46,"column":2},"end":{"line":75,"column":4}},"17":{"start":{"line":67,"column":12},"end":{"line":69,"column":18}}},"fnMap":{"0":{"name":"(anonymous_0)","decl":{"start":{"line":8,"column":20},"end":{"line":8,"column":21}},"loc":{"start":{"line":8,"column":44},"end":{"line":76,"column":1}},"line":8},"1":{"name":"(anonymous_1)","decl":{"start":{"line":24,"column":12},"end":{"line":24,"column":13}},"loc":{"start":{"line":24,"column":18},"end":{"line":32,"column":5}},"line":24},"2":{"name":"(anonymous_2)","decl":{"start":{"line":26,"column":10},"end":{"line":26,"column":11}},"loc":{"start":{"line":26,"column":24},"end":{"line":28,"column":5}},"line":26},"3":{"name":"(anonymous_3)","decl":{"start":{"line":29,"column":11},"end":{"line":29,"column":12}},"loc":{"start":{"line":29,"column":20},"end":{"line":31,"column":5}},"line":29},"4":{"name":"(anonymous_4)","decl":{"start":{"line":66,"column":24},"end":{"line":66,"column":25}},"loc":{"start":{"line":67,"column":12},"end":{"line":69,"column":18}},"line":67}},"branchMap":{"0":{"loc":{"start":{"line":34,"column":2},"end":{"line":44,"column":3}},"type":"if","locations":[{"start":{"line":34,"column":2},"end":{"line":44,"column":3}},{"start":{},"end":{}}],"line":34},"1":{"loc":{"start":{"line":43,"column":29},"end":{"line":43,"column":67}},"type":"binary-expr","locations":[{"start":{"line":43,"column":30},"end":{"line":43,"column":61}},{"start":{"line":43,"column":66},"end":{"line":43,"column":67}}],"line":43},"2":{"loc":{"start":{"line":53,"column":24},"end":{"line":61,"column":7}},"type":"cond-expr","locations":[{"start":{"line":54,"column":8},"end":{"line":57,"column":12}},{"start":{"line":60,"column":8},"end":{"line":60,"column":31}}],"line":53},"3":{"loc":{"start":{"line":62,"column":24},"end":{"line":62,"column":59}},"type":"binary-expr","locations":[{"start":{"line":62,"column":24},"end":{"line":62,"column":35}},{"start":{"line":62,"column":39},"end":{"line":62,"column":59}}],"line":62},"4":{"loc":{"start":{"line":64,"column":7},"end":{"line":72,"column":7}},"type":"binary-expr","locations":[{"start":{"line":64,"column":7},"end":{"line":64,"column":15}},{"start":{"line":65,"column":8},"end":{"line":71,"column":13}}],"line":64}},"s":{"0":1,"1":6,"2":6,"3":6,"4":6,"5":4,"6":0,"7":3,"8":6,"9":0,"10":0,"11":0,"12":0,"13":0,"14":0,"15":0,"16":6,"17":10},"f":{"0":6,"1":4,"2":0,"3":3,"4":10},"b":{"0":[0,6],"1":[0,0],"2":[5,1],"3":[6,6],"4":[6,5]},"_coverageSchema":"1a1c01bbd47fc00a2c39e90264f33305004495a9","hash":"fec935d396f4ea43d1527d81471cc884a85431ef"}
,"/Users/michaeltrofimov/rfp2404-fec/client/src/components/Overview/ProductListController.js": {"path":"/Users/michaeltrofimov/rfp2404-fec/client/src/components/Overview/ProductListController.js","statementMap":{"0":{"start":{"line":4,"column":22},"end":{"line":16,"column":1}},"1":{"start":{"line":5,"column":2},"end":{"line":15,"column":3}},"2":{"start":{"line":6,"column":21},"end":{"line":10,"column":6}},"3":{"start":{"line":11,"column":4},"end":{"line":11,"column":25}},"4":{"start":{"line":13,"column":4},"end":{"line":13,"column":53}},"5":{"start":{"line":14,"column":4},"end":{"line":14,"column":14}}},"fnMap":{"0":{"name":"(anonymous_0)","decl":{"start":{"line":4,"column":22},"end":{"line":4,"column":23}},"loc":{"start":{"line":4,"column":34},"end":{"line":16,"column":1}},"line":4}},"branchMap":{},"s":{"0":1,"1":4,"2":4,"3":2,"4":0,"5":0},"f":{"0":4},"b":{},"_coverageSchema":"1a1c01bbd47fc00a2c39e90264f33305004495a9","hash":"cbab808644a529661cb207163b81c9f2139c9a68"}
,"/Users/michaeltrofimov/rfp2404-fec/client/src/components/Overview/ProductView.jsx": {"path":"/Users/michaeltrofimov/rfp2404-fec/client/src/components/Overview/ProductView.jsx","statementMap":{"0":{"start":{"line":11,"column":20},"end":{"line":95,"column":1}},"1":{"start":{"line":12,"column":46},"end":{"line":12,"column":60}},"2":{"start":{"line":13,"column":30},"end":{"line":13,"column":42}},"3":{"start":{"line":14,"column":44},"end":{"line":14,"column":56}},"4":{"start":{"line":15,"column":42},"end":{"line":15,"column":54}},"5":{"start":{"line":16,"column":50},"end":{"line":16,"column":61}},"6":{"start":{"line":17,"column":46},"end":{"line":17,"column":58}},"7":{"start":{"line":18,"column":40},"end":{"line":18,"column":51}},"8":{"start":{"line":20,"column":2},"end":{"line":35,"column":9}},"9":{"start":{"line":21,"column":24},"end":{"line":33,"column":5}},"10":{"start":{"line":23,"column":23},"end":{"line":23,"column":44}},"11":{"start":{"line":24,"column":6},"end":{"line":32,"column":5}},"12":{"start":{"line":25,"column":31},"end":{"line":25,"column":45}},"13":{"start":{"line":26,"column":31},"end":{"line":26,"column":65}},"14":{"start":{"line":27,"column":8},"end":{"line":27,"column":42}},"15":{"start":{"line":29,"column":30},"end":{"line":29,"column":63}},"16":{"start":{"line":30,"column":8},"end":{"line":30,"column":33}},"17":{"start":{"line":31,"column":8},"end":{"line":31,"column":43}},"18":{"start":{"line":34,"column":4},"end":{"line":34,"column":18}},"19":{"start":{"line":37,"column":2},"end":{"line":48,"column":22}},"20":{"start":{"line":38,"column":4},"end":{"line":47,"column":5}},"21":{"start":{"line":39,"column":20},"end":{"line":42,"column":9}},"22":{"start":{"line":39,"column":68},"end":{"line":42,"column":7}},"23":{"start":{"line":43,"column":6},"end":{"line":43,"column":31}},"24":{"start":{"line":44,"column":6},"end":{"line":44,"column":24}},"25":{"start":{"line":45,"column":6},"end":{"line":45,"column":26}},"26":{"start":{"line":46,"column":6},"end":{"line":46,"column":29}},"27":{"start":{"line":50,"column":28},"end":{"line":53,"column":3}},"28":{"start":{"line":51,"column":4},"end":{"line":51,"column":28}},"29":{"start":{"line":52,"column":4},"end":{"line":52,"column":36}},"30":{"start":{"line":55,"column":27},"end":{"line":61,"column":3}},"31":{"start":{"line":56,"column":4},"end":{"line":56,"column":26}},"32":{"start":{"line":57,"column":16},"end":{"line":57,"column":80}},"33":{"start":{"line":57,"column":62},"end":{"line":57,"column":79}},"34":{"start":{"line":58,"column":4},"end":{"line":60,"column":5}},"35":{"start":{"line":59,"column":6},"end":{"line":59,"column":35}},"36":{"start":{"line":63,"column":31},"end":{"line":65,"column":3}},"37":{"start":{"line":64,"column":4},"end":{"line":64,"column":34}},"38":{"start":{"line":67,"column":2},"end":{"line":94,"column":4}},"39":{"start":{"line":86,"column":83},"end":{"line":86,"column":105}}},"fnMap":{"0":{"name":"(anonymous_0)","decl":{"start":{"line":11,"column":20},"end":{"line":11,"column":21}},"loc":{"start":{"line":11,"column":26},"end":{"line":95,"column":1}},"line":11},"1":{"name":"(anonymous_1)","decl":{"start":{"line":20,"column":12},"end":{"line":20,"column":13}},"loc":{"start":{"line":20,"column":18},"end":{"line":35,"column":3}},"line":20},"2":{"name":"(anonymous_2)","decl":{"start":{"line":21,"column":24},"end":{"line":21,"column":25}},"loc":{"start":{"line":21,"column":36},"end":{"line":33,"column":5}},"line":21},"3":{"name":"(anonymous_3)","decl":{"start":{"line":37,"column":12},"end":{"line":37,"column":13}},"loc":{"start":{"line":37,"column":18},"end":{"line":48,"column":3}},"line":37},"4":{"name":"(anonymous_4)","decl":{"start":{"line":39,"column":56},"end":{"line":39,"column":57}},"loc":{"start":{"line":39,"column":68},"end":{"line":42,"column":7}},"line":39},"5":{"name":"(anonymous_5)","decl":{"start":{"line":50,"column":28},"end":{"line":50,"column":29}},"loc":{"start":{"line":50,"column":39},"end":{"line":53,"column":3}},"line":50},"6":{"name":"(anonymous_6)","decl":{"start":{"line":55,"column":27},"end":{"line":55,"column":28}},"loc":{"start":{"line":55,"column":37},"end":{"line":61,"column":3}},"line":55},"7":{"name":"(anonymous_7)","decl":{"start":{"line":57,"column":55},"end":{"line":57,"column":56}},"loc":{"start":{"line":57,"column":62},"end":{"line":57,"column":79}},"line":57},"8":{"name":"(anonymous_8)","decl":{"start":{"line":63,"column":31},"end":{"line":63,"column":32}},"loc":{"start":{"line":63,"column":45},"end":{"line":65,"column":3}},"line":63},"9":{"name":"(anonymous_9)","decl":{"start":{"line":86,"column":77},"end":{"line":86,"column":78}},"loc":{"start":{"line":86,"column":83},"end":{"line":86,"column":105}},"line":86}},"branchMap":{"0":{"loc":{"start":{"line":24,"column":6},"end":{"line":32,"column":5}},"type":"if","locations":[{"start":{"line":24,"column":6},"end":{"line":32,"column":5}},{"start":{},"end":{}}],"line":24},"1":{"loc":{"start":{"line":38,"column":4},"end":{"line":47,"column":5}},"type":"if","locations":[{"start":{"line":38,"column":4},"end":{"line":47,"column":5}},{"start":{},"end":{}}],"line":38},"2":{"loc":{"start":{"line":58,"column":4},"end":{"line":60,"column":5}},"type":"if","locations":[{"start":{"line":58,"column":4},"end":{"line":60,"column":5}},{"start":{},"end":{}}],"line":58},"3":{"loc":{"start":{"line":70,"column":9},"end":{"line":70,"column":72}},"type":"binary-expr","locations":[{"start":{"line":70,"column":9},"end":{"line":70,"column":22}},{"start":{"line":70,"column":26},"end":{"line":70,"column":72}}],"line":70},"4":{"loc":{"start":{"line":73,"column":7},"end":{"line":73,"column":72}},"type":"binary-expr","locations":[{"start":{"line":73,"column":7},"end":{"line":73,"column":21}},{"start":{"line":73,"column":25},"end":{"line":73,"column":72}}],"line":73},"5":{"loc":{"start":{"line":77,"column":7},"end":{"line":79,"column":7}},"type":"binary-expr","locations":[{"start":{"line":77,"column":7},"end":{"line":77,"column":24}},{"start":{"line":78,"column":8},"end":{"line":78,"column":117}}],"line":77},"6":{"loc":{"start":{"line":81,"column":13},"end":{"line":83,"column":13}},"type":"binary-expr","locations":[{"start":{"line":81,"column":13},"end":{"line":81,"column":38}},{"start":{"line":82,"column":14},"end":{"line":82,"column":113}}],"line":81},"7":{"loc":{"start":{"line":86,"column":32},"end":{"line":86,"column":66}},"type":"binary-expr","locations":[{"start":{"line":86,"column":32},"end":{"line":86,"column":45}},{"start":{"line":86,"column":49},"end":{"line":86,"column":66}}],"line":86}},"s":{"0":1,"1":8,"2":8,"3":8,"4":8,"5":8,"6":8,"7":8,"8":8,"9":4,"10":4,"11":2,"12":2,"13":2,"14":2,"15":2,"16":2,"17":2,"18":4,"19":8,"20":6,"21":2,"22":2,"23":2,"24":2,"25":2,"26":2,"27":8,"28":0,"29":0,"30":8,"31":0,"32":0,"33":0,"34":0,"35":0,"36":8,"37":0,"38":8,"39":0},"f":{"0":8,"1":4,"2":4,"3":6,"4":2,"5":0,"6":0,"7":0,"8":0,"9":0},"b":{"0":[2,0],"1":[2,4],"2":[0,0],"3":[8,4],"4":[8,4],"5":[8,4],"6":[8,2],"7":[8,0]},"_coverageSchema":"1a1c01bbd47fc00a2c39e90264f33305004495a9","hash":"5112038105cb118822d36e03f4bedb74ba8171b3"}
,"/Users/michaeltrofimov/rfp2404-fec/client/src/components/Overview/QuantitySelector.jsx": {"path":"/Users/michaeltrofimov/rfp2404-fec/client/src/components/Overview/QuantitySelector.jsx","statementMap":{"0":{"start":{"line":3,"column":25},"end":{"line":18,"column":1}},"1":{"start":{"line":4,"column":23},"end":{"line":6,"column":3}},"2":{"start":{"line":5,"column":4},"end":{"line":5,"column":41}},"3":{"start":{"line":8,"column":2},"end":{"line":17,"column":4}},"4":{"start":{"line":12,"column":69},"end":{"line":12,"column":74}},"5":{"start":{"line":13,"column":10},"end":{"line":13,"column":69}}},"fnMap":{"0":{"name":"(anonymous_0)","decl":{"start":{"line":3,"column":25},"end":{"line":3,"column":26}},"loc":{"start":{"line":3,"column":64},"end":{"line":18,"column":1}},"line":3},"1":{"name":"(anonymous_1)","decl":{"start":{"line":4,"column":23},"end":{"line":4,"column":24}},"loc":{"start":{"line":4,"column":34},"end":{"line":6,"column":3}},"line":4},"2":{"name":"(anonymous_2)","decl":{"start":{"line":12,"column":59},"end":{"line":12,"column":60}},"loc":{"start":{"line":12,"column":69},"end":{"line":12,"column":74}},"line":12},"3":{"name":"(anonymous_3)","decl":{"start":{"line":12,"column":80},"end":{"line":12,"column":81}},"loc":{"start":{"line":13,"column":10},"end":{"line":13,"column":69}},"line":13}},"branchMap":{"0":{"loc":{"start":{"line":11,"column":26},"end":{"line":11,"column":69}},"type":"cond-expr","locations":[{"start":{"line":11,"column":46},"end":{"line":11,"column":49}},{"start":{"line":11,"column":52},"end":{"line":11,"column":69}}],"line":11}},"s":{"0":1,"1":11,"2":1,"3":11,"4":10,"5":10},"f":{"0":11,"1":1,"2":10,"3":10},"b":{"0":[9,2]},"_coverageSchema":"1a1c01bbd47fc00a2c39e90264f33305004495a9","hash":"5958c597175f3286393fdbe27edc46d0132d03d0"}
,"/Users/michaeltrofimov/rfp2404-fec/client/src/components/Overview/Share.jsx": {"path":"/Users/michaeltrofimov/rfp2404-fec/client/src/components/Overview/Share.jsx","statementMap":{"0":{"start":{"line":3,"column":14},"end":{"line":9,"column":1}},"1":{"start":{"line":4,"column":2},"end":{"line":8,"column":8}},"2":{"start":{"line":5,"column":27},"end":{"line":5,"column":62}},"3":{"start":{"line":6,"column":27},"end":{"line":6,"column":61}},"4":{"start":{"line":7,"column":27},"end":{"line":7,"column":63}}},"fnMap":{"0":{"name":"(anonymous_0)","decl":{"start":{"line":3,"column":14},"end":{"line":3,"column":15}},"loc":{"start":{"line":4,"column":2},"end":{"line":8,"column":8}},"line":4},"1":{"name":"(anonymous_1)","decl":{"start":{"line":5,"column":21},"end":{"line":5,"column":22}},"loc":{"start":{"line":5,"column":27},"end":{"line":5,"column":62}},"line":5},"2":{"name":"(anonymous_2)","decl":{"start":{"line":6,"column":21},"end":{"line":6,"column":22}},"loc":{"start":{"line":6,"column":27},"end":{"line":6,"column":61}},"line":6},"3":{"name":"(anonymous_3)","decl":{"start":{"line":7,"column":21},"end":{"line":7,"column":22}},"loc":{"start":{"line":7,"column":27},"end":{"line":7,"column":63}},"line":7}},"branchMap":{},"s":{"0":1,"1":9,"2":1,"3":1,"4":1},"f":{"0":9,"1":1,"2":1,"3":1},"b":{},"_coverageSchema":"1a1c01bbd47fc00a2c39e90264f33305004495a9","hash":"6dd3d9a7fdf790d28fef5c51f803062725c54a9d"}
,"/Users/michaeltrofimov/rfp2404-fec/client/src/components/Overview/SizeSelector.jsx": {"path":"/Users/michaeltrofimov/rfp2404-fec/client/src/components/Overview/SizeSelector.jsx","statementMap":{"0":{"start":{"line":3,"column":21},"end":{"line":20,"column":1}},"1":{"start":{"line":4,"column":23},"end":{"line":6,"column":3}},"2":{"start":{"line":5,"column":4},"end":{"line":5,"column":37}},"3":{"start":{"line":8,"column":2},"end":{"line":19,"column":4}},"4":{"start":{"line":13,"column":10},"end":{"line":15,"column":19}}},"fnMap":{"0":{"name":"(anonymous_0)","decl":{"start":{"line":3,"column":21},"end":{"line":3,"column":22}},"loc":{"start":{"line":3,"column":50},"end":{"line":20,"column":1}},"line":3},"1":{"name":"(anonymous_1)","decl":{"start":{"line":4,"column":23},"end":{"line":4,"column":24}},"loc":{"start":{"line":4,"column":34},"end":{"line":6,"column":3}},"line":4},"2":{"name":"(anonymous_2)","decl":{"start":{"line":12,"column":19},"end":{"line":12,"column":20}},"loc":{"start":{"line":13,"column":10},"end":{"line":15,"column":19}},"line":13}},"branchMap":{"0":{"loc":{"start":{"line":14,"column":25},"end":{"line":14,"column":64}},"type":"binary-expr","locations":[{"start":{"line":14,"column":25},"end":{"line":14,"column":44}},{"start":{"line":14,"column":48},"end":{"line":14,"column":64}}],"line":14}},"s":{"0":1,"1":4,"2":1,"3":4,"4":6},"f":{"0":4,"1":1,"2":6},"b":{"0":[6,2]},"_coverageSchema":"1a1c01bbd47fc00a2c39e90264f33305004495a9","hash":"450cf6aa34a26e37e2639466a4f255a527f88636"}
,"/Users/michaeltrofimov/rfp2404-fec/client/src/components/Overview/StyleSelector.jsx": {"path":"/Users/michaeltrofimov/rfp2404-fec/client/src/components/Overview/StyleSelector.jsx","statementMap":{"0":{"start":{"line":3,"column":22},"end":{"line":29,"column":1}},"1":{"start":{"line":5,"column":15},"end":{"line":5,"column":17}},"2":{"start":{"line":6,"column":2},"end":{"line":8,"column":3}},"3":{"start":{"line":6,"column":15},"end":{"line":6,"column":16}},"4":{"start":{"line":7,"column":4},"end":{"line":7,"column":38}},"5":{"start":{"line":10,"column":2},"end":{"line":28,"column":4}},"6":{"start":{"line":13,"column":8},"end":{"line":25,"column":14}},"7":{"start":{"line":15,"column":12},"end":{"line":23,"column":18}},"8":{"start":{"line":18,"column":29},"end":{"line":18,"column":49}}},"fnMap":{"0":{"name":"(anonymous_0)","decl":{"start":{"line":3,"column":22},"end":{"line":3,"column":23}},"loc":{"start":{"line":3,"column":70},"end":{"line":29,"column":1}},"line":3},"1":{"name":"(anonymous_1)","decl":{"start":{"line":12,"column":16},"end":{"line":12,"column":17}},"loc":{"start":{"line":13,"column":8},"end":{"line":25,"column":14}},"line":13},"2":{"name":"(anonymous_2)","decl":{"start":{"line":14,"column":19},"end":{"line":14,"column":20}},"loc":{"start":{"line":15,"column":12},"end":{"line":23,"column":18}},"line":15},"3":{"name":"(anonymous_3)","decl":{"start":{"line":18,"column":23},"end":{"line":18,"column":24}},"loc":{"start":{"line":18,"column":29},"end":{"line":18,"column":49}},"line":18}},"branchMap":{"0":{"loc":{"start":{"line":17,"column":44},"end":{"line":17,"column":96}},"type":"cond-expr","locations":[{"start":{"line":17,"column":81},"end":{"line":17,"column":91}},{"start":{"line":17,"column":94},"end":{"line":17,"column":96}}],"line":17}},"s":{"0":1,"1":4,"2":4,"3":4,"4":4,"5":4,"6":4,"7":8,"8":0},"f":{"0":4,"1":4,"2":8,"3":0},"b":{"0":[4,4]},"_coverageSchema":"1a1c01bbd47fc00a2c39e90264f33305004495a9","hash":"f46d30e814fdf89dfa711ee2d6e6e9030aee02c4"}
,"/Users/michaeltrofimov/rfp2404-fec/client/src/components/Overview/Thumbnails.jsx": {"path":"/Users/michaeltrofimov/rfp2404-fec/client/src/components/Overview/Thumbnails.jsx","statementMap":{"0":{"start":{"line":3,"column":19},"end":{"line":17,"column":1}},"1":{"start":{"line":4,"column":2},"end":{"line":16,"column":4}},"2":{"start":{"line":7,"column":8},"end":{"line":13,"column":10}},"3":{"start":{"line":10,"column":25},"end":{"line":10,"column":48}}},"fnMap":{"0":{"name":"(anonymous_0)","decl":{"start":{"line":3,"column":19},"end":{"line":3,"column":20}},"loc":{"start":{"line":3,"column":72},"end":{"line":17,"column":1}},"line":3},"1":{"name":"(anonymous_1)","decl":{"start":{"line":6,"column":18},"end":{"line":6,"column":19}},"loc":{"start":{"line":7,"column":8},"end":{"line":13,"column":10}},"line":7},"2":{"name":"(anonymous_2)","decl":{"start":{"line":10,"column":19},"end":{"line":10,"column":20}},"loc":{"start":{"line":10,"column":25},"end":{"line":10,"column":48}},"line":10}},"branchMap":{"0":{"loc":{"start":{"line":9,"column":34},"end":{"line":9,"column":79}},"type":"cond-expr","locations":[{"start":{"line":9,"column":64},"end":{"line":9,"column":74}},{"start":{"line":9,"column":77},"end":{"line":9,"column":79}}],"line":9}},"s":{"0":1,"1":17,"2":43,"3":1},"f":{"0":17,"1":43,"2":1},"b":{"0":[17,26]},"_coverageSchema":"1a1c01bbd47fc00a2c39e90264f33305004495a9","hash":"b4bd574dfa9b80f581fbbf403c0d5e5a77674314"}
,"/Users/michaeltrofimov/rfp2404-fec/client/src/components/QA/Answer.jsx": {"path":"/Users/michaeltrofimov/rfp2404-fec/client/src/components/QA/Answer.jsx","statementMap":{"0":{"start":{"line":7,"column":24},"end":{"line":7,"column":32}},"1":{"start":{"line":8,"column":16},"end":{"line":8,"column":64}},"2":{"start":{"line":9,"column":42},"end":{"line":9,"column":54}},"3":{"start":{"line":10,"column":4},"end":{"line":20,"column":11}},"4":{"start":{"line":11,"column":8},"end":{"line":19,"column":10}},"5":{"start":{"line":16,"column":12},"end":{"line":16,"column":50}},"6":{"start":{"line":18,"column":12},"end":{"line":18,"column":29}},"7":{"start":{"line":22,"column":4},"end":{"line":40,"column":5}},"8":{"start":{"line":26,"column":16},"end":{"line":36,"column":22}}},"fnMap":{"0":{"name":"Answer","decl":{"start":{"line":6,"column":24},"end":{"line":6,"column":30}},"loc":{"start":{"line":6,"column":38},"end":{"line":41,"column":1}},"line":6},"1":{"name":"(anonymous_1)","decl":{"start":{"line":10,"column":14},"end":{"line":10,"column":15}},"loc":{"start":{"line":10,"column":20},"end":{"line":20,"column":5}},"line":10},"2":{"name":"(anonymous_2)","decl":{"start":{"line":15,"column":15},"end":{"line":15,"column":16}},"loc":{"start":{"line":15,"column":35},"end":{"line":17,"column":9}},"line":15},"3":{"name":"(anonymous_3)","decl":{"start":{"line":17,"column":17},"end":{"line":17,"column":18}},"loc":{"start":{"line":17,"column":31},"end":{"line":19,"column":9}},"line":17},"4":{"name":"(anonymous_4)","decl":{"start":{"line":25,"column":29},"end":{"line":25,"column":30}},"loc":{"start":{"line":26,"column":16},"end":{"line":36,"column":22}},"line":26}},"branchMap":{},"s":{"0":1,"1":1,"2":1,"3":1,"4":1,"5":0,"6":0,"7":1,"8":0},"f":{"0":1,"1":1,"2":0,"3":0,"4":0},"b":{},"_coverageSchema":"1a1c01bbd47fc00a2c39e90264f33305004495a9","hash":"554b3fdd297ebba41799dfb9d4cff946f5a9b2c4"}
,"/Users/michaeltrofimov/rfp2404-fec/client/src/components/QA/Photo.jsx": {"path":"/Users/michaeltrofimov/rfp2404-fec/client/src/components/QA/Photo.jsx","statementMap":{"0":{"start":{"line":4,"column":4},"end":{"line":20,"column":5}},"1":{"start":{"line":11,"column":24},"end":{"line":13,"column":30}}},"fnMap":{"0":{"name":"Phooto","decl":{"start":{"line":3,"column":24},"end":{"line":3,"column":30}},"loc":{"start":{"line":3,"column":38},"end":{"line":21,"column":1}},"line":3},"1":{"name":"(anonymous_1)","decl":{"start":{"line":9,"column":33},"end":{"line":9,"column":34}},"loc":{"start":{"line":11,"column":24},"end":{"line":13,"column":30}},"line":11}},"branchMap":{"0":{"loc":{"start":{"line":5,"column":8},"end":{"line":19,"column":9}},"type":"cond-expr","locations":[{"start":{"line":6,"column":12},"end":{"line":16,"column":15}},{"start":{"line":18,"column":12},"end":{"line":18,"column":17}}],"line":5}},"s":{"0":2,"1":2},"f":{"0":2,"1":2},"b":{"0":[2,0]},"_coverageSchema":"1a1c01bbd47fc00a2c39e90264f33305004495a9","hash":"bd6381f2eddbe05cc654bd6408b4c6c924e62fb8"}
,"/Users/michaeltrofimov/rfp2404-fec/client/src/components/QA/Question.jsx": {"path":"/Users/michaeltrofimov/rfp2404-fec/client/src/components/QA/Question.jsx","statementMap":{"0":{"start":{"line":4,"column":4},"end":{"line":6,"column":5}}},"fnMap":{"0":{"name":"Question","decl":{"start":{"line":3,"column":24},"end":{"line":3,"column":32}},"loc":{"start":{"line":3,"column":40},"end":{"line":7,"column":1}},"line":3}},"branchMap":{},"s":{"0":1},"f":{"0":1},"b":{},"_coverageSchema":"1a1c01bbd47fc00a2c39e90264f33305004495a9","hash":"213bdfec971b9dd9f9b6a5372ac52b6e371326fc"}
,"/Users/michaeltrofimov/rfp2404-fec/client/src/components/QA/QuestionList.jsx": {"path":"/Users/michaeltrofimov/rfp2404-fec/client/src/components/QA/QuestionList.jsx","statementMap":{"0":{"start":{"line":8,"column":21},"end":{"line":50,"column":1}},"1":{"start":{"line":9,"column":46},"end":{"line":9,"column":58}},"2":{"start":{"line":10,"column":38},"end":{"line":10,"column":50}},"3":{"start":{"line":11,"column":16},"end":{"line":11,"column":41}},"4":{"start":{"line":12,"column":4},"end":{"line":25,"column":11}},"5":{"start":{"line":13,"column":8},"end":{"line":24,"column":14}},"6":{"start":{"line":20,"column":16},"end":{"line":20,"column":56}},"7":{"start":{"line":23,"column":16},"end":{"line":23,"column":33}},"8":{"start":{"line":27,"column":4},"end":{"line":27,"column":15}},"9":{"start":{"line":29,"column":27},"end":{"line":29,"column":159}},"10":{"start":{"line":29,"column":72},"end":{"line":29,"column":142}},"11":{"start":{"line":33,"column":4},"end":{"line":48,"column":5}},"12":{"start":{"line":39,"column":20},"end":{"line":42,"column":26}}},"fnMap":{"0":{"name":"(anonymous_0)","decl":{"start":{"line":8,"column":21},"end":{"line":8,"column":22}},"loc":{"start":{"line":8,"column":38},"end":{"line":50,"column":1}},"line":8},"1":{"name":"(anonymous_1)","decl":{"start":{"line":12,"column":14},"end":{"line":12,"column":15}},"loc":{"start":{"line":12,"column":20},"end":{"line":25,"column":5}},"line":12},"2":{"name":"(anonymous_2)","decl":{"start":{"line":19,"column":18},"end":{"line":19,"column":19}},"loc":{"start":{"line":19,"column":38},"end":{"line":21,"column":13}},"line":19},"3":{"name":"(anonymous_3)","decl":{"start":{"line":22,"column":19},"end":{"line":22,"column":20}},"loc":{"start":{"line":22,"column":34},"end":{"line":24,"column":13}},"line":22},"4":{"name":"(anonymous_4)","decl":{"start":{"line":29,"column":60},"end":{"line":29,"column":61}},"loc":{"start":{"line":29,"column":72},"end":{"line":29,"column":142}},"line":29},"5":{"name":"(anonymous_5)","decl":{"start":{"line":37,"column":36},"end":{"line":37,"column":37}},"loc":{"start":{"line":39,"column":20},"end":{"line":42,"column":26}},"line":39}},"branchMap":{"0":{"loc":{"start":{"line":29,"column":27},"end":{"line":29,"column":159}},"type":"cond-expr","locations":[{"start":{"line":29,"column":39},"end":{"line":29,"column":143}},{"start":{"line":29,"column":146},"end":{"line":29,"column":159}}],"line":29}},"s":{"0":1,"1":1,"2":1,"3":1,"4":1,"5":1,"6":0,"7":0,"8":1,"9":1,"10":0,"11":1,"12":0},"f":{"0":1,"1":1,"2":0,"3":0,"4":0,"5":0},"b":{"0":[0,1]},"_coverageSchema":"1a1c01bbd47fc00a2c39e90264f33305004495a9","hash":"205fd0eafc4b99d7efc67db50b82c811a8f8a911"}
,"/Users/michaeltrofimov/rfp2404-fec/client/src/components/QA/Search.jsx": {"path":"/Users/michaeltrofimov/rfp2404-fec/client/src/components/QA/Search.jsx","statementMap":{"0":{"start":{"line":5,"column":26},"end":{"line":5,"column":38}},"1":{"start":{"line":8,"column":8},"end":{"line":8,"column":35}},"2":{"start":{"line":13,"column":8},"end":{"line":13,"column":31}},"3":{"start":{"line":14,"column":8},"end":{"line":14,"column":32}},"4":{"start":{"line":15,"column":8},"end":{"line":15,"column":19}},"5":{"start":{"line":19,"column":4},"end":{"line":26,"column":5}}},"fnMap":{"0":{"name":"Search","decl":{"start":{"line":4,"column":24},"end":{"line":4,"column":30}},"loc":{"start":{"line":4,"column":38},"end":{"line":27,"column":1}},"line":4},"1":{"name":"handleChange","decl":{"start":{"line":6,"column":13},"end":{"line":6,"column":25}},"loc":{"start":{"line":6,"column":33},"end":{"line":10,"column":5}},"line":6},"2":{"name":"handleSubmit","decl":{"start":{"line":12,"column":13},"end":{"line":12,"column":25}},"loc":{"start":{"line":12,"column":28},"end":{"line":16,"column":5}},"line":12}},"branchMap":{},"s":{"0":4,"1":1,"2":0,"3":0,"4":0,"5":4},"f":{"0":4,"1":1,"2":0},"b":{},"_coverageSchema":"1a1c01bbd47fc00a2c39e90264f33305004495a9","hash":"5f75752140053aea1e6b53817fc826e1d4ed477d"}
,"/Users/michaeltrofimov/rfp2404-fec/client/src/components/Reviews/CreatedAt.jsx": {"path":"/Users/michaeltrofimov/rfp2404-fec/client/src/components/Reviews/CreatedAt.jsx","statementMap":{"0":{"start":{"line":3,"column":18},"end":{"line":18,"column":1}},"1":{"start":{"line":4,"column":18},"end":{"line":4,"column":140}},"2":{"start":{"line":5,"column":13},"end":{"line":5,"column":30}},"3":{"start":{"line":6,"column":20},"end":{"line":6,"column":35}},"4":{"start":{"line":7,"column":14},"end":{"line":7,"column":36}},"5":{"start":{"line":8,"column":11},"end":{"line":8,"column":25}},"6":{"start":{"line":9,"column":13},"end":{"line":9,"column":31}},"7":{"start":{"line":11,"column":0},"end":{"line":16,"column":2}}},"fnMap":{"0":{"name":"(anonymous_0)","decl":{"start":{"line":3,"column":18},"end":{"line":3,"column":19}},"loc":{"start":{"line":3,"column":39},"end":{"line":18,"column":1}},"line":3}},"branchMap":{},"s":{"0":2,"1":2,"2":2,"3":2,"4":2,"5":2,"6":2,"7":2},"f":{"0":2},"b":{},"_coverageSchema":"1a1c01bbd47fc00a2c39e90264f33305004495a9","hash":"92167c6af89e2b20f2a677edb15b32cf6a0fe97d"}
,"/Users/michaeltrofimov/rfp2404-fec/client/src/components/Reviews/Factor.jsx": {"path":"/Users/michaeltrofimov/rfp2404-fec/client/src/components/Reviews/Factor.jsx","statementMap":{"0":{"start":{"line":4,"column":15},"end":{"line":38,"column":1}},"1":{"start":{"line":6,"column":17},"end":{"line":13,"column":3}},"2":{"start":{"line":15,"column":19},"end":{"line":15,"column":34}},"3":{"start":{"line":18,"column":2},"end":{"line":36,"column":4}},"4":{"start":{"line":33,"column":75},"end":{"line":33,"column":115}}},"fnMap":{"0":{"name":"(anonymous_0)","decl":{"start":{"line":4,"column":15},"end":{"line":4,"column":16}},"loc":{"start":{"line":4,"column":36},"end":{"line":38,"column":1}},"line":4},"1":{"name":"(anonymous_1)","decl":{"start":{"line":33,"column":56},"end":{"line":33,"column":57}},"loc":{"start":{"line":33,"column":74},"end":{"line":33,"column":116}},"line":33}},"branchMap":{},"s":{"0":1,"1":3,"2":3,"3":3,"4":9},"f":{"0":3,"1":9},"b":{},"_coverageSchema":"1a1c01bbd47fc00a2c39e90264f33305004495a9","hash":"36df27c90e041e15ff0413a0f9b3308497915b2d"}
,"/Users/michaeltrofimov/rfp2404-fec/client/src/components/Reviews/FactorsList.jsx": {"path":"/Users/michaeltrofimov/rfp2404-fec/client/src/components/Reviews/FactorsList.jsx","statementMap":{"0":{"start":{"line":4,"column":20},"end":{"line":20,"column":1}},"1":{"start":{"line":5,"column":2},"end":{"line":7,"column":3}},"2":{"start":{"line":6,"column":4},"end":{"line":6,"column":16}},"3":{"start":{"line":9,"column":21},"end":{"line":9,"column":41}},"4":{"start":{"line":12,"column":2},"end":{"line":18,"column":3}},"5":{"start":{"line":15,"column":8},"end":{"line":15,"column":95}}},"fnMap":{"0":{"name":"(anonymous_0)","decl":{"start":{"line":4,"column":20},"end":{"line":4,"column":21}},"loc":{"start":{"line":4,"column":35},"end":{"line":20,"column":1}},"line":4},"1":{"name":"(anonymous_1)","decl":{"start":{"line":14,"column":24},"end":{"line":14,"column":25}},"loc":{"start":{"line":14,"column":36},"end":{"line":16,"column":7}},"line":14}},"branchMap":{"0":{"loc":{"start":{"line":5,"column":2},"end":{"line":7,"column":3}},"type":"if","locations":[{"start":{"line":5,"column":2},"end":{"line":7,"column":3}},{"start":{},"end":{}}],"line":5}},"s":{"0":1,"1":4,"2":0,"3":4,"4":4,"5":0},"f":{"0":4,"1":0},"b":{"0":[0,4]},"_coverageSchema":"1a1c01bbd47fc00a2c39e90264f33305004495a9","hash":"bd05de95724095e2d15c8a4c044792008337f879"}
,"/Users/michaeltrofimov/rfp2404-fec/client/src/components/Reviews/Helpfulness.jsx": {"path":"/Users/michaeltrofimov/rfp2404-fec/client/src/components/Reviews/Helpfulness.jsx","statementMap":{"0":{"start":{"line":5,"column":20},"end":{"line":41,"column":1}},"1":{"start":{"line":7,"column":25},"end":{"line":16,"column":3}},"2":{"start":{"line":8,"column":4},"end":{"line":8,"column":23}},"3":{"start":{"line":9,"column":4},"end":{"line":15,"column":7}},"4":{"start":{"line":11,"column":6},"end":{"line":11,"column":25}},"5":{"start":{"line":14,"column":6},"end":{"line":14,"column":62}},"6":{"start":{"line":18,"column":28},"end":{"line":27,"column":3}},"7":{"start":{"line":19,"column":4},"end":{"line":19,"column":23}},"8":{"start":{"line":20,"column":4},"end":{"line":26,"column":7}},"9":{"start":{"line":22,"column":6},"end":{"line":22,"column":25}},"10":{"start":{"line":25,"column":6},"end":{"line":25,"column":54}},"11":{"start":{"line":29,"column":2},"end":{"line":39,"column":3}}},"fnMap":{"0":{"name":"(anonymous_0)","decl":{"start":{"line":5,"column":20},"end":{"line":5,"column":21}},"loc":{"start":{"line":5,"column":67},"end":{"line":41,"column":1}},"line":5},"1":{"name":"(anonymous_1)","decl":{"start":{"line":7,"column":25},"end":{"line":7,"column":26}},"loc":{"start":{"line":7,"column":32},"end":{"line":16,"column":3}},"line":7},"2":{"name":"(anonymous_2)","decl":{"start":{"line":10,"column":10},"end":{"line":10,"column":11}},"loc":{"start":{"line":10,"column":24},"end":{"line":12,"column":5}},"line":10},"3":{"name":"(anonymous_3)","decl":{"start":{"line":13,"column":11},"end":{"line":13,"column":12}},"loc":{"start":{"line":13,"column":20},"end":{"line":15,"column":5}},"line":13},"4":{"name":"(anonymous_4)","decl":{"start":{"line":18,"column":28},"end":{"line":18,"column":29}},"loc":{"start":{"line":18,"column":35},"end":{"line":27,"column":3}},"line":18},"5":{"name":"(anonymous_5)","decl":{"start":{"line":21,"column":10},"end":{"line":21,"column":11}},"loc":{"start":{"line":21,"column":24},"end":{"line":23,"column":5}},"line":21},"6":{"name":"(anonymous_6)","decl":{"start":{"line":24,"column":11},"end":{"line":24,"column":12}},"loc":{"start":{"line":24,"column":20},"end":{"line":26,"column":5}},"line":24}},"branchMap":{},"s":{"0":1,"1":1,"2":1,"3":1,"4":0,"5":0,"6":1,"7":0,"8":0,"9":0,"10":0,"11":1},"f":{"0":1,"1":1,"2":0,"3":0,"4":0,"5":0,"6":0},"b":{},"_coverageSchema":"1a1c01bbd47fc00a2c39e90264f33305004495a9","hash":"cdfef3d9155acecf67718aaccecc7cab3d025256"}
,"/Users/michaeltrofimov/rfp2404-fec/client/src/components/Reviews/InvertedTriangle.jsx": {"path":"/Users/michaeltrofimov/rfp2404-fec/client/src/components/Reviews/InvertedTriangle.jsx","statementMap":{"0":{"start":{"line":3,"column":25},"end":{"line":16,"column":1}},"1":{"start":{"line":4,"column":2},"end":{"line":15,"column":3}}},"fnMap":{"0":{"name":"(anonymous_0)","decl":{"start":{"line":3,"column":25},"end":{"line":3,"column":26}},"loc":{"start":{"line":3,"column":31},"end":{"line":16,"column":1}},"line":3}},"branchMap":{},"s":{"0":1,"1":3},"f":{"0":3},"b":{},"_coverageSchema":"1a1c01bbd47fc00a2c39e90264f33305004495a9","hash":"6bcb46e0fac58fcf15f6c984fd3696e07790bae7"}
,"/Users/michaeltrofimov/rfp2404-fec/client/src/components/Reviews/Modal.jsx": {"path":"/Users/michaeltrofimov/rfp2404-fec/client/src/components/Reviews/Modal.jsx","statementMap":{"0":{"start":{"line":3,"column":14},"end":{"line":18,"column":1}},"1":{"start":{"line":5,"column":2},"end":{"line":17,"column":4}}},"fnMap":{"0":{"name":"(anonymous_0)","decl":{"start":{"line":3,"column":14},"end":{"line":3,"column":15}},"loc":{"start":{"line":3,"column":45},"end":{"line":18,"column":1}},"line":3}},"branchMap":{},"s":{"0":1,"1":2},"f":{"0":2},"b":{},"_coverageSchema":"1a1c01bbd47fc00a2c39e90264f33305004495a9","hash":"0844e9cca7a4e3299a8d4b20d4e12f8f700199b2"}
,"/Users/michaeltrofimov/rfp2404-fec/client/src/components/Reviews/RatingBars.jsx": {"path":"/Users/michaeltrofimov/rfp2404-fec/client/src/components/Reviews/RatingBars.jsx","statementMap":{"0":{"start":{"line":4,"column":19},"end":{"line":77,"column":1}},"1":{"start":{"line":6,"column":25},"end":{"line":6,"column":50}},"2":{"start":{"line":7,"column":15},"end":{"line":7,"column":60}},"3":{"start":{"line":10,"column":25},"end":{"line":10,"column":50}},"4":{"start":{"line":11,"column":15},"end":{"line":11,"column":60}},"5":{"start":{"line":14,"column":26},"end":{"line":14,"column":51}},"6":{"start":{"line":15,"column":16},"end":{"line":15,"column":62}},"7":{"start":{"line":18,"column":24},"end":{"line":18,"column":49}},"8":{"start":{"line":19,"column":14},"end":{"line":19,"column":58}},"9":{"start":{"line":22,"column":24},"end":{"line":22,"column":49}},"10":{"start":{"line":23,"column":14},"end":{"line":23,"column":58}},"11":{"start":{"line":26,"column":2},"end":{"line":75,"column":5}},"12":{"start":{"line":29,"column":46},"end":{"line":29,"column":65}},"13":{"start":{"line":29,"column":66},"end":{"line":29,"column":93}},"14":{"start":{"line":37,"column":45},"end":{"line":37,"column":64}},"15":{"start":{"line":37,"column":65},"end":{"line":37,"column":92}},"16":{"start":{"line":45,"column":46},"end":{"line":45,"column":65}},"17":{"start":{"line":45,"column":66},"end":{"line":45,"column":93}},"18":{"start":{"line":53,"column":44},"end":{"line":53,"column":63}},"19":{"start":{"line":53,"column":64},"end":{"line":53,"column":91}},"20":{"start":{"line":62,"column":44},"end":{"line":62,"column":63}},"21":{"start":{"line":62,"column":64},"end":{"line":62,"column":91}}},"fnMap":{"0":{"name":"(anonymous_0)","decl":{"start":{"line":4,"column":19},"end":{"line":4,"column":20}},"loc":{"start":{"line":4,"column":89},"end":{"line":77,"column":1}},"line":4},"1":{"name":"(anonymous_1)","decl":{"start":{"line":29,"column":38},"end":{"line":29,"column":39}},"loc":{"start":{"line":29,"column":45},"end":{"line":29,"column":94}},"line":29},"2":{"name":"(anonymous_2)","decl":{"start":{"line":37,"column":37},"end":{"line":37,"column":38}},"loc":{"start":{"line":37,"column":44},"end":{"line":37,"column":93}},"line":37},"3":{"name":"(anonymous_3)","decl":{"start":{"line":45,"column":38},"end":{"line":45,"column":39}},"loc":{"start":{"line":45,"column":45},"end":{"line":45,"column":94}},"line":45},"4":{"name":"(anonymous_4)","decl":{"start":{"line":53,"column":36},"end":{"line":53,"column":37}},"loc":{"start":{"line":53,"column":43},"end":{"line":53,"column":92}},"line":53},"5":{"name":"(anonymous_5)","decl":{"start":{"line":62,"column":36},"end":{"line":62,"column":37}},"loc":{"start":{"line":62,"column":43},"end":{"line":62,"column":92}},"line":62}},"branchMap":{"0":{"loc":{"start":{"line":6,"column":25},"end":{"line":6,"column":50}},"type":"binary-expr","locations":[{"start":{"line":6,"column":25},"end":{"line":6,"column":45}},{"start":{"line":6,"column":49},"end":{"line":6,"column":50}}],"line":6},"1":{"loc":{"start":{"line":10,"column":25},"end":{"line":10,"column":50}},"type":"binary-expr","locations":[{"start":{"line":10,"column":25},"end":{"line":10,"column":45}},{"start":{"line":10,"column":49},"end":{"line":10,"column":50}}],"line":10},"2":{"loc":{"start":{"line":14,"column":26},"end":{"line":14,"column":51}},"type":"binary-expr","locations":[{"start":{"line":14,"column":26},"end":{"line":14,"column":46}},{"start":{"line":14,"column":50},"end":{"line":14,"column":51}}],"line":14},"3":{"loc":{"start":{"line":18,"column":24},"end":{"line":18,"column":49}},"type":"binary-expr","locations":[{"start":{"line":18,"column":24},"end":{"line":18,"column":44}},{"start":{"line":18,"column":48},"end":{"line":18,"column":49}}],"line":18},"4":{"loc":{"start":{"line":22,"column":24},"end":{"line":22,"column":49}},"type":"binary-expr","locations":[{"start":{"line":22,"column":24},"end":{"line":22,"column":44}},{"start":{"line":22,"column":48},"end":{"line":22,"column":49}}],"line":22}},"s":{"0":1,"1":4,"2":4,"3":4,"4":4,"5":4,"6":4,"7":4,"8":4,"9":4,"10":4,"11":4,"12":0,"13":0,"14":0,"15":0,"16":0,"17":0,"18":0,"19":0,"20":0,"21":0},"f":{"0":4,"1":0,"2":0,"3":0,"4":0,"5":0},"b":{"0":[4,4],"1":[4,0],"2":[4,0],"3":[4,0],"4":[4,0]},"_coverageSchema":"1a1c01bbd47fc00a2c39e90264f33305004495a9","hash":"fc7c88f8eb4f9ffc6331f04453bcc598f040d0db"}
,"/Users/michaeltrofimov/rfp2404-fec/client/src/components/Reviews/RatingBreakdown.jsx": {"path":"/Users/michaeltrofimov/rfp2404-fec/client/src/components/Reviews/RatingBreakdown.jsx","statementMap":{"0":{"start":{"line":5,"column":24},"end":{"line":58,"column":1}},"1":{"start":{"line":7,"column":31},"end":{"line":7,"column":32}},"2":{"start":{"line":8,"column":31},"end":{"line":8,"column":33}},"3":{"start":{"line":10,"column":2},"end":{"line":23,"column":3}},"4":{"start":{"line":11,"column":31},"end":{"line":11,"column":32}},"5":{"start":{"line":12,"column":26},"end":{"line":12,"column":27}},"6":{"start":{"line":13,"column":4},"end":{"line":16,"column":5}},"7":{"start":{"line":14,"column":6},"end":{"line":14,"column":60}},"8":{"start":{"line":15,"column":6},"end":{"line":15,"column":71}},"9":{"start":{"line":18,"column":23},"end":{"line":18,"column":61}},"10":{"start":{"line":19,"column":4},"end":{"line":19,"column":61}},"11":{"start":{"line":20,"column":4},"end":{"line":20,"column":63}},"12":{"start":{"line":22,"column":43},"end":{"line":22,"column":149}},"13":{"start":{"line":25,"column":2},"end":{"line":56,"column":4}},"14":{"start":{"line":43,"column":57},"end":{"line":43,"column":99}}},"fnMap":{"0":{"name":"(anonymous_0)","decl":{"start":{"line":5,"column":24},"end":{"line":5,"column":25}},"loc":{"start":{"line":5,"column":98},"end":{"line":58,"column":1}},"line":5},"1":{"name":"(anonymous_1)","decl":{"start":{"line":43,"column":46},"end":{"line":43,"column":47}},"loc":{"start":{"line":43,"column":56},"end":{"line":43,"column":101}},"line":43}},"branchMap":{"0":{"loc":{"start":{"line":10,"column":2},"end":{"line":23,"column":3}},"type":"if","locations":[{"start":{"line":10,"column":2},"end":{"line":23,"column":3}},{"start":{},"end":{}}],"line":10},"1":{"loc":{"start":{"line":22,"column":43},"end":{"line":22,"column":149}},"type":"binary-expr","locations":[{"start":{"line":22,"column":43},"end":{"line":22,"column":144}},{"start":{"line":22,"column":148},"end":{"line":22,"column":149}}],"line":22},"2":{"loc":{"start":{"line":27,"column":9},"end":{"line":52,"column":12}},"type":"cond-expr","locations":[{"start":{"line":28,"column":8},"end":{"line":51,"column":9}},{"start":{"line":52,"column":8},"end":{"line":52,"column":12}}],"line":27},"3":{"loc":{"start":{"line":39,"column":12},"end":{"line":47,"column":17}},"type":"cond-expr","locations":[{"start":{"line":40,"column":12},"end":{"line":46,"column":18}},{"start":{"line":47,"column":13},"end":{"line":47,"column":17}}],"line":39}},"s":{"0":1,"1":3,"2":3,"3":3,"4":3,"5":3,"6":3,"7":12,"8":12,"9":3,"10":3,"11":3,"12":3,"13":3,"14":6},"f":{"0":3,"1":6},"b":{"0":[3,0],"1":[3,0],"2":[3,0],"3":[3,0]},"_coverageSchema":"1a1c01bbd47fc00a2c39e90264f33305004495a9","hash":"270b2e340fca8c2fbd91456a381ba176c8213e24"}
,"/Users/michaeltrofimov/rfp2404-fec/client/src/components/Reviews/Recommend.jsx": {"path":"/Users/michaeltrofimov/rfp2404-fec/client/src/components/Reviews/Recommend.jsx","statementMap":{"0":{"start":{"line":3,"column":18},"end":{"line":14,"column":1}},"1":{"start":{"line":5,"column":2},"end":{"line":12,"column":4}}},"fnMap":{"0":{"name":"(anonymous_0)","decl":{"start":{"line":3,"column":18},"end":{"line":3,"column":19}},"loc":{"start":{"line":3,"column":35},"end":{"line":14,"column":1}},"line":3}},"branchMap":{"0":{"loc":{"start":{"line":7,"column":5},"end":{"line":9,"column":10}},"type":"cond-expr","locations":[{"start":{"line":8,"column":4},"end":{"line":8,"column":49}},{"start":{"line":9,"column":6},"end":{"line":9,"column":10}}],"line":7}},"s":{"0":1,"1":2},"f":{"0":2},"b":{"0":[1,1]},"_coverageSchema":"1a1c01bbd47fc00a2c39e90264f33305004495a9","hash":"b64c0da762cf5853ff747a3a41aa9ca10d2a7d12"}
,"/Users/michaeltrofimov/rfp2404-fec/client/src/components/Reviews/Response.jsx": {"path":"/Users/michaeltrofimov/rfp2404-fec/client/src/components/Reviews/Response.jsx","statementMap":{"0":{"start":{"line":3,"column":17},"end":{"line":15,"column":1}},"1":{"start":{"line":5,"column":2},"end":{"line":13,"column":3}}},"fnMap":{"0":{"name":"(anonymous_0)","decl":{"start":{"line":3,"column":17},"end":{"line":3,"column":18}},"loc":{"start":{"line":3,"column":33},"end":{"line":15,"column":1}},"line":3}},"branchMap":{"0":{"loc":{"start":{"line":8,"column":6},"end":{"line":10,"column":12}},"type":"cond-expr","locations":[{"start":{"line":9,"column":6},"end":{"line":9,"column":47}},{"start":{"line":10,"column":8},"end":{"line":10,"column":12}}],"line":8}},"s":{"0":1,"1":2},"f":{"0":2},"b":{"0":[1,1]},"_coverageSchema":"1a1c01bbd47fc00a2c39e90264f33305004495a9","hash":"d5e3450715fccf6d6f0a2148f08715319fabe779"}
,"/Users/michaeltrofimov/rfp2404-fec/client/src/components/Reviews/ReviewBody.jsx": {"path":"/Users/michaeltrofimov/rfp2404-fec/client/src/components/Reviews/ReviewBody.jsx","statementMap":{"0":{"start":{"line":4,"column":19},"end":{"line":7,"column":1}},"1":{"start":{"line":5,"column":19},"end":{"line":5,"column":58}},"2":{"start":{"line":6,"column":2},"end":{"line":6,"column":28}},"3":{"start":{"line":9,"column":19},"end":{"line":47,"column":1}},"4":{"start":{"line":11,"column":34},"end":{"line":11,"column":49}},"5":{"start":{"line":13,"column":30},"end":{"line":16,"column":3}},"6":{"start":{"line":14,"column":4},"end":{"line":14,"column":27}},"7":{"start":{"line":15,"column":4},"end":{"line":15,"column":22}},"8":{"start":{"line":18,"column":30},"end":{"line":21,"column":3}},"9":{"start":{"line":19,"column":4},"end":{"line":19,"column":27}},"10":{"start":{"line":20,"column":4},"end":{"line":20,"column":23}},"11":{"start":{"line":23,"column":2},"end":{"line":46,"column":4}},"12":{"start":{"line":41,"column":32},"end":{"line":41,"column":111}}},"fnMap":{"0":{"name":"(anonymous_0)","decl":{"start":{"line":4,"column":19},"end":{"line":4,"column":20}},"loc":{"start":{"line":4,"column":28},"end":{"line":7,"column":1}},"line":4},"1":{"name":"(anonymous_1)","decl":{"start":{"line":9,"column":19},"end":{"line":9,"column":20}},"loc":{"start":{"line":9,"column":39},"end":{"line":47,"column":1}},"line":9},"2":{"name":"(anonymous_2)","decl":{"start":{"line":13,"column":30},"end":{"line":13,"column":31}},"loc":{"start":{"line":13,"column":41},"end":{"line":16,"column":3}},"line":13},"3":{"name":"(anonymous_3)","decl":{"start":{"line":18,"column":30},"end":{"line":18,"column":31}},"loc":{"start":{"line":18,"column":41},"end":{"line":21,"column":3}},"line":18},"4":{"name":"(anonymous_4)","decl":{"start":{"line":41,"column":19},"end":{"line":41,"column":20}},"loc":{"start":{"line":41,"column":30},"end":{"line":41,"column":112}},"line":41}},"branchMap":{"0":{"loc":{"start":{"line":26,"column":8},"end":{"line":36,"column":15}},"type":"cond-expr","locations":[{"start":{"line":27,"column":10},"end":{"line":27,"column":27}},{"start":{"line":28,"column":10},"end":{"line":36,"column":15}}],"line":26},"1":{"loc":{"start":{"line":28,"column":10},"end":{"line":36,"column":15}},"type":"cond-expr","locations":[{"start":{"line":29,"column":12},"end":{"line":32,"column":15}},{"start":{"line":33,"column":12},"end":{"line":36,"column":15}}],"line":28},"2":{"loc":{"start":{"line":40,"column":8},"end":{"line":42,"column":12}},"type":"cond-expr","locations":[{"start":{"line":41,"column":8},"end":{"line":41,"column":113}},{"start":{"line":42,"column":8},"end":{"line":42,"column":12}}],"line":40},"3":{"loc":{"start":{"line":41,"column":39},"end":{"line":41,"column":111}},"type":"cond-expr","locations":[{"start":{"line":41,"column":63},"end":{"line":41,"column":104}},{"start":{"line":41,"column":107},"end":{"line":41,"column":111}}],"line":41}},"s":{"0":1,"1":7,"2":7,"3":1,"4":8,"5":8,"6":1,"7":1,"8":8,"9":0,"10":0,"11":8,"12":7},"f":{"0":7,"1":8,"2":1,"3":0,"4":7},"b":{"0":[5,3],"1":[1,2],"2":[7,1],"3":[7,0]},"_coverageSchema":"1a1c01bbd47fc00a2c39e90264f33305004495a9","hash":"1e56dcc3acc4285d9df912f7bbba7ee8990e83a6"}
,"/Users/michaeltrofimov/rfp2404-fec/client/src/components/Reviews/ReviewSummary.jsx": {"path":"/Users/michaeltrofimov/rfp2404-fec/client/src/components/Reviews/ReviewSummary.jsx","statementMap":{"0":{"start":{"line":3,"column":22},"end":{"line":9,"column":1}},"1":{"start":{"line":5,"column":2},"end":{"line":7,"column":4}}},"fnMap":{"0":{"name":"(anonymous_0)","decl":{"start":{"line":3,"column":22},"end":{"line":3,"column":23}},"loc":{"start":{"line":3,"column":37},"end":{"line":9,"column":1}},"line":3}},"branchMap":{},"s":{"0":1,"1":1},"f":{"0":1},"b":{},"_coverageSchema":"1a1c01bbd47fc00a2c39e90264f33305004495a9","hash":"ba5eb069bd7082ca25ba02c4e28ecc1a8393c895"}
,"/Users/michaeltrofimov/rfp2404-fec/client/src/components/Reviews/Sort.jsx": {"path":"/Users/michaeltrofimov/rfp2404-fec/client/src/components/Reviews/Sort.jsx","statementMap":{"0":{"start":{"line":3,"column":13},"end":{"line":23,"column":1}},"1":{"start":{"line":5,"column":27},"end":{"line":8,"column":3}},"2":{"start":{"line":6,"column":4},"end":{"line":6,"column":23}},"3":{"start":{"line":7,"column":4},"end":{"line":7,"column":31}},"4":{"start":{"line":10,"column":2},"end":{"line":22,"column":4}}},"fnMap":{"0":{"name":"(anonymous_0)","decl":{"start":{"line":3,"column":13},"end":{"line":3,"column":14}},"loc":{"start":{"line":3,"column":31},"end":{"line":23,"column":1}},"line":3},"1":{"name":"(anonymous_1)","decl":{"start":{"line":5,"column":27},"end":{"line":5,"column":28}},"loc":{"start":{"line":5,"column":34},"end":{"line":8,"column":3}},"line":5}},"branchMap":{},"s":{"0":1,"1":2,"2":1,"3":1,"4":2},"f":{"0":2,"1":1},"b":{},"_coverageSchema":"1a1c01bbd47fc00a2c39e90264f33305004495a9","hash":"921487c21a96a6b40bc2dc8c425d65a5414df195"}
,"/Users/michaeltrofimov/rfp2404-fec/client/src/components/Reviews/StarGenerator.jsx": {"path":"/Users/michaeltrofimov/rfp2404-fec/client/src/components/Reviews/StarGenerator.jsx","statementMap":{"0":{"start":{"line":3,"column":13},"end":{"line":80,"column":1}},"1":{"start":{"line":5,"column":0},"end":{"line":78,"column":2}}},"fnMap":{"0":{"name":"(anonymous_0)","decl":{"start":{"line":3,"column":13},"end":{"line":3,"column":14}},"loc":{"start":{"line":3,"column":31},"end":{"line":80,"column":1}},"line":3}},"branchMap":{"0":{"loc":{"start":{"line":7,"column":1},"end":{"line":18,"column":6}},"type":"cond-expr","locations":[{"start":{"line":9,"column":0},"end":{"line":17,"column":6}},{"start":{"line":18,"column":2},"end":{"line":18,"column":6}}],"line":7},"1":{"loc":{"start":{"line":21,"column":1},"end":{"line":32,"column":6}},"type":"cond-expr","locations":[{"start":{"line":23,"column":2},"end":{"line":31,"column":8}},{"start":{"line":32,"column":2},"end":{"line":32,"column":6}}],"line":21},"2":{"loc":{"start":{"line":35,"column":1},"end":{"line":45,"column":5}},"type":"cond-expr","locations":[{"start":{"line":36,"column":2},"end":{"line":44,"column":8}},{"start":{"line":45,"column":1},"end":{"line":45,"column":5}}],"line":35},"3":{"loc":{"start":{"line":35,"column":2},"end":{"line":35,"column":40}},"type":"binary-expr","locations":[{"start":{"line":35,"column":2},"end":{"line":35,"column":19}},{"start":{"line":35,"column":23},"end":{"line":35,"column":40}}],"line":35},"4":{"loc":{"start":{"line":48,"column":1},"end":{"line":59,"column":6}},"type":"cond-expr","locations":[{"start":{"line":50,"column":2},"end":{"line":58,"column":8}},{"start":{"line":59,"column":2},"end":{"line":59,"column":6}}],"line":48},"5":{"loc":{"start":{"line":48,"column":2},"end":{"line":48,"column":40}},"type":"binary-expr","locations":[{"start":{"line":48,"column":2},"end":{"line":48,"column":20}},{"start":{"line":48,"column":24},"end":{"line":48,"column":40}}],"line":48},"6":{"loc":{"start":{"line":62,"column":2},"end":{"line":74,"column":5}},"type":"cond-expr","locations":[{"start":{"line":64,"column":2},"end":{"line":72,"column":8}},{"start":{"line":74,"column":1},"end":{"line":74,"column":5}}],"line":62},"7":{"loc":{"start":{"line":62,"column":3},"end":{"line":62,"column":39}},"type":"binary-expr","locations":[{"start":{"line":62,"column":3},"end":{"line":62,"column":21}},{"start":{"line":62,"column":25},"end":{"line":62,"column":39}}],"line":62}},"s":{"0":2,"1":65},"f":{"0":65},"b":{"0":[15,50],"1":[44,21],"2":[1,64],"3":[65,20],"4":[1,64],"5":[65,21],"6":[4,61],"7":[65,19]},"_coverageSchema":"1a1c01bbd47fc00a2c39e90264f33305004495a9","hash":"3d7d2ffed5a30fb7e2c8292d836b2bda66235812"}
,"/Users/michaeltrofimov/rfp2404-fec/client/src/components/Reviews/StarRating.jsx": {"path":"/Users/michaeltrofimov/rfp2404-fec/client/src/components/Reviews/StarRating.jsx","statementMap":{"0":{"start":{"line":4,"column":19},"end":{"line":24,"column":1}},"1":{"start":{"line":6,"column":14},"end":{"line":6,"column":16}},"2":{"start":{"line":7,"column":23},"end":{"line":7,"column":41}},"3":{"start":{"line":8,"column":0},"end":{"line":10,"column":1}},"4":{"start":{"line":8,"column":13},"end":{"line":8,"column":14}},"5":{"start":{"line":9,"column":2},"end":{"line":9,"column":18}},"6":{"start":{"line":11,"column":0},"end":{"line":13,"column":1}},"7":{"start":{"line":12,"column":2},"end":{"line":12,"column":42}},"8":{"start":{"line":14,"column":0},"end":{"line":16,"column":1}},"9":{"start":{"line":15,"column":2},"end":{"line":15,"column":18}},"10":{"start":{"line":18,"column":0},"end":{"line":22,"column":1}},"11":{"start":{"line":20,"column":35},"end":{"line":20,"column":80}}},"fnMap":{"0":{"name":"(anonymous_0)","decl":{"start":{"line":4,"column":19},"end":{"line":4,"column":20}},"loc":{"start":{"line":4,"column":33},"end":{"line":24,"column":1}},"line":4},"1":{"name":"(anonymous_1)","decl":{"start":{"line":20,"column":17},"end":{"line":20,"column":18}},"loc":{"start":{"line":20,"column":34},"end":{"line":20,"column":81}},"line":20}},"branchMap":{"0":{"loc":{"start":{"line":11,"column":0},"end":{"line":13,"column":1}},"type":"if","locations":[{"start":{"line":11,"column":0},"end":{"line":13,"column":1}},{"start":{},"end":{}}],"line":11}},"s":{"0":2,"1":13,"2":13,"3":13,"4":13,"5":15,"6":13,"7":7,"8":13,"9":43,"10":13,"11":65},"f":{"0":13,"1":65},"b":{"0":[7,6]},"_coverageSchema":"1a1c01bbd47fc00a2c39e90264f33305004495a9","hash":"4fb490025985b3e4dc86c5e25406756653379933"}
,"/Users/michaeltrofimov/rfp2404-fec/client/src/components/Reviews/Thumbnail.jsx": {"path":"/Users/michaeltrofimov/rfp2404-fec/client/src/components/Reviews/Thumbnail.jsx","statementMap":{"0":{"start":{"line":4,"column":18},"end":{"line":24,"column":1}},"1":{"start":{"line":6,"column":36},"end":{"line":6,"column":51}},"2":{"start":{"line":8,"column":31},"end":{"line":11,"column":3}},"3":{"start":{"line":9,"column":4},"end":{"line":9,"column":27}},"4":{"start":{"line":10,"column":4},"end":{"line":10,"column":23}},"5":{"start":{"line":13,"column":27},"end":{"line":16,"column":3}},"6":{"start":{"line":14,"column":4},"end":{"line":14,"column":27}},"7":{"start":{"line":15,"column":4},"end":{"line":15,"column":24}},"8":{"start":{"line":18,"column":2},"end":{"line":23,"column":4}}},"fnMap":{"0":{"name":"(anonymous_0)","decl":{"start":{"line":4,"column":18},"end":{"line":4,"column":19}},"loc":{"start":{"line":4,"column":31},"end":{"line":24,"column":1}},"line":4},"1":{"name":"(anonymous_1)","decl":{"start":{"line":8,"column":31},"end":{"line":8,"column":32}},"loc":{"start":{"line":8,"column":42},"end":{"line":11,"column":3}},"line":8},"2":{"name":"(anonymous_2)","decl":{"start":{"line":13,"column":27},"end":{"line":13,"column":28}},"loc":{"start":{"line":13,"column":38},"end":{"line":16,"column":3}},"line":13}},"branchMap":{"0":{"loc":{"start":{"line":21,"column":5},"end":{"line":21,"column":81}},"type":"cond-expr","locations":[{"start":{"line":21,"column":16},"end":{"line":21,"column":74}},{"start":{"line":21,"column":77},"end":{"line":21,"column":81}}],"line":21}},"s":{"0":1,"1":10,"2":10,"3":2,"4":2,"5":10,"6":1,"7":1,"8":10},"f":{"0":10,"1":2,"2":1},"b":{"0":[2,8]},"_coverageSchema":"1a1c01bbd47fc00a2c39e90264f33305004495a9","hash":"334a40a8ab06f9a74a90e8542beee74cfd548178"}
,"/Users/michaeltrofimov/rfp2404-fec/client/src/env/config.js": {"path":"/Users/michaeltrofimov/rfp2404-fec/client/src/env/config.js","statementMap":{"0":{"start":{"line":2,"column":16},"end":{"line":2,"column":58}},"1":{"start":{"line":3,"column":20},"end":{"line":3,"column":28}},"2":{"start":{"line":4,"column":17},"end":{"line":4,"column":79}}},"fnMap":{},"branchMap":{},"s":{"0":3,"1":3,"2":3},"f":{},"b":{},"_coverageSchema":"1a1c01bbd47fc00a2c39e90264f33305004495a9","hash":"f254b77a1d4558bae7bdf0586f4316ce9f574797"}
}
