TN:
SF:client\src\components\Overview\ArrowButton.jsx
FN:3,(anonymous_0)
FNF:1
FNH:0
FNDA:0,(anonymous_0)
DA:3,1
DA:4,0
LF:2
LH:1
BRDA:6,0,0,0
BRDA:6,0,1,0
BRF:2
BRH:0
end_of_record
TN:
SF:client\src\components\Overview\BigImage.jsx
FN:3,(anonymous_0)
FNF:1
FNH:0
FNDA:0,(anonymous_0)
DA:3,1
DA:4,0
LF:2
LH:1
BRDA:6,0,0,0
BRDA:6,0,1,0
BRF:2
BRH:0
end_of_record
TN:
SF:client\src\components\Overview\ImageGallery.jsx
FN:7,(anonymous_0)
FN:12,(anonymous_1)
FN:16,(anonymous_2)
FN:24,(anonymous_3)
FN:28,(anonymous_4)
FN:47,(anonymous_5)
FN:48,(anonymous_6)
FNF:7
FNH:0
FNDA:0,(anonymous_0)
FNDA:0,(anonymous_1)
FNDA:0,(anonymous_2)
FNDA:0,(anonymous_3)
FNDA:0,(anonymous_4)
FNDA:0,(anonymous_5)
FNDA:0,(anonymous_6)
DA:7,1
DA:8,0
DA:9,0
DA:10,0
DA:12,0
DA:13,0
DA:16,0
DA:17,0
DA:18,0
DA:19,0
DA:20,0
DA:24,0
DA:25,0
DA:28,0
DA:29,0
DA:32,0
DA:47,0
DA:48,0
LF:18
LH:1
BRDA:17,0,0,0
BRDA:17,0,1,0
BRDA:17,1,0,0
BRDA:17,1,1,0
BRDA:19,2,0,0
BRDA:19,2,1,0
BRDA:19,3,0,0
BRDA:19,3,1,0
BRDA:47,4,0,0
BRDA:47,4,1,0
BRDA:48,5,0,0
BRDA:48,5,1,0
BRF:12
BRH:0
end_of_record
TN:
SF:client\src\components\Overview\ProductController.js
FN:4,(anonymous_0)
FNF:1
FNH:0
FNDA:0,(anonymous_0)
DA:4,1
DA:5,0
DA:6,0
DA:11,0
DA:13,0
DA:14,0
LF:6
LH:1
BRF:0
BRH:0
end_of_record
TN:
SF:client\src\components\Overview\ProductInfo.jsx
FN:4,(anonymous_0)
FN:36,(anonymous_1)
FNF:2
FNH:2
FNDA:2,(anonymous_0)
FNDA:2,(anonymous_1)
DA:4,1
DA:15,2
DA:17,2
DA:37,2
LF:4
LH:4
BRDA:23,0,0,1
BRDA:23,0,1,1
BRDA:32,1,0,2
BRDA:32,1,1,2
BRDA:34,2,0,2
BRDA:34,2,1,1
BRF:6
BRH:6
end_of_record
TN:
SF:client\src\components\Overview\ProductListController.js
FN:4,(anonymous_0)
FNF:1
FNH:0
FNDA:0,(anonymous_0)
DA:4,1
DA:5,0
DA:6,0
DA:11,0
DA:13,0
DA:14,0
LF:6
LH:1
BRF:0
BRH:0
end_of_record
TN:
SF:client\src\components\Overview\ProductView.jsx
FN:11,(anonymous_0)
FN:20,(anonymous_1)
FN:21,(anonymous_2)
FN:37,(anonymous_3)
FN:39,(anonymous_4)
FN:50,(anonymous_5)
FN:54,(anonymous_6)
FN:56,(anonymous_7)
FN:62,(anonymous_8)
FN:83,(anonymous_9)
FNF:10
FNH:0
FNDA:0,(anonymous_0)
FNDA:0,(anonymous_1)
FNDA:0,(anonymous_2)
FNDA:0,(anonymous_3)
FNDA:0,(anonymous_4)
FNDA:0,(anonymous_5)
FNDA:0,(anonymous_6)
FNDA:0,(anonymous_7)
FNDA:0,(anonymous_8)
FNDA:0,(anonymous_9)
DA:11,1
DA:12,0
DA:13,0
DA:14,0
DA:15,0
DA:16,0
DA:17,0
DA:18,0
DA:20,0
DA:21,0
DA:23,0
DA:24,0
DA:25,0
DA:26,0
DA:27,0
DA:29,0
DA:30,0
DA:31,0
DA:34,0
DA:37,0
DA:38,0
DA:39,0
DA:43,0
DA:44,0
DA:45,0
DA:46,0
DA:50,0
DA:51,0
DA:54,0
DA:55,0
DA:56,0
DA:57,0
DA:58,0
DA:62,0
DA:63,0
DA:66,0
DA:83,0
LF:37
LH:1
BRDA:24,0,0,0
BRDA:24,0,1,0
BRDA:38,1,0,0
BRDA:38,1,1,0
BRDA:57,2,0,0
BRDA:57,2,1,0
BRDA:69,3,0,0
BRDA:69,3,1,0
BRDA:72,4,0,0
BRDA:72,4,1,0
BRDA:74,5,0,0
BRDA:74,5,1,0
BRDA:77,6,0,0
BRDA:77,6,1,0
BRDA:83,7,0,0
BRDA:83,7,1,0
BRF:16
BRH:0
end_of_record
TN:
SF:client\src\components\Overview\QuantitySelector.jsx
FN:3,(anonymous_0)
FN:4,(anonymous_1)
FN:13,(anonymous_2)
FN:13,(anonymous_3)
FNF:4
FNH:4
FNDA:3,(anonymous_0)
FNDA:1,(anonymous_1)
FNDA:10,(anonymous_2)
FNDA:10,(anonymous_3)
DA:3,1
DA:4,3
DA:5,1
DA:8,3
DA:13,10
DA:14,10
LF:6
LH:6
BRDA:12,0,0,1
BRDA:12,0,1,2
BRF:2
BRH:2
end_of_record
TN:
SF:client\src\components\Overview\Share.jsx
FN:3,(anonymous_0)
FN:5,(anonymous_1)
FN:6,(anonymous_2)
FN:7,(anonymous_3)
FNF:4
FNH:4
FNDA:5,(anonymous_0)
FNDA:1,(anonymous_1)
FNDA:1,(anonymous_2)
FNDA:1,(anonymous_3)
DA:3,1
DA:4,5
DA:5,1
DA:6,1
DA:7,1
LF:5
LH:5
BRF:0
BRH:0
end_of_record
TN:
SF:client\src\components\Overview\SizeSelector.jsx
FN:3,(anonymous_0)
FN:4,(anonymous_1)
FN:13,(anonymous_2)
FNF:3
FNH:3
FNDA:2,(anonymous_0)
FNDA:1,(anonymous_1)
FNDA:4,(anonymous_2)
DA:3,1
DA:4,2
DA:5,1
DA:8,2
DA:14,4
LF:5
LH:5
BRDA:15,0,0,4
BRDA:15,0,1,2
BRF:2
BRH:2
end_of_record
TN:
SF:client\src\components\Overview\StyleController.js
FN:4,(anonymous_0)
FNF:1
FNH:0
FNDA:0,(anonymous_0)
DA:4,1
DA:5,0
DA:6,0
DA:11,0
DA:13,0
DA:14,0
LF:6
LH:1
BRF:0
BRH:0
end_of_record
TN:
SF:client\src\components\Overview\StyleSelector.jsx
FN:3,(anonymous_0)
FN:8,(anonymous_1)
FN:12,(anonymous_2)
FNF:3
FNH:2
FNDA:2,(anonymous_0)
FNDA:4,(anonymous_1)
FNDA:0,(anonymous_2)
DA:3,1
DA:4,2
DA:9,4
DA:12,0
LF:4
LH:3
BRDA:11,0,0,2
BRDA:11,0,1,2
BRDA:15,1,0,4
BRDA:15,1,1,2
BRF:4
BRH:4
end_of_record
TN:
SF:client\src\components\Overview\Thumbnails.jsx
FN:3,(anonymous_0)
FN:6,(anonymous_1)
FN:10,(anonymous_2)
FNF:3
FNH:0
FNDA:0,(anonymous_0)
FNDA:0,(anonymous_1)
FNDA:0,(anonymous_2)
DA:3,1
DA:4,0
DA:7,0
DA:10,0
LF:4
LH:1
BRDA:9,0,0,0
BRDA:9,0,1,0
BRF:2
BRH:0
end_of_record
TN:
SF:client\src\components\QA\AddPhoto.jsx
FN:3,AddPhoto
FNF:1
FNH:0
FNDA:0,AddPhoto
DA:4,0
LF:1
LH:0
BRF:0
BRH:0
end_of_record
TN:
SF:client\src\components\QA\AddQuestionForm.jsx
FN:5,AddQuestionForm
FN:13,(anonymous_1)
FN:26,(anonymous_2)
FN:37,(anonymous_3)
FN:39,(anonymous_4)
FNF:5
FNH:0
FNDA:0,AddQuestionForm
FNDA:0,(anonymous_1)
FNDA:0,(anonymous_2)
FNDA:0,(anonymous_3)
FNDA:0,(anonymous_4)
DA:6,0
DA:7,0
DA:12,0
DA:13,0
DA:14,0
DA:15,0
DA:16,0
DA:26,0
DA:27,0
DA:28,0
DA:29,0
DA:38,0
DA:40,0
DA:44,0
LF:14
LH:0
BRF:0
BRH:0
end_of_record
TN:
SF:client\src\components\QA\AddQuestionModal.jsx
FN:3,AddQuestion
FN:6,(anonymous_1)
FN:10,(anonymous_2)
FNF:3
FNH:1
FNDA:3,AddQuestion
FNDA:0,(anonymous_1)
FNDA:0,(anonymous_2)
DA:4,3
DA:6,3
DA:7,0
DA:10,3
DA:11,0
DA:14,3
LF:6
LH:4
BRDA:16,0,0,0
BRDA:16,0,1,3
BRF:2
BRH:1
end_of_record
TN:
SF:client\src\components\QA\Addanswer.jsx
FN:3,Addanswer
FN:6,(anonymous_1)
FN:9,(anonymous_2)
FNF:3
FNH:1
FNDA:3,Addanswer
FNDA:0,(anonymous_1)
FNDA:0,(anonymous_2)
DA:4,3
DA:6,3
DA:7,0
DA:9,3
DA:10,0
DA:12,3
LF:6
LH:4
BRDA:15,0,0,0
BRDA:15,0,1,3
BRF:2
BRH:1
end_of_record
TN:
SF:client\src\components\QA\Answer.jsx
FN:8,Answer
FN:14,(anonymous_1)
FN:19,(anonymous_2)
FN:20,(anonymous_3)
FN:21,(anonymous_4)
FN:25,(anonymous_5)
FN:32,(anonymous_6)
FNF:7
FNH:3
FNDA:3,Answer
FNDA:3,(anonymous_1)
FNDA:0,(anonymous_2)
FNDA:0,(anonymous_3)
FNDA:1,(anonymous_4)
FNDA:0,(anonymous_5)
FNDA:0,(anonymous_6)
DA:9,3
DA:11,3
DA:12,3
DA:13,3
DA:14,3
DA:15,3
DA:20,0
DA:22,1
DA:25,3
DA:26,0
DA:27,0
DA:29,3
DA:34,0
LF:13
LH:9
BRDA:32,0,0,0
BRDA:32,0,1,3
BRDA:36,1,0,0
BRDA:36,1,1,0
BRDA:37,2,0,0
BRDA:37,2,1,0
BRDA:38,3,0,0
BRDA:38,3,1,0
BRDA:53,4,0,3
BRDA:53,4,1,0
BRDA:53,5,0,0
BRDA:53,5,1,0
BRF:12
BRH:2
end_of_record
TN:
SF:client\src\components\QA\AnswerBody.jsx
FN:3,AnswerBody
FNF:1
FNH:1
FNDA:1,AnswerBody
DA:4,1
LF:1
LH:1
BRF:0
BRH:0
end_of_record
TN:
SF:client\src\components\QA\AnswerForm.jsx
FN:5,AnswerForm
FN:15,(anonymous_1)
FN:25,submitAnswer
FN:44,(anonymous_3)
FNF:4
FNH:0
FNDA:0,AnswerForm
FNDA:0,(anonymous_1)
FNDA:0,submitAnswer
FNDA:0,(anonymous_3)
DA:6,0
DA:7,0
DA:8,0
DA:14,0
DA:15,0
DA:16,0
DA:17,0
DA:18,0
DA:26,0
DA:27,0
DA:29,0
DA:44,0
LF:12
LH:0
BRDA:45,0,0,0
BRDA:45,0,1,0
BRF:2
BRH:0
end_of_record
TN:
SF:client\src\components\QA\AnswerList.jsx
FN:7,AnswerList
FN:12,(anonymous_1)
FN:23,(anonymous_2)
FN:26,(anonymous_3)
FN:31,(anonymous_4)
FNF:5
FNH:3
FNDA:10,AnswerList
FNDA:3,(anonymous_1)
FNDA:0,(anonymous_2)
FNDA:0,(anonymous_3)
FNDA:2,(anonymous_4)
DA:8,10
DA:9,10
DA:10,10
DA:11,10
DA:12,10
DA:13,3
DA:14,2
DA:15,2
DA:17,1
DA:18,1
DA:20,3
DA:24,0
DA:27,0
DA:31,10
DA:32,2
DA:44,10
LF:16
LH:14
BRDA:13,0,0,2
BRDA:13,0,1,1
BRDA:45,1,0,1
BRDA:45,1,1,9
BRDA:55,2,0,1
BRDA:55,2,1,9
BRF:6
BRH:6
end_of_record
TN:
SF:client\src\components\QA\AnswerModal.jsx
FN:3,AnswerModal
FNF:1
FNH:0
FNDA:0,AnswerModal
DA:4,0
DA:5,0
LF:2
LH:0
BRF:0
BRH:0
end_of_record
TN:
SF:client\src\components\QA\Photo.jsx
FN:3,Photo
FN:5,(anonymous_1)
FN:14,(anonymous_2)
FNF:3
FNH:2
FNDA:2,Photo
FNDA:0,(anonymous_1)
FNDA:2,(anonymous_2)
DA:5,2
DA:9,2
DA:16,2
LF:3
LH:3
BRDA:10,0,0,2
BRDA:10,0,1,0
BRF:2
BRH:1
end_of_record
TN:
SF:client\src\components\QA\Question.jsx
FN:4,Question
FN:8,(anonymous_1)
FN:20,(anonymous_2)
FN:23,(anonymous_3)
FNF:4
FNH:1
FNDA:3,Question
FNDA:0,(anonymous_1)
FNDA:0,(anonymous_2)
FNDA:0,(anonymous_3)
DA:5,3
DA:6,3
DA:7,3
DA:8,3
DA:9,0
DA:10,0
DA:11,0
DA:12,0
DA:14,0
DA:15,0
DA:17,0
DA:21,0
DA:24,0
DA:27,3
LF:14
LH:5
BRDA:10,0,0,0
BRDA:10,0,1,0
BRF:2
BRH:0
end_of_record
TN:
SF:client\src\components\QA\QuestionFormModal.jsx
FN:4,QuestionFormModal
FN:7,(anonymous_1)
FN:8,handleClickOutside
FN:16,(anonymous_3)
FNF:4
FNH:0
FNDA:0,QuestionFormModal
FNDA:0,(anonymous_1)
FNDA:0,handleClickOutside
FNDA:0,(anonymous_3)
DA:5,0
DA:6,0
DA:7,0
DA:9,0
DA:10,0
DA:15,0
DA:16,0
DA:18,0
DA:22,0
LF:9
LH:0
BRDA:9,0,0,0
BRDA:9,0,1,0
BRDA:9,1,0,0
BRDA:9,1,1,0
BRF:4
BRH:0
end_of_record
TN:
SF:client\src\components\QA\QuestionList.jsx
FN:8,(anonymous_0)
FN:14,(anonymous_1)
FN:21,(anonymous_2)
FN:24,(anonymous_3)
FN:30,(anonymous_4)
FN:38,(anonymous_5)
FN:50,(anonymous_6)
FNF:7
FNH:4
FNDA:3,(anonymous_0)
FNDA:2,(anonymous_1)
FNDA:2,(anonymous_2)
FNDA:0,(anonymous_3)
FNDA:0,(anonymous_4)
FNDA:2,(anonymous_5)
FNDA:0,(anonymous_6)
DA:8,1
DA:9,3
DA:10,3
DA:11,3
DA:12,3
DA:13,3
DA:14,3
DA:15,2
DA:22,2
DA:25,0
DA:30,3
DA:32,3
DA:40,2
DA:50,0
LF:14
LH:12
BRDA:30,0,0,0
BRDA:30,0,1,3
BRDA:30,1,0,3
BRDA:30,1,1,0
BRDA:38,2,0,0
BRDA:38,2,1,3
BRDA:50,3,0,1
BRDA:50,3,1,2
BRDA:50,4,0,0
BRDA:50,4,1,1
BRF:10
BRH:6
end_of_record
TN:
SF:client\src\components\QA\Search.jsx
FN:3,Search
FN:5,handleChange
FNF:2
FNH:1
FNDA:4,Search
FNDA:0,handleChange
DA:4,4
DA:6,0
DA:7,0
DA:13,4
LF:4
LH:2
BRF:0
BRH:0
end_of_record
TN:
SF:client\src\components\Reviews\CreatedAt.jsx
FN:3,(anonymous_0)
FNF:1
FNH:1
FNDA:12,(anonymous_0)
DA:3,2
DA:4,12
DA:5,12
DA:6,12
DA:7,12
DA:8,12
DA:9,12
DA:11,12
LF:8
LH:8
BRF:0
BRH:0
end_of_record
TN:
SF:client\src\components\Reviews\Factor.jsx
FN:4,(anonymous_0)
FN:33,(anonymous_1)
FNF:2
FNH:2
FNDA:3,(anonymous_0)
FNDA:9,(anonymous_1)
DA:4,1
DA:6,3
DA:15,3
DA:18,3
DA:33,9
LF:5
LH:5
BRF:0
BRH:0
end_of_record
TN:
SF:client\src\components\Reviews\FactorsList.jsx
FN:4,(anonymous_0)
FN:14,(anonymous_1)
FNF:2
FNH:1
FNDA:4,(anonymous_0)
FNDA:0,(anonymous_1)
DA:4,1
DA:5,4
DA:6,0
DA:9,4
DA:12,4
DA:15,0
LF:6
LH:4
BRDA:5,0,0,0
BRDA:5,0,1,4
BRF:2
BRH:1
end_of_record
TN:
SF:client\src\components\Reviews\Helpfulness.jsx
FN:5,(anonymous_0)
FN:7,(anonymous_1)
FN:10,(anonymous_2)
FN:13,(anonymous_3)
FN:18,(anonymous_4)
FN:21,(anonymous_5)
FN:24,(anonymous_6)
FNF:7
FNH:2
FNDA:1,(anonymous_0)
FNDA:1,(anonymous_1)
FNDA:0,(anonymous_2)
FNDA:0,(anonymous_3)
FNDA:0,(anonymous_4)
FNDA:0,(anonymous_5)
FNDA:0,(anonymous_6)
DA:5,1
DA:7,1
DA:8,1
DA:9,1
DA:11,0
DA:14,0
DA:18,1
DA:19,0
DA:20,0
DA:22,0
DA:25,0
DA:29,1
LF:12
LH:6
BRF:0
BRH:0
end_of_record
TN:
SF:client\src\components\Reviews\InvertedTriangle.jsx
FN:3,(anonymous_0)
FNF:1
FNH:1
FNDA:3,(anonymous_0)
DA:3,1
DA:4,3
LF:2
LH:2
BRF:0
BRH:0
end_of_record
TN:
SF:client\src\components\Reviews\Modal.jsx
FN:3,(anonymous_0)
FNF:1
FNH:1
FNDA:2,(anonymous_0)
DA:3,2
DA:5,2
LF:2
LH:2
BRF:0
BRH:0
end_of_record
TN:
SF:client\src\components\Reviews\RatingBars.jsx
FN:4,(anonymous_0)
FN:29,(anonymous_1)
FN:37,(anonymous_2)
FN:45,(anonymous_3)
FN:53,(anonymous_4)
FN:62,(anonymous_5)
FNF:6
FNH:1
FNDA:4,(anonymous_0)
FNDA:0,(anonymous_1)
FNDA:0,(anonymous_2)
FNDA:0,(anonymous_3)
FNDA:0,(anonymous_4)
FNDA:0,(anonymous_5)
DA:4,1
DA:6,4
DA:7,4
DA:10,4
DA:11,4
DA:14,4
DA:15,4
DA:18,4
DA:19,4
DA:22,4
DA:23,4
DA:26,4
DA:29,0
DA:37,0
DA:45,0
DA:53,0
DA:62,0
LF:17
LH:12
BRDA:6,0,0,4
BRDA:6,0,1,4
BRDA:10,1,0,4
BRDA:10,1,1,0
BRDA:14,2,0,4
BRDA:14,2,1,0
BRDA:18,3,0,4
BRDA:18,3,1,0
BRDA:22,4,0,4
BRDA:22,4,1,0
BRF:10
BRH:6
end_of_record
TN:
SF:client\src\components\Reviews\RatingBreakdown.jsx
FN:5,(anonymous_0)
FN:43,(anonymous_1)
FNF:2
FNH:2
FNDA:3,(anonymous_0)
FNDA:6,(anonymous_1)
DA:5,1
DA:7,3
DA:8,3
DA:10,3
DA:11,3
DA:12,3
DA:13,3
DA:14,12
DA:15,12
DA:18,3
DA:19,3
DA:20,3
DA:22,3
DA:25,3
DA:43,6
LF:15
LH:15
BRDA:10,0,0,3
BRDA:10,0,1,0
BRDA:22,1,0,3
BRDA:22,1,1,0
BRDA:27,2,0,3
BRDA:27,2,1,0
BRDA:39,3,0,3
BRDA:39,3,1,0
BRF:8
BRH:4
end_of_record
TN:
SF:client\src\components\Reviews\Recommend.jsx
FN:3,(anonymous_0)
FNF:1
FNH:1
FNDA:2,(anonymous_0)
DA:3,1
DA:5,2
LF:2
LH:2
BRDA:7,0,0,1
BRDA:7,0,1,1
BRF:2
BRH:2
end_of_record
TN:
SF:client\src\components\Reviews\Response.jsx
FN:3,(anonymous_0)
FNF:1
FNH:1
FNDA:2,(anonymous_0)
DA:3,1
DA:5,2
LF:2
LH:2
BRDA:8,0,0,1
BRDA:8,0,1,1
BRF:2
BRH:2
end_of_record
TN:
SF:client\src\components\Reviews\ReviewBody.jsx
FN:4,(anonymous_0)
FN:9,(anonymous_1)
FN:13,(anonymous_2)
FN:18,(anonymous_3)
FN:41,(anonymous_4)
FNF:5
FNH:4
FNDA:7,(anonymous_0)
FNDA:8,(anonymous_1)
FNDA:1,(anonymous_2)
FNDA:0,(anonymous_3)
FNDA:7,(anonymous_4)
DA:4,1
DA:5,7
DA:6,7
DA:9,1
DA:11,8
DA:13,8
DA:14,1
DA:15,1
DA:18,8
DA:19,0
DA:20,0
DA:23,8
DA:41,7
LF:13
LH:11
BRDA:26,0,0,5
BRDA:26,0,1,3
BRDA:28,1,0,1
BRDA:28,1,1,2
BRDA:40,2,0,7
BRDA:40,2,1,1
BRDA:41,3,0,7
BRDA:41,3,1,0
BRF:8
BRH:7
end_of_record
TN:
SF:client\src\components\Reviews\ReviewSummary.jsx
FN:3,(anonymous_0)
FNF:1
FNH:1
FNDA:1,(anonymous_0)
DA:3,1
DA:5,1
LF:2
LH:2
BRF:0
BRH:0
end_of_record
TN:
SF:client\src\components\Reviews\Sort.jsx
FN:3,(anonymous_0)
FN:5,(anonymous_1)
FNF:2
FNH:2
FNDA:2,(anonymous_0)
FNDA:1,(anonymous_1)
DA:3,1
DA:5,2
DA:6,1
DA:7,1
DA:10,2
LF:5
LH:5
BRF:0
BRH:0
end_of_record
TN:
SF:client\src\components\Reviews\StarGenerator.jsx
FN:3,(anonymous_0)
FNF:1
FNH:1
FNDA:35,(anonymous_0)
DA:3,1
DA:5,35
LF:2
LH:2
BRDA:7,0,0,15
BRDA:7,0,1,20
BRDA:21,1,0,14
BRDA:21,1,1,21
BRDA:35,2,0,1
BRDA:35,2,1,34
BRDA:35,3,0,35
BRDA:35,3,1,20
BRDA:48,4,0,1
BRDA:48,4,1,34
BRDA:48,5,0,35
BRDA:48,5,1,21
BRDA:62,6,0,4
BRDA:62,6,1,31
BRDA:62,7,0,35
BRDA:62,7,1,19
BRF:16
BRH:16
end_of_record
TN:
SF:client\src\components\Reviews\StarRating.jsx
FN:4,(anonymous_0)
FN:20,(anonymous_1)
FNF:2
FNH:2
FNDA:7,(anonymous_0)
FNDA:35,(anonymous_1)
DA:4,1
DA:6,7
DA:7,7
DA:8,7
DA:9,15
DA:11,7
DA:12,7
DA:14,7
DA:15,13
DA:18,7
DA:20,35
LF:11
LH:11
BRDA:11,0,0,7
BRDA:11,0,1,0
BRF:2
BRH:1
end_of_record
TN:
SF:client\src\components\Reviews\Thumbnail.jsx
FN:4,(anonymous_0)
FN:8,(anonymous_1)
FN:13,(anonymous_2)
FNF:3
FNH:3
FNDA:12,(anonymous_0)
FNDA:2,(anonymous_1)
FNDA:1,(anonymous_2)
DA:4,2
DA:6,12
DA:8,12
DA:9,2
DA:10,2
DA:13,12
DA:14,1
DA:15,1
DA:18,12
LF:9
LH:9
BRDA:21,0,0,2
BRDA:21,0,1,10
BRF:2
BRH:2
end_of_record
TN:
SF:client\src\env\config.js
FNF:0
FNH:0
DA:1,3
DA:2,3
DA:3,3
LF:3
LH:3
BRF:0
BRH:0
end_of_record
