TN:
SF:client/src/components/Overview/ArrowButton.jsx
FN:3,(anonymous_0)
FNF:1
FNH:1
FNDA:20,(anonymous_0)
DA:3,1
DA:4,20
LF:2
LH:2
BRDA:6,0,0,5
BRDA:6,0,1,15
BRF:2
BRH:2
end_of_record
TN:
SF:client/src/components/Overview/BigImage.jsx
FN:3,(anonymous_0)
FNF:1
FNH:1
FNDA:17,(anonymous_0)
DA:3,1
DA:4,17
LF:2
LH:2
BRDA:6,0,0,0
BRDA:6,0,1,17
BRF:2
BRH:1
end_of_record
TN:
SF:client/src/components/Overview/ExpandedImage.jsx
FN:4,(anonymous_0)
FN:7,(anonymous_1)
FN:19,(anonymous_2)
FN:22,(anonymous_3)
FN:26,(anonymous_4)
FN:39,(anonymous_5)
FN:40,(anonymous_6)
FNF:7
FNH:3
FNDA:4,(anonymous_0)
FNDA:0,(anonymous_1)
FNDA:3,(anonymous_2)
FNDA:9,(anonymous_3)
FNDA:0,(anonymous_4)
FNDA:0,(anonymous_5)
FNDA:0,(anonymous_6)
DA:4,1
DA:5,4
DA:7,4
DA:8,0
DA:9,0
DA:10,0
DA:12,0
DA:19,4
DA:20,3
DA:23,9
DA:26,0
DA:34,4
DA:39,0
DA:40,0
LF:14
LH:7
BRDA:8,0,0,0
BRDA:8,0,1,0
BRDA:25,1,0,3
BRDA:25,1,1,6
BRDA:37,2,0,4
BRDA:37,2,1,3
BRDA:39,3,0,3
BRDA:39,3,1,0
BRDA:40,4,0,3
BRDA:40,4,1,3
BRDA:44,5,0,1
BRDA:44,5,1,3
BRDA:52,6,0,4
BRDA:52,6,1,3
BRF:14
BRH:11
end_of_record
TN:
SF:client/src/components/Overview/ImageGallery.jsx
FN:7,(anonymous_0)
FN:12,(anonymous_1)
FN:16,(anonymous_2)
FN:24,(anonymous_3)
FN:28,(anonymous_4)
FN:48,(anonymous_5)
FN:49,(anonymous_6)
FNF:7
FNH:7
FNDA:21,(anonymous_0)
FNDA:1,(anonymous_1)
FNDA:4,(anonymous_2)
FNDA:4,(anonymous_3)
FNDA:1,(anonymous_4)
FNDA:1,(anonymous_5)
FNDA:3,(anonymous_6)
DA:7,1
DA:8,21
DA:9,21
DA:10,21
DA:12,21
DA:13,1
DA:16,21
DA:17,4
DA:18,1
DA:19,3
DA:20,3
DA:24,21
DA:25,4
DA:28,21
DA:29,1
DA:32,21
DA:48,1
DA:49,3
LF:18
LH:18
BRDA:17,0,0,1
BRDA:17,0,1,3
BRDA:17,1,0,4
BRDA:17,1,1,1
BRDA:19,2,0,3
BRDA:19,2,1,0
BRDA:19,3,0,3
BRDA:19,3,1,3
BRDA:34,4,0,17
BRDA:34,4,1,4
BRDA:48,5,0,17
BRDA:48,5,1,5
BRDA:49,6,0,17
BRDA:49,6,1,12
BRF:14
BRH:13
end_of_record
TN:
SF:client/src/components/Overview/ProductInfo.jsx
FN:8,(anonymous_0)
FN:24,(anonymous_1)
FN:26,(anonymous_2)
FN:29,(anonymous_3)
FN:66,(anonymous_4)
FNF:5
FNH:4
FNDA:6,(anonymous_0)
FNDA:4,(anonymous_1)
FNDA:0,(anonymous_2)
FNDA:3,(anonymous_3)
FNDA:10,(anonymous_4)
DA:8,1
DA:19,6
DA:20,6
DA:22,6
DA:24,6
DA:25,4
DA:27,0
DA:30,3
DA:34,6
DA:35,0
DA:36,0
DA:37,0
DA:38,0
DA:39,0
DA:42,0
DA:43,0
DA:46,6
DA:67,10
LF:18
LH:10
BRDA:34,0,0,0
BRDA:34,0,1,6
BRDA:43,1,0,0
BRDA:43,1,1,0
BRDA:53,2,0,5
BRDA:53,2,1,1
BRDA:62,3,0,6
BRDA:62,3,1,6
BRDA:64,4,0,6
BRDA:64,4,1,5
BRF:10
BRH:7
end_of_record
TN:
SF:client/src/components/Overview/ProductListController.js
FN:4,(anonymous_0)
FNF:1
FNH:1
FNDA:4,(anonymous_0)
DA:4,1
DA:5,4
DA:6,4
DA:11,2
DA:13,0
DA:14,0
LF:6
LH:4
BRF:0
BRH:0
end_of_record
TN:
SF:client/src/components/Overview/ProductView.jsx
FN:11,(anonymous_0)
FN:20,(anonymous_1)
FN:21,(anonymous_2)
FN:37,(anonymous_3)
FN:39,(anonymous_4)
FN:50,(anonymous_5)
FN:55,(anonymous_6)
FN:57,(anonymous_7)
FN:63,(anonymous_8)
FN:86,(anonymous_9)
FNF:10
FNH:5
FNDA:8,(anonymous_0)
FNDA:4,(anonymous_1)
FNDA:4,(anonymous_2)
FNDA:6,(anonymous_3)
FNDA:2,(anonymous_4)
FNDA:0,(anonymous_5)
FNDA:0,(anonymous_6)
FNDA:0,(anonymous_7)
FNDA:0,(anonymous_8)
FNDA:0,(anonymous_9)
DA:11,1
DA:12,8
DA:13,8
DA:14,8
DA:15,8
DA:16,8
DA:17,8
DA:18,8
DA:20,8
DA:21,4
DA:23,4
DA:24,2
DA:25,2
DA:26,2
DA:27,2
DA:29,2
DA:30,2
DA:31,2
DA:34,4
DA:37,8
DA:38,6
DA:39,2
DA:43,2
DA:44,2
DA:45,2
DA:46,2
DA:50,8
DA:51,0
DA:52,0
DA:55,8
DA:56,0
DA:57,0
DA:58,0
DA:59,0
DA:63,8
DA:64,0
DA:67,8
DA:86,0
LF:38
LH:30
BRDA:24,0,0,2
BRDA:24,0,1,0
BRDA:38,1,0,2
BRDA:38,1,1,4
BRDA:58,2,0,0
BRDA:58,2,1,0
BRDA:70,3,0,8
BRDA:70,3,1,4
BRDA:73,4,0,8
BRDA:73,4,1,4
BRDA:77,5,0,8
BRDA:77,5,1,4
BRDA:81,6,0,8
BRDA:81,6,1,2
BRDA:86,7,0,8
BRDA:86,7,1,0
BRF:16
BRH:12
end_of_record
TN:
SF:client/src/components/Overview/QuantitySelector.jsx
FN:3,(anonymous_0)
FN:4,(anonymous_1)
FN:12,(anonymous_2)
FN:12,(anonymous_3)
FNF:4
FNH:4
FNDA:11,(anonymous_0)
FNDA:1,(anonymous_1)
FNDA:10,(anonymous_2)
FNDA:10,(anonymous_3)
DA:3,1
DA:4,11
DA:5,1
DA:8,11
DA:12,10
DA:13,10
LF:6
LH:6
BRDA:11,0,0,9
BRDA:11,0,1,2
BRF:2
BRH:2
end_of_record
TN:
SF:client/src/components/Overview/Share.jsx
FN:3,(anonymous_0)
FN:5,(anonymous_1)
FN:6,(anonymous_2)
FN:7,(anonymous_3)
FNF:4
FNH:4
FNDA:9,(anonymous_0)
FNDA:1,(anonymous_1)
FNDA:1,(anonymous_2)
FNDA:1,(anonymous_3)
DA:3,1
DA:4,9
DA:5,1
DA:6,1
DA:7,1
LF:5
LH:5
BRF:0
BRH:0
end_of_record
TN:
SF:client/src/components/Overview/SizeSelector.jsx
FN:3,(anonymous_0)
FN:4,(anonymous_1)
FN:12,(anonymous_2)
FNF:3
FNH:3
FNDA:4,(anonymous_0)
FNDA:1,(anonymous_1)
FNDA:6,(anonymous_2)
DA:3,1
DA:4,4
DA:5,1
DA:8,4
DA:13,6
LF:5
LH:5
BRDA:14,0,0,6
BRDA:14,0,1,2
BRF:2
BRH:2
end_of_record
TN:
SF:client/src/components/Overview/StyleSelector.jsx
FN:3,(anonymous_0)
FN:12,(anonymous_1)
FN:14,(anonymous_2)
FN:18,(anonymous_3)
FNF:4
FNH:3
FNDA:4,(anonymous_0)
FNDA:4,(anonymous_1)
FNDA:8,(anonymous_2)
FNDA:0,(anonymous_3)
DA:3,1
DA:5,4
DA:6,4
DA:7,4
DA:10,4
DA:13,4
DA:15,8
DA:18,0
LF:8
LH:7
BRDA:17,0,0,4
BRDA:17,0,1,4
BRF:2
BRH:2
end_of_record
TN:
SF:client/src/components/Overview/Thumbnails.jsx
FN:3,(anonymous_0)
FN:6,(anonymous_1)
FN:10,(anonymous_2)
FNF:3
FNH:3
FNDA:17,(anonymous_0)
FNDA:43,(anonymous_1)
FNDA:1,(anonymous_2)
DA:3,1
DA:4,17
DA:7,43
DA:10,1
LF:4
LH:4
BRDA:9,0,0,17
BRDA:9,0,1,26
BRF:2
BRH:2
end_of_record
TN:
SF:client/src/components/QA/Answer.jsx
FN:6,Answer
FN:10,(anonymous_1)
FN:15,(anonymous_2)
FN:17,(anonymous_3)
FN:25,(anonymous_4)
FNF:5
FNH:2
FNDA:1,Answer
FNDA:1,(anonymous_1)
FNDA:0,(anonymous_2)
FNDA:0,(anonymous_3)
FNDA:0,(anonymous_4)
DA:7,1
DA:8,1
DA:9,1
DA:10,1
DA:11,1
DA:16,0
DA:18,0
DA:22,1
DA:26,0
LF:9
LH:6
BRF:0
BRH:0
end_of_record
TN:
SF:client/src/components/QA/Photo.jsx
FN:3,Phooto
FN:9,(anonymous_1)
FNF:2
FNH:2
FNDA:2,Phooto
FNDA:2,(anonymous_1)
DA:4,2
DA:11,2
LF:2
LH:2
BRDA:5,0,0,2
BRDA:5,0,1,0
BRF:2
BRH:1
end_of_record
TN:
SF:client/src/components/QA/Question.jsx
FN:3,Question
FNF:1
FNH:1
FNDA:1,Question
DA:4,1
LF:1
LH:1
BRF:0
BRH:0
end_of_record
TN:
SF:client/src/components/QA/QuestionList.jsx
FN:8,(anonymous_0)
FN:12,(anonymous_1)
FN:19,(anonymous_2)
FN:22,(anonymous_3)
FN:29,(anonymous_4)
FN:37,(anonymous_5)
FNF:6
FNH:2
FNDA:1,(anonymous_0)
FNDA:1,(anonymous_1)
FNDA:0,(anonymous_2)
FNDA:0,(anonymous_3)
FNDA:0,(anonymous_4)
FNDA:0,(anonymous_5)
DA:8,1
DA:9,1
DA:10,1
DA:11,1
DA:12,1
DA:13,1
DA:20,0
DA:23,0
DA:27,1
DA:29,1
DA:33,1
DA:39,0
LF:12
LH:9
BRDA:29,0,0,0
BRDA:29,0,1,1
BRF:2
BRH:1
end_of_record
TN:
SF:client/src/components/QA/Search.jsx
FN:4,Search
FN:6,handleChange
FN:12,handleSubmit
FNF:3
FNH:2
FNDA:4,Search
FNDA:1,handleChange
FNDA:0,handleSubmit
DA:5,4
DA:8,1
DA:13,0
DA:14,0
DA:15,0
DA:19,4
LF:6
LH:3
BRF:0
BRH:0
end_of_record
TN:
SF:client/src/components/Reviews/CreatedAt.jsx
FN:3,(anonymous_0)
FNF:1
FNH:1
FNDA:2,(anonymous_0)
DA:3,2
DA:4,2
DA:5,2
DA:6,2
DA:7,2
DA:8,2
DA:9,2
DA:11,2
LF:8
LH:8
BRF:0
BRH:0
end_of_record
TN:
SF:client/src/components/Reviews/Factor.jsx
FN:4,(anonymous_0)
FN:33,(anonymous_1)
FNF:2
FNH:2
FNDA:3,(anonymous_0)
FNDA:9,(anonymous_1)
DA:4,1
DA:6,3
DA:15,3
DA:18,3
DA:33,9
LF:5
LH:5
BRF:0
BRH:0
end_of_record
TN:
SF:client/src/components/Reviews/FactorsList.jsx
FN:4,(anonymous_0)
FN:14,(anonymous_1)
FNF:2
FNH:1
FNDA:4,(anonymous_0)
FNDA:0,(anonymous_1)
DA:4,1
DA:5,4
DA:6,0
DA:9,4
DA:12,4
DA:15,0
LF:6
LH:4
BRDA:5,0,0,0
BRDA:5,0,1,4
BRF:2
BRH:1
end_of_record
TN:
SF:client/src/components/Reviews/Helpfulness.jsx
FN:5,(anonymous_0)
FN:7,(anonymous_1)
FN:10,(anonymous_2)
FN:13,(anonymous_3)
FN:18,(anonymous_4)
FN:21,(anonymous_5)
FN:24,(anonymous_6)
FNF:7
FNH:2
FNDA:1,(anonymous_0)
FNDA:1,(anonymous_1)
FNDA:0,(anonymous_2)
FNDA:0,(anonymous_3)
FNDA:0,(anonymous_4)
FNDA:0,(anonymous_5)
FNDA:0,(anonymous_6)
DA:5,1
DA:7,1
DA:8,1
DA:9,1
DA:11,0
DA:14,0
DA:18,1
DA:19,0
DA:20,0
DA:22,0
DA:25,0
DA:29,1
LF:12
LH:6
BRF:0
BRH:0
end_of_record
TN:
SF:client/src/components/Reviews/InvertedTriangle.jsx
FN:3,(anonymous_0)
FNF:1
FNH:1
FNDA:3,(anonymous_0)
DA:3,1
DA:4,3
LF:2
LH:2
BRF:0
BRH:0
end_of_record
TN:
SF:client/src/components/Reviews/Modal.jsx
FN:3,(anonymous_0)
FNF:1
FNH:1
FNDA:2,(anonymous_0)
DA:3,1
DA:5,2
LF:2
LH:2
BRF:0
BRH:0
end_of_record
TN:
SF:client/src/components/Reviews/RatingBars.jsx
FN:4,(anonymous_0)
FN:29,(anonymous_1)
FN:37,(anonymous_2)
FN:45,(anonymous_3)
FN:53,(anonymous_4)
FN:62,(anonymous_5)
FNF:6
FNH:1
FNDA:4,(anonymous_0)
FNDA:0,(anonymous_1)
FNDA:0,(anonymous_2)
FNDA:0,(anonymous_3)
FNDA:0,(anonymous_4)
FNDA:0,(anonymous_5)
DA:4,1
DA:6,4
DA:7,4
DA:10,4
DA:11,4
DA:14,4
DA:15,4
DA:18,4
DA:19,4
DA:22,4
DA:23,4
DA:26,4
DA:29,0
DA:37,0
DA:45,0
DA:53,0
DA:62,0
LF:17
LH:12
BRDA:6,0,0,4
BRDA:6,0,1,4
BRDA:10,1,0,4
BRDA:10,1,1,0
BRDA:14,2,0,4
BRDA:14,2,1,0
BRDA:18,3,0,4
BRDA:18,3,1,0
BRDA:22,4,0,4
BRDA:22,4,1,0
BRF:10
BRH:6
end_of_record
TN:
SF:client/src/components/Reviews/RatingBreakdown.jsx
FN:5,(anonymous_0)
FN:43,(anonymous_1)
FNF:2
FNH:2
FNDA:3,(anonymous_0)
FNDA:6,(anonymous_1)
DA:5,1
DA:7,3
DA:8,3
DA:10,3
DA:11,3
DA:12,3
DA:13,3
DA:14,12
DA:15,12
DA:18,3
DA:19,3
DA:20,3
DA:22,3
DA:25,3
DA:43,6
LF:15
LH:15
BRDA:10,0,0,3
BRDA:10,0,1,0
BRDA:22,1,0,3
BRDA:22,1,1,0
BRDA:27,2,0,3
BRDA:27,2,1,0
BRDA:39,3,0,3
BRDA:39,3,1,0
BRF:8
BRH:4
end_of_record
TN:
SF:client/src/components/Reviews/Recommend.jsx
FN:3,(anonymous_0)
FNF:1
FNH:1
FNDA:2,(anonymous_0)
DA:3,1
DA:5,2
LF:2
LH:2
BRDA:7,0,0,1
BRDA:7,0,1,1
BRF:2
BRH:2
end_of_record
TN:
SF:client/src/components/Reviews/Response.jsx
FN:3,(anonymous_0)
FNF:1
FNH:1
FNDA:2,(anonymous_0)
DA:3,1
DA:5,2
LF:2
LH:2
BRDA:8,0,0,1
BRDA:8,0,1,1
BRF:2
BRH:2
end_of_record
TN:
SF:client/src/components/Reviews/ReviewBody.jsx
FN:4,(anonymous_0)
FN:9,(anonymous_1)
FN:13,(anonymous_2)
FN:18,(anonymous_3)
FN:41,(anonymous_4)
FNF:5
FNH:4
FNDA:7,(anonymous_0)
FNDA:8,(anonymous_1)
FNDA:1,(anonymous_2)
FNDA:0,(anonymous_3)
FNDA:7,(anonymous_4)
DA:4,1
DA:5,7
DA:6,7
DA:9,1
DA:11,8
DA:13,8
DA:14,1
DA:15,1
DA:18,8
DA:19,0
DA:20,0
DA:23,8
DA:41,7
LF:13
LH:11
BRDA:26,0,0,5
BRDA:26,0,1,3
BRDA:28,1,0,1
BRDA:28,1,1,2
BRDA:40,2,0,7
BRDA:40,2,1,1
BRDA:41,3,0,7
BRDA:41,3,1,0
BRF:8
BRH:7
end_of_record
TN:
SF:client/src/components/Reviews/ReviewSummary.jsx
FN:3,(anonymous_0)
FNF:1
FNH:1
FNDA:1,(anonymous_0)
DA:3,1
DA:5,1
LF:2
LH:2
BRF:0
BRH:0
end_of_record
TN:
SF:client/src/components/Reviews/Sort.jsx
FN:3,(anonymous_0)
FN:5,(anonymous_1)
FNF:2
FNH:2
FNDA:2,(anonymous_0)
FNDA:1,(anonymous_1)
DA:3,1
DA:5,2
DA:6,1
DA:7,1
DA:10,2
LF:5
LH:5
BRF:0
BRH:0
end_of_record
TN:
SF:client/src/components/Reviews/StarGenerator.jsx
FN:3,(anonymous_0)
FNF:1
FNH:1
FNDA:65,(anonymous_0)
DA:3,2
DA:5,65
LF:2
LH:2
BRDA:7,0,0,15
BRDA:7,0,1,50
BRDA:21,1,0,44
BRDA:21,1,1,21
BRDA:35,2,0,1
BRDA:35,2,1,64
BRDA:35,3,0,65
BRDA:35,3,1,20
BRDA:48,4,0,1
BRDA:48,4,1,64
BRDA:48,5,0,65
BRDA:48,5,1,21
BRDA:62,6,0,4
BRDA:62,6,1,61
BRDA:62,7,0,65
BRDA:62,7,1,19
BRF:16
BRH:16
end_of_record
TN:
SF:client/src/components/Reviews/StarRating.jsx
FN:4,(anonymous_0)
FN:20,(anonymous_1)
FNF:2
FNH:2
FNDA:13,(anonymous_0)
FNDA:65,(anonymous_1)
DA:4,2
DA:6,13
DA:7,13
DA:8,13
DA:9,15
DA:11,13
DA:12,7
DA:14,13
DA:15,43
DA:18,13
DA:20,65
LF:11
LH:11
BRDA:11,0,0,7
BRDA:11,0,1,6
BRF:2
BRH:2
end_of_record
TN:
SF:client/src/components/Reviews/Thumbnail.jsx
FN:4,(anonymous_0)
FN:8,(anonymous_1)
FN:13,(anonymous_2)
FNF:3
FNH:3
FNDA:10,(anonymous_0)
FNDA:2,(anonymous_1)
FNDA:1,(anonymous_2)
DA:4,1
DA:6,10
DA:8,10
DA:9,2
DA:10,2
DA:13,10
DA:14,1
DA:15,1
DA:18,10
LF:9
LH:9
BRDA:21,0,0,2
BRDA:21,0,1,8
BRF:2
BRH:2
end_of_record
TN:
SF:client/src/env/config.js
FNF:0
FNH:0
DA:2,3
DA:3,3
DA:4,3
LF:3
LH:3
BRF:0
BRH:0
end_of_record
